2026-03-29 06:07:49 [scrapy.utils.log] INFO: Scrapy 2.14.2 started (bot: youm7_scrape)
2026-03-29 06:07:50 [scrapy.utils.log] INFO: Versions:
{'lxml': '6.0.2',
 'libxml2': '2.11.9',
 'cssselect': '1.4.0',
 'parsel': '1.11.0',
 'w3lib': '2.4.0',
 'Twisted': '25.5.0',
 'Python': '3.10.11 (tags/v3.10.11:7d4cc5a, Apr  5 2023, 00:38:17) [MSC v.1929 '
           '64 bit (AMD64)]',
 'pyOpenSSL': '26.0.0 (OpenSSL 3.5.5 27 Jan 2026)',
 'cryptography': '46.0.5',
 'Platform': 'Windows-10-10.0.22631-SP0'}
2026-03-29 06:07:50 [jsonl_downloader] INFO: Spider initialized for category: فن
2026-03-29 06:07:50 [scrapy.addons] INFO: Enabled addons:
[]
2026-03-29 06:07:50 [scrapy.extensions.telnet] INFO: Telnet Password: 46a323b6870ff280
2026-03-29 06:07:50 [scrapy.middleware] INFO: Enabled extensions:
['scrapy.extensions.corestats.CoreStats',
 'scrapy.extensions.logcount.LogCount',
 'scrapy.extensions.telnet.TelnetConsole',
 'scrapy.extensions.feedexport.FeedExporter',
 'scrapy.extensions.logstats.LogStats']
2026-03-29 06:07:50 [scrapy.crawler] INFO: Overridden settings:
{'BOT_NAME': 'youm7_scrape',
 'CONCURRENT_REQUESTS': 40,
 'CONCURRENT_REQUESTS_PER_DOMAIN': 40,
 'COOKIES_ENABLED': False,
 'DOWNLOAD_TIMEOUT': 45,
 'FEED_EXPORT_ENCODING': 'utf-8',
 'LOG_FILE': 'G:\\coding\\python\\web_scraping\\Youm7\\youm7_scrape\\data\\raw\\logs\\art.log',
 'LOG_LEVEL': 'INFO',
 'NEWSPIDER_MODULE': 'youm7_scrape.spiders',
 'REACTOR_THREADPOOL_MAXSIZE': 35,
 'RETRY_TIMES': 3,
 'SPIDER_MODULES': ['youm7_scrape.spiders']}
2026-03-29 06:07:51 [scrapy.middleware] INFO: Enabled downloader middlewares:
['scrapy.downloadermiddlewares.offsite.OffsiteMiddleware',
 'scrapy.downloadermiddlewares.httpauth.HttpAuthMiddleware',
 'scrapy.downloadermiddlewares.downloadtimeout.DownloadTimeoutMiddleware',
 'scrapy.downloadermiddlewares.defaultheaders.DefaultHeadersMiddleware',
 'scrapy.downloadermiddlewares.useragent.UserAgentMiddleware',
 'scrapy.downloadermiddlewares.retry.RetryMiddleware',
 'scrapy.downloadermiddlewares.redirect.MetaRefreshMiddleware',
 'scrapy.downloadermiddlewares.httpcompression.HttpCompressionMiddleware',
 'scrapy.downloadermiddlewares.redirect.RedirectMiddleware',
 'scrapy.downloadermiddlewares.httpproxy.HttpProxyMiddleware',
 'scrapy.downloadermiddlewares.stats.DownloaderStats']
2026-03-29 06:07:51 [scrapy.middleware] INFO: Enabled spider middlewares:
['scrapy.spidermiddlewares.start.StartSpiderMiddleware',
 'scrapy.spidermiddlewares.httperror.HttpErrorMiddleware',
 'scrapy.spidermiddlewares.referer.RefererMiddleware',
 'scrapy.spidermiddlewares.urllength.UrlLengthMiddleware',
 'scrapy.spidermiddlewares.depth.DepthMiddleware']
2026-03-29 06:07:51 [scrapy.middleware] INFO: Enabled item pipelines:
[]
2026-03-29 06:07:51 [scrapy.core.engine] INFO: Spider opened
2026-03-29 06:07:51 [py.warnings] WARNING: G:\coding\python\web_scraping\Youm7\venv\lib\site-packages\scrapy\core\spidermw.py:490: ScrapyDeprecationWarning: youm7_scrape.spiders.download_html.jsonl_downloader.JsonlDownloaderSpider defines the deprecated start_requests() method. start_requests() has been deprecated in favor of a new method, start(), to support asynchronous code execution. start_requests() will stop being called in a future version of Scrapy. If you use Scrapy 2.13 or higher only, replace start_requests() with start(); note that start() is a coroutine (async def). If you need to maintain compatibility with lower Scrapy versions, when overriding start_requests() in a spider class, override start() as well; you can use super() to reuse the inherited start() implementation without copy-pasting. See the release notes of Scrapy 2.13 for details: https://docs.scrapy.org/en/2.13/news.html
  warn(

2026-03-29 06:07:51 [scrapy.extensions.logstats] INFO: Crawled 0 pages (at 0 pages/min), scraped 0 items (at 0 items/min)
2026-03-29 06:07:51 [scrapy.extensions.telnet] INFO: Telnet console listening on 127.0.0.1:6023
2026-03-29 06:08:51 [scrapy.extensions.logstats] INFO: Crawled 3073 pages (at 3073 pages/min), scraped 3033 items (at 3033 items/min)
2026-03-29 06:08:51 [scrapy.extensions.logstats] INFO: Crawled 3073 pages (at 0 pages/min), scraped 3033 items (at 0 items/min)
2026-03-29 06:08:51 [scrapy.extensions.logstats] INFO: Crawled 3073 pages (at 0 pages/min), scraped 3033 items (at 0 items/min)
2026-03-29 06:08:51 [scrapy.extensions.logstats] INFO: Crawled 3073 pages (at 0 pages/min), scraped 3033 items (at 0 items/min)
2026-03-29 06:08:51 [scrapy.extensions.logstats] INFO: Crawled 3073 pages (at 0 pages/min), scraped 3033 items (at 0 items/min)
2026-03-29 06:08:51 [scrapy.extensions.logstats] INFO: Crawled 3073 pages (at 0 pages/min), scraped 3033 items (at 0 items/min)
2026-03-29 06:08:51 [scrapy.extensions.logstats] INFO: Crawled 3073 pages (at 0 pages/min), scraped 3033 items (at 0 items/min)
2026-03-29 06:08:51 [scrapy.extensions.logstats] INFO: Crawled 3073 pages (at 0 pages/min), scraped 3033 items (at 0 items/min)
2026-03-29 06:08:51 [scrapy.extensions.logstats] INFO: Crawled 3073 pages (at 0 pages/min), scraped 3033 items (at 0 items/min)
2026-03-29 06:08:51 [scrapy.extensions.logstats] INFO: Crawled 3073 pages (at 0 pages/min), scraped 3033 items (at 0 items/min)
2026-03-29 06:08:51 [scrapy.extensions.logstats] INFO: Crawled 3073 pages (at 0 pages/min), scraped 3033 items (at 0 items/min)
2026-03-29 06:08:51 [scrapy.extensions.logstats] INFO: Crawled 3073 pages (at 0 pages/min), scraped 3033 items (at 0 items/min)
2026-03-29 06:08:51 [scrapy.extensions.logstats] INFO: Crawled 3073 pages (at 0 pages/min), scraped 3033 items (at 0 items/min)
2026-03-29 06:08:51 [scrapy.extensions.logstats] INFO: Crawled 3073 pages (at 0 pages/min), scraped 3033 items (at 0 items/min)
2026-03-29 06:08:51 [scrapy.extensions.logstats] INFO: Crawled 3073 pages (at 0 pages/min), scraped 3033 items (at 0 items/min)
2026-03-29 06:08:51 [scrapy.extensions.logstats] INFO: Crawled 3073 pages (at 0 pages/min), scraped 3033 items (at 0 items/min)
2026-03-29 06:08:51 [scrapy.extensions.logstats] INFO: Crawled 3073 pages (at 0 pages/min), scraped 3033 items (at 0 items/min)
2026-03-29 06:08:51 [scrapy.extensions.logstats] INFO: Crawled 3073 pages (at 0 pages/min), scraped 3033 items (at 0 items/min)
2026-03-29 06:08:51 [scrapy.extensions.logstats] INFO: Crawled 3073 pages (at 0 pages/min), scraped 3033 items (at 0 items/min)
2026-03-29 06:08:51 [scrapy.extensions.logstats] INFO: Crawled 3073 pages (at 0 pages/min), scraped 3033 items (at 0 items/min)
2026-03-29 06:08:51 [scrapy.extensions.logstats] INFO: Crawled 3073 pages (at 0 pages/min), scraped 3033 items (at 0 items/min)
2026-03-29 06:08:51 [scrapy.extensions.logstats] INFO: Crawled 3073 pages (at 0 pages/min), scraped 3033 items (at 0 items/min)
2026-03-29 06:08:51 [scrapy.extensions.logstats] INFO: Crawled 3073 pages (at 0 pages/min), scraped 3033 items (at 0 items/min)
2026-03-29 06:08:51 [scrapy.extensions.logstats] INFO: Crawled 3073 pages (at 0 pages/min), scraped 3033 items (at 0 items/min)
2026-03-29 06:08:51 [scrapy.extensions.logstats] INFO: Crawled 3073 pages (at 0 pages/min), scraped 3033 items (at 0 items/min)
2026-03-29 06:08:51 [scrapy.extensions.logstats] INFO: Crawled 3073 pages (at 0 pages/min), scraped 3033 items (at 0 items/min)
2026-03-29 06:08:51 [scrapy.extensions.logstats] INFO: Crawled 3073 pages (at 0 pages/min), scraped 3033 items (at 0 items/min)
2026-03-29 06:08:51 [scrapy.extensions.logstats] INFO: Crawled 3073 pages (at 0 pages/min), scraped 3033 items (at 0 items/min)
2026-03-29 06:08:51 [scrapy.extensions.logstats] INFO: Crawled 3073 pages (at 0 pages/min), scraped 3033 items (at 0 items/min)
2026-03-29 06:08:51 [scrapy.extensions.logstats] INFO: Crawled 3073 pages (at 0 pages/min), scraped 3033 items (at 0 items/min)
2026-03-29 06:08:51 [scrapy.extensions.logstats] INFO: Crawled 3073 pages (at 0 pages/min), scraped 3033 items (at 0 items/min)
2026-03-29 06:08:51 [scrapy.extensions.logstats] INFO: Crawled 3073 pages (at 0 pages/min), scraped 3033 items (at 0 items/min)
2026-03-29 06:08:51 [scrapy.extensions.logstats] INFO: Crawled 3073 pages (at 0 pages/min), scraped 3033 items (at 0 items/min)
2026-03-29 06:08:51 [scrapy.extensions.logstats] INFO: Crawled 3073 pages (at 0 pages/min), scraped 3033 items (at 0 items/min)
2026-03-29 06:08:51 [scrapy.extensions.logstats] INFO: Crawled 3073 pages (at 0 pages/min), scraped 3033 items (at 0 items/min)
2026-03-29 06:08:51 [scrapy.extensions.logstats] INFO: Crawled 3073 pages (at 0 pages/min), scraped 3033 items (at 0 items/min)
2026-03-29 06:08:51 [scrapy.extensions.logstats] INFO: Crawled 3073 pages (at 0 pages/min), scraped 3033 items (at 0 items/min)
2026-03-29 06:08:51 [scrapy.extensions.logstats] INFO: Crawled 3073 pages (at 0 pages/min), scraped 3033 items (at 0 items/min)
2026-03-29 06:08:51 [scrapy.extensions.logstats] INFO: Crawled 3073 pages (at 0 pages/min), scraped 3033 items (at 0 items/min)
2026-03-29 06:08:51 [scrapy.extensions.logstats] INFO: Crawled 3073 pages (at 0 pages/min), scraped 3033 items (at 0 items/min)
2026-03-29 06:08:51 [scrapy.extensions.logstats] INFO: Crawled 3073 pages (at 0 pages/min), scraped 3033 items (at 0 items/min)
2026-03-29 06:08:51 [scrapy.extensions.logstats] INFO: Crawled 3073 pages (at 0 pages/min), scraped 3033 items (at 0 items/min)
2026-03-29 06:08:51 [scrapy.extensions.logstats] INFO: Crawled 3073 pages (at 0 pages/min), scraped 3033 items (at 0 items/min)
2026-03-29 06:08:51 [scrapy.extensions.logstats] INFO: Crawled 3073 pages (at 0 pages/min), scraped 3033 items (at 0 items/min)
2026-03-29 06:08:51 [scrapy.extensions.logstats] INFO: Crawled 3073 pages (at 0 pages/min), scraped 3033 items (at 0 items/min)
2026-03-29 06:08:51 [scrapy.extensions.logstats] INFO: Crawled 3073 pages (at 0 pages/min), scraped 3033 items (at 0 items/min)
2026-03-29 06:08:51 [scrapy.extensions.logstats] INFO: Crawled 3073 pages (at 0 pages/min), scraped 3033 items (at 0 items/min)
2026-03-29 06:08:51 [scrapy.extensions.logstats] INFO: Crawled 3073 pages (at 0 pages/min), scraped 3033 items (at 0 items/min)
2026-03-29 06:08:51 [scrapy.extensions.logstats] INFO: Crawled 3073 pages (at 0 pages/min), scraped 3033 items (at 0 items/min)
2026-03-29 06:08:51 [scrapy.extensions.logstats] INFO: Crawled 3073 pages (at 0 pages/min), scraped 3033 items (at 0 items/min)
2026-03-29 06:08:51 [scrapy.extensions.logstats] INFO: Crawled 3073 pages (at 0 pages/min), scraped 3033 items (at 0 items/min)
2026-03-29 06:08:51 [scrapy.extensions.logstats] INFO: Crawled 3073 pages (at 0 pages/min), scraped 3033 items (at 0 items/min)
2026-03-29 06:08:51 [scrapy.extensions.logstats] INFO: Crawled 3073 pages (at 0 pages/min), scraped 3033 items (at 0 items/min)
2026-03-29 06:08:51 [scrapy.extensions.logstats] INFO: Crawled 3073 pages (at 0 pages/min), scraped 3033 items (at 0 items/min)
2026-03-29 06:08:51 [scrapy.extensions.logstats] INFO: Crawled 3073 pages (at 0 pages/min), scraped 3033 items (at 0 items/min)
2026-03-29 06:08:51 [scrapy.extensions.logstats] INFO: Crawled 3073 pages (at 0 pages/min), scraped 3033 items (at 0 items/min)
2026-03-29 06:08:51 [scrapy.extensions.logstats] INFO: Crawled 3073 pages (at 0 pages/min), scraped 3033 items (at 0 items/min)
2026-03-29 06:08:51 [scrapy.extensions.logstats] INFO: Crawled 3073 pages (at 0 pages/min), scraped 3033 items (at 0 items/min)
2026-03-29 06:08:51 [scrapy.extensions.logstats] INFO: Crawled 3073 pages (at 0 pages/min), scraped 3033 items (at 0 items/min)
2026-03-29 06:08:51 [scrapy.extensions.logstats] INFO: Crawled 3073 pages (at 0 pages/min), scraped 3033 items (at 0 items/min)
2026-03-29 06:08:51 [scrapy.extensions.logstats] INFO: Crawled 3073 pages (at 0 pages/min), scraped 3033 items (at 0 items/min)
2026-03-29 06:08:51 [scrapy.extensions.logstats] INFO: Crawled 3073 pages (at 0 pages/min), scraped 3033 items (at 0 items/min)
2026-03-29 06:08:51 [scrapy.extensions.logstats] INFO: Crawled 3073 pages (at 0 pages/min), scraped 3033 items (at 0 items/min)
2026-03-29 06:08:51 [scrapy.extensions.logstats] INFO: Crawled 3073 pages (at 0 pages/min), scraped 3033 items (at 0 items/min)
2026-03-29 06:08:51 [scrapy.extensions.logstats] INFO: Crawled 3073 pages (at 0 pages/min), scraped 3033 items (at 0 items/min)
2026-03-29 06:08:51 [scrapy.extensions.logstats] INFO: Crawled 3073 pages (at 0 pages/min), scraped 3033 items (at 0 items/min)
2026-03-29 06:08:51 [scrapy.extensions.logstats] INFO: Crawled 3073 pages (at 0 pages/min), scraped 3033 items (at 0 items/min)
2026-03-29 06:08:51 [scrapy.extensions.logstats] INFO: Crawled 3073 pages (at 0 pages/min), scraped 3033 items (at 0 items/min)
2026-03-29 06:08:51 [scrapy.extensions.logstats] INFO: Crawled 3073 pages (at 0 pages/min), scraped 3033 items (at 0 items/min)
2026-03-29 06:08:51 [scrapy.extensions.logstats] INFO: Crawled 3073 pages (at 0 pages/min), scraped 3033 items (at 0 items/min)
2026-03-29 06:08:51 [scrapy.extensions.logstats] INFO: Crawled 3073 pages (at 0 pages/min), scraped 3033 items (at 0 items/min)
2026-03-29 06:08:51 [scrapy.extensions.logstats] INFO: Crawled 3073 pages (at 0 pages/min), scraped 3033 items (at 0 items/min)
2026-03-29 06:08:51 [scrapy.extensions.logstats] INFO: Crawled 3073 pages (at 0 pages/min), scraped 3033 items (at 0 items/min)
2026-03-29 06:08:51 [scrapy.extensions.logstats] INFO: Crawled 3073 pages (at 0 pages/min), scraped 3033 items (at 0 items/min)
2026-03-29 06:08:51 [scrapy.extensions.logstats] INFO: Crawled 3073 pages (at 0 pages/min), scraped 3033 items (at 0 items/min)
2026-03-29 06:08:51 [scrapy.extensions.logstats] INFO: Crawled 3073 pages (at 0 pages/min), scraped 3033 items (at 0 items/min)
2026-03-29 06:08:51 [scrapy.extensions.logstats] INFO: Crawled 3073 pages (at 0 pages/min), scraped 3033 items (at 0 items/min)
2026-03-29 06:08:51 [scrapy.extensions.logstats] INFO: Crawled 3073 pages (at 0 pages/min), scraped 3033 items (at 0 items/min)
2026-03-29 06:08:51 [scrapy.extensions.logstats] INFO: Crawled 3073 pages (at 0 pages/min), scraped 3033 items (at 0 items/min)
2026-03-29 06:08:51 [scrapy.extensions.logstats] INFO: Crawled 3073 pages (at 0 pages/min), scraped 3033 items (at 0 items/min)
2026-03-29 06:08:51 [scrapy.extensions.logstats] INFO: Crawled 3073 pages (at 0 pages/min), scraped 3033 items (at 0 items/min)
2026-03-29 06:08:51 [scrapy.extensions.logstats] INFO: Crawled 3073 pages (at 0 pages/min), scraped 3033 items (at 0 items/min)
2026-03-29 06:08:51 [scrapy.extensions.logstats] INFO: Crawled 3073 pages (at 0 pages/min), scraped 3033 items (at 0 items/min)
2026-03-29 06:08:51 [scrapy.extensions.logstats] INFO: Crawled 3073 pages (at 0 pages/min), scraped 3033 items (at 0 items/min)
2026-03-29 06:08:51 [scrapy.extensions.logstats] INFO: Crawled 3073 pages (at 0 pages/min), scraped 3033 items (at 0 items/min)
2026-03-29 06:08:51 [scrapy.extensions.logstats] INFO: Crawled 3073 pages (at 0 pages/min), scraped 3033 items (at 0 items/min)
2026-03-29 06:08:51 [scrapy.extensions.logstats] INFO: Crawled 3073 pages (at 0 pages/min), scraped 3033 items (at 0 items/min)
2026-03-29 06:08:51 [scrapy.extensions.logstats] INFO: Crawled 3073 pages (at 0 pages/min), scraped 3033 items (at 0 items/min)
2026-03-29 06:08:51 [scrapy.extensions.logstats] INFO: Crawled 3073 pages (at 0 pages/min), scraped 3033 items (at 0 items/min)
2026-03-29 06:08:51 [scrapy.extensions.logstats] INFO: Crawled 3073 pages (at 0 pages/min), scraped 3033 items (at 0 items/min)
2026-03-29 06:08:51 [scrapy.extensions.logstats] INFO: Crawled 3073 pages (at 0 pages/min), scraped 3033 items (at 0 items/min)
2026-03-29 06:08:51 [scrapy.extensions.logstats] INFO: Crawled 3073 pages (at 0 pages/min), scraped 3033 items (at 0 items/min)
2026-03-29 06:08:51 [scrapy.extensions.logstats] INFO: Crawled 3073 pages (at 0 pages/min), scraped 3033 items (at 0 items/min)
2026-03-29 06:08:51 [scrapy.extensions.logstats] INFO: Crawled 3073 pages (at 0 pages/min), scraped 3033 items (at 0 items/min)
2026-03-29 06:08:51 [scrapy.extensions.logstats] INFO: Crawled 3073 pages (at 0 pages/min), scraped 3033 items (at 0 items/min)
2026-03-29 06:08:51 [scrapy.extensions.logstats] INFO: Crawled 3073 pages (at 0 pages/min), scraped 3033 items (at 0 items/min)
2026-03-29 06:08:51 [scrapy.extensions.logstats] INFO: Crawled 3073 pages (at 0 pages/min), scraped 3033 items (at 0 items/min)
2026-03-29 06:08:51 [scrapy.extensions.logstats] INFO: Crawled 3073 pages (at 0 pages/min), scraped 3033 items (at 0 items/min)
2026-03-29 06:08:51 [scrapy.extensions.logstats] INFO: Crawled 3073 pages (at 0 pages/min), scraped 3033 items (at 0 items/min)
2026-03-29 06:09:51 [scrapy.extensions.logstats] INFO: Crawled 7224 pages (at 4151 pages/min), scraped 7214 items (at 4181 items/min)
2026-03-29 06:09:51 [scrapy.extensions.logstats] INFO: Crawled 7224 pages (at 0 pages/min), scraped 7214 items (at 0 items/min)
2026-03-29 06:09:51 [scrapy.extensions.logstats] INFO: Crawled 7224 pages (at 0 pages/min), scraped 7214 items (at 0 items/min)
2026-03-29 06:09:51 [scrapy.extensions.logstats] INFO: Crawled 7224 pages (at 0 pages/min), scraped 7214 items (at 0 items/min)
2026-03-29 06:09:51 [scrapy.extensions.logstats] INFO: Crawled 7224 pages (at 0 pages/min), scraped 7214 items (at 0 items/min)
2026-03-29 06:09:51 [scrapy.extensions.logstats] INFO: Crawled 7224 pages (at 0 pages/min), scraped 7214 items (at 0 items/min)
2026-03-29 06:09:51 [scrapy.extensions.logstats] INFO: Crawled 7224 pages (at 0 pages/min), scraped 7214 items (at 0 items/min)
2026-03-29 06:09:51 [scrapy.extensions.logstats] INFO: Crawled 7224 pages (at 0 pages/min), scraped 7214 items (at 0 items/min)
2026-03-29 06:09:51 [scrapy.extensions.logstats] INFO: Crawled 7224 pages (at 0 pages/min), scraped 7214 items (at 0 items/min)
2026-03-29 06:09:51 [scrapy.extensions.logstats] INFO: Crawled 7224 pages (at 0 pages/min), scraped 7214 items (at 0 items/min)
2026-03-29 06:09:51 [scrapy.extensions.logstats] INFO: Crawled 7224 pages (at 0 pages/min), scraped 7214 items (at 0 items/min)
2026-03-29 06:09:51 [scrapy.extensions.logstats] INFO: Crawled 7224 pages (at 0 pages/min), scraped 7214 items (at 0 items/min)
2026-03-29 06:09:51 [scrapy.extensions.logstats] INFO: Crawled 7224 pages (at 0 pages/min), scraped 7214 items (at 0 items/min)
2026-03-29 06:09:51 [scrapy.extensions.logstats] INFO: Crawled 7224 pages (at 0 pages/min), scraped 7214 items (at 0 items/min)
2026-03-29 06:09:51 [scrapy.extensions.logstats] INFO: Crawled 7224 pages (at 0 pages/min), scraped 7214 items (at 0 items/min)
2026-03-29 06:09:51 [scrapy.extensions.logstats] INFO: Crawled 7224 pages (at 0 pages/min), scraped 7214 items (at 0 items/min)
2026-03-29 06:09:51 [scrapy.extensions.logstats] INFO: Crawled 7224 pages (at 0 pages/min), scraped 7214 items (at 0 items/min)
2026-03-29 06:09:51 [scrapy.extensions.logstats] INFO: Crawled 7224 pages (at 0 pages/min), scraped 7214 items (at 0 items/min)
2026-03-29 06:09:51 [scrapy.extensions.logstats] INFO: Crawled 7224 pages (at 0 pages/min), scraped 7214 items (at 0 items/min)
2026-03-29 06:09:51 [scrapy.extensions.logstats] INFO: Crawled 7224 pages (at 0 pages/min), scraped 7214 items (at 0 items/min)
2026-03-29 06:09:51 [scrapy.extensions.logstats] INFO: Crawled 7224 pages (at 0 pages/min), scraped 7214 items (at 0 items/min)
2026-03-29 06:09:51 [scrapy.extensions.logstats] INFO: Crawled 7224 pages (at 0 pages/min), scraped 7214 items (at 0 items/min)
2026-03-29 06:09:51 [scrapy.extensions.logstats] INFO: Crawled 7224 pages (at 0 pages/min), scraped 7214 items (at 0 items/min)
2026-03-29 06:09:51 [scrapy.extensions.logstats] INFO: Crawled 7224 pages (at 0 pages/min), scraped 7214 items (at 0 items/min)
2026-03-29 06:09:51 [scrapy.extensions.logstats] INFO: Crawled 7224 pages (at 0 pages/min), scraped 7214 items (at 0 items/min)
2026-03-29 06:09:51 [scrapy.extensions.logstats] INFO: Crawled 7224 pages (at 0 pages/min), scraped 7214 items (at 0 items/min)
2026-03-29 06:09:51 [scrapy.extensions.logstats] INFO: Crawled 7224 pages (at 0 pages/min), scraped 7214 items (at 0 items/min)
2026-03-29 06:09:51 [scrapy.extensions.logstats] INFO: Crawled 7224 pages (at 0 pages/min), scraped 7214 items (at 0 items/min)
2026-03-29 06:09:51 [scrapy.extensions.logstats] INFO: Crawled 7224 pages (at 0 pages/min), scraped 7214 items (at 0 items/min)
2026-03-29 06:09:51 [scrapy.extensions.logstats] INFO: Crawled 7224 pages (at 0 pages/min), scraped 7214 items (at 0 items/min)
2026-03-29 06:09:51 [scrapy.extensions.logstats] INFO: Crawled 7224 pages (at 0 pages/min), scraped 7214 items (at 0 items/min)
2026-03-29 06:09:51 [scrapy.extensions.logstats] INFO: Crawled 7224 pages (at 0 pages/min), scraped 7214 items (at 0 items/min)
2026-03-29 06:09:51 [scrapy.extensions.logstats] INFO: Crawled 7224 pages (at 0 pages/min), scraped 7214 items (at 0 items/min)
2026-03-29 06:09:51 [scrapy.extensions.logstats] INFO: Crawled 7224 pages (at 0 pages/min), scraped 7214 items (at 0 items/min)
2026-03-29 06:09:51 [scrapy.extensions.logstats] INFO: Crawled 7224 pages (at 0 pages/min), scraped 7214 items (at 0 items/min)
2026-03-29 06:09:51 [scrapy.extensions.logstats] INFO: Crawled 7224 pages (at 0 pages/min), scraped 7214 items (at 0 items/min)
2026-03-29 06:09:51 [scrapy.extensions.logstats] INFO: Crawled 7224 pages (at 0 pages/min), scraped 7214 items (at 0 items/min)
2026-03-29 06:09:51 [scrapy.extensions.logstats] INFO: Crawled 7224 pages (at 0 pages/min), scraped 7214 items (at 0 items/min)
2026-03-29 06:09:51 [scrapy.extensions.logstats] INFO: Crawled 7224 pages (at 0 pages/min), scraped 7214 items (at 0 items/min)
2026-03-29 06:09:51 [scrapy.extensions.logstats] INFO: Crawled 7224 pages (at 0 pages/min), scraped 7214 items (at 0 items/min)
2026-03-29 06:09:51 [scrapy.extensions.logstats] INFO: Crawled 7224 pages (at 0 pages/min), scraped 7214 items (at 0 items/min)
2026-03-29 06:09:51 [scrapy.extensions.logstats] INFO: Crawled 7224 pages (at 0 pages/min), scraped 7214 items (at 0 items/min)
2026-03-29 06:09:51 [scrapy.extensions.logstats] INFO: Crawled 7224 pages (at 0 pages/min), scraped 7214 items (at 0 items/min)
2026-03-29 06:09:51 [scrapy.extensions.logstats] INFO: Crawled 7224 pages (at 0 pages/min), scraped 7214 items (at 0 items/min)
2026-03-29 06:09:51 [scrapy.extensions.logstats] INFO: Crawled 7224 pages (at 0 pages/min), scraped 7214 items (at 0 items/min)
2026-03-29 06:09:51 [scrapy.extensions.logstats] INFO: Crawled 7224 pages (at 0 pages/min), scraped 7214 items (at 0 items/min)
2026-03-29 06:09:51 [scrapy.extensions.logstats] INFO: Crawled 7224 pages (at 0 pages/min), scraped 7214 items (at 0 items/min)
2026-03-29 06:09:51 [scrapy.extensions.logstats] INFO: Crawled 7224 pages (at 0 pages/min), scraped 7214 items (at 0 items/min)
2026-03-29 06:09:51 [scrapy.extensions.logstats] INFO: Crawled 7224 pages (at 0 pages/min), scraped 7214 items (at 0 items/min)
2026-03-29 06:09:51 [scrapy.extensions.logstats] INFO: Crawled 7224 pages (at 0 pages/min), scraped 7214 items (at 0 items/min)
2026-03-29 06:09:51 [scrapy.extensions.logstats] INFO: Crawled 7224 pages (at 0 pages/min), scraped 7214 items (at 0 items/min)
2026-03-29 06:09:51 [scrapy.extensions.logstats] INFO: Crawled 7224 pages (at 0 pages/min), scraped 7214 items (at 0 items/min)
2026-03-29 06:09:51 [scrapy.extensions.logstats] INFO: Crawled 7224 pages (at 0 pages/min), scraped 7214 items (at 0 items/min)
2026-03-29 06:09:51 [scrapy.extensions.logstats] INFO: Crawled 7224 pages (at 0 pages/min), scraped 7214 items (at 0 items/min)
2026-03-29 06:09:51 [scrapy.extensions.logstats] INFO: Crawled 7224 pages (at 0 pages/min), scraped 7214 items (at 0 items/min)
2026-03-29 06:09:51 [scrapy.extensions.logstats] INFO: Crawled 7224 pages (at 0 pages/min), scraped 7214 items (at 0 items/min)
2026-03-29 06:09:51 [scrapy.extensions.logstats] INFO: Crawled 7224 pages (at 0 pages/min), scraped 7214 items (at 0 items/min)
2026-03-29 06:09:51 [scrapy.extensions.logstats] INFO: Crawled 7224 pages (at 0 pages/min), scraped 7214 items (at 0 items/min)
2026-03-29 06:09:51 [scrapy.extensions.logstats] INFO: Crawled 7224 pages (at 0 pages/min), scraped 7214 items (at 0 items/min)
2026-03-29 06:09:51 [scrapy.extensions.logstats] INFO: Crawled 7224 pages (at 0 pages/min), scraped 7214 items (at 0 items/min)
2026-03-29 06:09:51 [scrapy.extensions.logstats] INFO: Crawled 7224 pages (at 0 pages/min), scraped 7214 items (at 0 items/min)
2026-03-29 06:09:51 [scrapy.extensions.logstats] INFO: Crawled 7224 pages (at 0 pages/min), scraped 7214 items (at 0 items/min)
2026-03-29 06:09:51 [scrapy.extensions.logstats] INFO: Crawled 7224 pages (at 0 pages/min), scraped 7214 items (at 0 items/min)
2026-03-29 06:09:51 [scrapy.extensions.logstats] INFO: Crawled 7224 pages (at 0 pages/min), scraped 7214 items (at 0 items/min)
2026-03-29 06:09:51 [scrapy.extensions.logstats] INFO: Crawled 7224 pages (at 0 pages/min), scraped 7214 items (at 0 items/min)
2026-03-29 06:09:51 [scrapy.extensions.logstats] INFO: Crawled 7224 pages (at 0 pages/min), scraped 7214 items (at 0 items/min)
2026-03-29 06:09:51 [scrapy.extensions.logstats] INFO: Crawled 7224 pages (at 0 pages/min), scraped 7214 items (at 0 items/min)
2026-03-29 06:09:51 [scrapy.extensions.logstats] INFO: Crawled 7224 pages (at 0 pages/min), scraped 7214 items (at 0 items/min)
2026-03-29 06:09:51 [scrapy.extensions.logstats] INFO: Crawled 7224 pages (at 0 pages/min), scraped 7214 items (at 0 items/min)
2026-03-29 06:09:51 [scrapy.extensions.logstats] INFO: Crawled 7224 pages (at 0 pages/min), scraped 7214 items (at 0 items/min)
2026-03-29 06:09:51 [scrapy.extensions.logstats] INFO: Crawled 7224 pages (at 0 pages/min), scraped 7214 items (at 0 items/min)
2026-03-29 06:09:51 [scrapy.extensions.logstats] INFO: Crawled 7224 pages (at 0 pages/min), scraped 7214 items (at 0 items/min)
2026-03-29 06:09:51 [scrapy.extensions.logstats] INFO: Crawled 7224 pages (at 0 pages/min), scraped 7214 items (at 0 items/min)
2026-03-29 06:09:51 [scrapy.extensions.logstats] INFO: Crawled 7224 pages (at 0 pages/min), scraped 7214 items (at 0 items/min)
2026-03-29 06:09:51 [scrapy.extensions.logstats] INFO: Crawled 7224 pages (at 0 pages/min), scraped 7214 items (at 0 items/min)
2026-03-29 06:09:51 [scrapy.extensions.logstats] INFO: Crawled 7224 pages (at 0 pages/min), scraped 7214 items (at 0 items/min)
2026-03-29 06:09:51 [scrapy.extensions.logstats] INFO: Crawled 7224 pages (at 0 pages/min), scraped 7214 items (at 0 items/min)
2026-03-29 06:09:51 [scrapy.extensions.logstats] INFO: Crawled 7224 pages (at 0 pages/min), scraped 7214 items (at 0 items/min)
2026-03-29 06:09:51 [scrapy.extensions.logstats] INFO: Crawled 7224 pages (at 0 pages/min), scraped 7214 items (at 0 items/min)
2026-03-29 06:09:51 [scrapy.extensions.logstats] INFO: Crawled 7224 pages (at 0 pages/min), scraped 7214 items (at 0 items/min)
2026-03-29 06:09:51 [scrapy.extensions.logstats] INFO: Crawled 7224 pages (at 0 pages/min), scraped 7214 items (at 0 items/min)
2026-03-29 06:09:51 [scrapy.extensions.logstats] INFO: Crawled 7224 pages (at 0 pages/min), scraped 7214 items (at 0 items/min)
2026-03-29 06:09:51 [scrapy.extensions.logstats] INFO: Crawled 7224 pages (at 0 pages/min), scraped 7214 items (at 0 items/min)
2026-03-29 06:09:51 [scrapy.extensions.logstats] INFO: Crawled 7224 pages (at 0 pages/min), scraped 7214 items (at 0 items/min)
2026-03-29 06:09:51 [scrapy.extensions.logstats] INFO: Crawled 7224 pages (at 0 pages/min), scraped 7214 items (at 0 items/min)
2026-03-29 06:09:51 [scrapy.extensions.logstats] INFO: Crawled 7224 pages (at 0 pages/min), scraped 7214 items (at 0 items/min)
2026-03-29 06:09:51 [scrapy.extensions.logstats] INFO: Crawled 7224 pages (at 0 pages/min), scraped 7214 items (at 0 items/min)
2026-03-29 06:09:51 [scrapy.extensions.logstats] INFO: Crawled 7224 pages (at 0 pages/min), scraped 7214 items (at 0 items/min)
2026-03-29 06:09:51 [scrapy.extensions.logstats] INFO: Crawled 7224 pages (at 0 pages/min), scraped 7214 items (at 0 items/min)
2026-03-29 06:09:51 [scrapy.extensions.logstats] INFO: Crawled 7224 pages (at 0 pages/min), scraped 7214 items (at 0 items/min)
2026-03-29 06:09:51 [scrapy.extensions.logstats] INFO: Crawled 7224 pages (at 0 pages/min), scraped 7214 items (at 0 items/min)
2026-03-29 06:09:51 [scrapy.extensions.logstats] INFO: Crawled 7224 pages (at 0 pages/min), scraped 7214 items (at 0 items/min)
2026-03-29 06:09:51 [scrapy.extensions.logstats] INFO: Crawled 7224 pages (at 0 pages/min), scraped 7214 items (at 0 items/min)
2026-03-29 06:09:51 [scrapy.extensions.logstats] INFO: Crawled 7224 pages (at 0 pages/min), scraped 7214 items (at 0 items/min)
2026-03-29 06:09:51 [scrapy.extensions.logstats] INFO: Crawled 7224 pages (at 0 pages/min), scraped 7214 items (at 0 items/min)
2026-03-29 06:09:51 [scrapy.extensions.logstats] INFO: Crawled 7224 pages (at 0 pages/min), scraped 7214 items (at 0 items/min)
2026-03-29 06:09:51 [scrapy.extensions.logstats] INFO: Crawled 7224 pages (at 0 pages/min), scraped 7214 items (at 0 items/min)
2026-03-29 06:09:51 [scrapy.extensions.logstats] INFO: Crawled 7224 pages (at 0 pages/min), scraped 7214 items (at 0 items/min)
2026-03-29 06:09:51 [scrapy.extensions.logstats] INFO: Crawled 7224 pages (at 0 pages/min), scraped 7214 items (at 0 items/min)
2026-03-29 06:09:51 [scrapy.extensions.logstats] INFO: Crawled 7224 pages (at 0 pages/min), scraped 7214 items (at 0 items/min)
2026-03-29 06:10:42 [scrapy.spidermiddlewares.httperror] INFO: Ignoring response <400 https://www.youm7.com/story/2023/9/29/%D8%AD%D9%81%D9%84-%D8%AE%D8%AA%D8%A7%D9%85-%D9%85%D9%84%D8%AA%D9%82%D9%89-%D8%A3%D9%88%D9%84%D8%A7%D8%AF%D9%86%D8%A7-%D9%84%D9%81%D9%86%D9%88%D9%86-%D8%B0%D9%88%D9%89-%D8%A7%D9%84%D9%82%D8%AF%D8%B1%D8%A7%D8%AA-%D8%A7%D9%84%D8%AE%D8%A7%D8%B5%D8%A9-%D8%A7%D9%84%D9%84%D9%8A%D9%84%D8%A9%09/6318917>: HTTP status code is not handled or not allowed
2026-03-29 06:10:51 [scrapy.extensions.logstats] INFO: Crawled 11499 pages (at 4275 pages/min), scraped 11466 items (at 4252 items/min)
2026-03-29 06:10:51 [scrapy.extensions.logstats] INFO: Crawled 11499 pages (at 0 pages/min), scraped 11481 items (at 15 items/min)
2026-03-29 06:11:51 [scrapy.extensions.logstats] INFO: Crawled 14763 pages (at 3264 pages/min), scraped 14760 items (at 3279 items/min)
2026-03-29 06:11:51 [scrapy.extensions.logstats] INFO: Crawled 14764 pages (at 1 pages/min), scraped 14760 items (at 0 items/min)
2026-03-29 06:11:51 [scrapy.extensions.logstats] INFO: Crawled 14766 pages (at 2 pages/min), scraped 14760 items (at 0 items/min)
2026-03-29 06:11:51 [scrapy.extensions.logstats] INFO: Crawled 14766 pages (at 0 pages/min), scraped 14760 items (at 0 items/min)
2026-03-29 06:11:51 [scrapy.extensions.logstats] INFO: Crawled 14766 pages (at 0 pages/min), scraped 14760 items (at 0 items/min)
2026-03-29 06:11:51 [scrapy.extensions.logstats] INFO: Crawled 14766 pages (at 0 pages/min), scraped 14760 items (at 0 items/min)
2026-03-29 06:11:51 [scrapy.extensions.logstats] INFO: Crawled 14766 pages (at 0 pages/min), scraped 14760 items (at 0 items/min)
2026-03-29 06:11:51 [scrapy.extensions.logstats] INFO: Crawled 14766 pages (at 0 pages/min), scraped 14760 items (at 0 items/min)
2026-03-29 06:11:51 [scrapy.extensions.logstats] INFO: Crawled 14766 pages (at 0 pages/min), scraped 14760 items (at 0 items/min)
2026-03-29 06:11:51 [scrapy.extensions.logstats] INFO: Crawled 14766 pages (at 0 pages/min), scraped 14760 items (at 0 items/min)
2026-03-29 06:11:51 [scrapy.extensions.logstats] INFO: Crawled 14766 pages (at 0 pages/min), scraped 14760 items (at 0 items/min)
2026-03-29 06:11:51 [scrapy.extensions.logstats] INFO: Crawled 14766 pages (at 0 pages/min), scraped 14760 items (at 0 items/min)
2026-03-29 06:11:51 [scrapy.extensions.logstats] INFO: Crawled 14766 pages (at 0 pages/min), scraped 14760 items (at 0 items/min)
2026-03-29 06:11:51 [scrapy.extensions.logstats] INFO: Crawled 14766 pages (at 0 pages/min), scraped 14760 items (at 0 items/min)
2026-03-29 06:11:51 [scrapy.extensions.logstats] INFO: Crawled 14766 pages (at 0 pages/min), scraped 14760 items (at 0 items/min)
2026-03-29 06:11:51 [scrapy.extensions.logstats] INFO: Crawled 14766 pages (at 0 pages/min), scraped 14760 items (at 0 items/min)
2026-03-29 06:11:51 [scrapy.extensions.logstats] INFO: Crawled 14766 pages (at 0 pages/min), scraped 14760 items (at 0 items/min)
2026-03-29 06:11:51 [scrapy.extensions.logstats] INFO: Crawled 14766 pages (at 0 pages/min), scraped 14760 items (at 0 items/min)
2026-03-29 06:11:51 [scrapy.extensions.logstats] INFO: Crawled 14766 pages (at 0 pages/min), scraped 14760 items (at 0 items/min)
2026-03-29 06:11:51 [scrapy.extensions.logstats] INFO: Crawled 14766 pages (at 0 pages/min), scraped 14760 items (at 0 items/min)
2026-03-29 06:11:51 [scrapy.extensions.logstats] INFO: Crawled 14766 pages (at 0 pages/min), scraped 14760 items (at 0 items/min)
2026-03-29 06:11:51 [scrapy.extensions.logstats] INFO: Crawled 14766 pages (at 0 pages/min), scraped 14760 items (at 0 items/min)
2026-03-29 06:11:51 [scrapy.extensions.logstats] INFO: Crawled 14766 pages (at 0 pages/min), scraped 14760 items (at 0 items/min)
2026-03-29 06:11:51 [scrapy.extensions.logstats] INFO: Crawled 14766 pages (at 0 pages/min), scraped 14760 items (at 0 items/min)
2026-03-29 06:11:51 [scrapy.extensions.logstats] INFO: Crawled 14766 pages (at 0 pages/min), scraped 14760 items (at 0 items/min)
2026-03-29 06:11:51 [scrapy.extensions.logstats] INFO: Crawled 14766 pages (at 0 pages/min), scraped 14760 items (at 0 items/min)
2026-03-29 06:11:51 [scrapy.extensions.logstats] INFO: Crawled 14766 pages (at 0 pages/min), scraped 14760 items (at 0 items/min)
2026-03-29 06:11:51 [scrapy.extensions.logstats] INFO: Crawled 14766 pages (at 0 pages/min), scraped 14760 items (at 0 items/min)
2026-03-29 06:11:51 [scrapy.extensions.logstats] INFO: Crawled 14766 pages (at 0 pages/min), scraped 14760 items (at 0 items/min)
2026-03-29 06:11:51 [scrapy.extensions.logstats] INFO: Crawled 14766 pages (at 0 pages/min), scraped 14760 items (at 0 items/min)
2026-03-29 06:11:51 [scrapy.extensions.logstats] INFO: Crawled 14766 pages (at 0 pages/min), scraped 14760 items (at 0 items/min)
2026-03-29 06:12:51 [scrapy.extensions.logstats] INFO: Crawled 18040 pages (at 3274 pages/min), scraped 18039 items (at 3279 items/min)
2026-03-29 06:13:51 [scrapy.extensions.logstats] INFO: Crawled 20746 pages (at 2706 pages/min), scraped 20741 items (at 2702 items/min)
2026-03-29 06:14:51 [scrapy.extensions.logstats] INFO: Crawled 24588 pages (at 3842 pages/min), scraped 24570 items (at 3829 items/min)
2026-03-29 06:14:51 [scrapy.extensions.logstats] INFO: Crawled 24589 pages (at 1 pages/min), scraped 24583 items (at 13 items/min)
2026-03-29 06:15:51 [scrapy.extensions.logstats] INFO: Crawled 28491 pages (at 3902 pages/min), scraped 28482 items (at 3899 items/min)
2026-03-29 06:16:51 [scrapy.extensions.logstats] INFO: Crawled 32410 pages (at 3919 pages/min), scraped 32395 items (at 3913 items/min)
2026-03-29 06:17:51 [scrapy.extensions.logstats] INFO: Crawled 36319 pages (at 3909 pages/min), scraped 36306 items (at 3911 items/min)
2026-03-29 06:18:51 [scrapy.extensions.logstats] INFO: Crawled 40013 pages (at 3694 pages/min), scraped 40012 items (at 3706 items/min)
2026-03-29 06:18:51 [scrapy.extensions.logstats] INFO: Crawled 40013 pages (at 0 pages/min), scraped 40012 items (at 0 items/min)
2026-03-29 06:18:51 [scrapy.extensions.logstats] INFO: Crawled 40013 pages (at 0 pages/min), scraped 40012 items (at 0 items/min)
2026-03-29 06:18:51 [scrapy.extensions.logstats] INFO: Crawled 40013 pages (at 0 pages/min), scraped 40012 items (at 0 items/min)
2026-03-29 06:18:51 [scrapy.extensions.logstats] INFO: Crawled 40013 pages (at 0 pages/min), scraped 40012 items (at 0 items/min)
2026-03-29 06:18:51 [scrapy.extensions.logstats] INFO: Crawled 40013 pages (at 0 pages/min), scraped 40012 items (at 0 items/min)
2026-03-29 06:18:51 [scrapy.extensions.logstats] INFO: Crawled 40013 pages (at 0 pages/min), scraped 40012 items (at 0 items/min)
2026-03-29 06:18:51 [scrapy.extensions.logstats] INFO: Crawled 40013 pages (at 0 pages/min), scraped 40012 items (at 0 items/min)
2026-03-29 06:18:51 [scrapy.extensions.logstats] INFO: Crawled 40013 pages (at 0 pages/min), scraped 40012 items (at 0 items/min)
2026-03-29 06:18:51 [scrapy.extensions.logstats] INFO: Crawled 40013 pages (at 0 pages/min), scraped 40012 items (at 0 items/min)
2026-03-29 06:18:51 [scrapy.extensions.logstats] INFO: Crawled 40013 pages (at 0 pages/min), scraped 40012 items (at 0 items/min)
2026-03-29 06:18:51 [scrapy.extensions.logstats] INFO: Crawled 40013 pages (at 0 pages/min), scraped 40012 items (at 0 items/min)
2026-03-29 06:18:51 [scrapy.extensions.logstats] INFO: Crawled 40013 pages (at 0 pages/min), scraped 40012 items (at 0 items/min)
2026-03-29 06:18:51 [scrapy.extensions.logstats] INFO: Crawled 40013 pages (at 0 pages/min), scraped 40012 items (at 0 items/min)
2026-03-29 06:18:51 [scrapy.extensions.logstats] INFO: Crawled 40013 pages (at 0 pages/min), scraped 40012 items (at 0 items/min)
2026-03-29 06:18:51 [scrapy.extensions.logstats] INFO: Crawled 40013 pages (at 0 pages/min), scraped 40012 items (at 0 items/min)
2026-03-29 06:18:51 [scrapy.extensions.logstats] INFO: Crawled 40013 pages (at 0 pages/min), scraped 40012 items (at 0 items/min)
2026-03-29 06:18:51 [scrapy.extensions.logstats] INFO: Crawled 40013 pages (at 0 pages/min), scraped 40012 items (at 0 items/min)
2026-03-29 06:18:51 [scrapy.extensions.logstats] INFO: Crawled 40013 pages (at 0 pages/min), scraped 40012 items (at 0 items/min)
2026-03-29 06:18:51 [scrapy.extensions.logstats] INFO: Crawled 40013 pages (at 0 pages/min), scraped 40012 items (at 0 items/min)
2026-03-29 06:18:51 [scrapy.extensions.logstats] INFO: Crawled 40013 pages (at 0 pages/min), scraped 40012 items (at 0 items/min)
2026-03-29 06:18:51 [scrapy.extensions.logstats] INFO: Crawled 40013 pages (at 0 pages/min), scraped 40012 items (at 0 items/min)
2026-03-29 06:18:51 [scrapy.extensions.logstats] INFO: Crawled 40013 pages (at 0 pages/min), scraped 40012 items (at 0 items/min)
2026-03-29 06:18:51 [scrapy.extensions.logstats] INFO: Crawled 40013 pages (at 0 pages/min), scraped 40012 items (at 0 items/min)
2026-03-29 06:18:51 [scrapy.extensions.logstats] INFO: Crawled 40013 pages (at 0 pages/min), scraped 40012 items (at 0 items/min)
2026-03-29 06:18:51 [scrapy.extensions.logstats] INFO: Crawled 40013 pages (at 0 pages/min), scraped 40012 items (at 0 items/min)
2026-03-29 06:18:51 [scrapy.extensions.logstats] INFO: Crawled 40013 pages (at 0 pages/min), scraped 40012 items (at 0 items/min)
2026-03-29 06:18:51 [scrapy.extensions.logstats] INFO: Crawled 40013 pages (at 0 pages/min), scraped 40012 items (at 0 items/min)
2026-03-29 06:18:51 [scrapy.extensions.logstats] INFO: Crawled 40013 pages (at 0 pages/min), scraped 40012 items (at 0 items/min)
2026-03-29 06:18:51 [scrapy.extensions.logstats] INFO: Crawled 40013 pages (at 0 pages/min), scraped 40012 items (at 0 items/min)
2026-03-29 06:18:51 [scrapy.extensions.logstats] INFO: Crawled 40013 pages (at 0 pages/min), scraped 40012 items (at 0 items/min)
2026-03-29 06:18:51 [scrapy.extensions.logstats] INFO: Crawled 40013 pages (at 0 pages/min), scraped 40012 items (at 0 items/min)
2026-03-29 06:18:51 [scrapy.extensions.logstats] INFO: Crawled 40013 pages (at 0 pages/min), scraped 40012 items (at 0 items/min)
2026-03-29 06:18:51 [scrapy.extensions.logstats] INFO: Crawled 40013 pages (at 0 pages/min), scraped 40012 items (at 0 items/min)
2026-03-29 06:18:51 [scrapy.extensions.logstats] INFO: Crawled 40013 pages (at 0 pages/min), scraped 40012 items (at 0 items/min)
2026-03-29 06:18:51 [scrapy.extensions.logstats] INFO: Crawled 40013 pages (at 0 pages/min), scraped 40012 items (at 0 items/min)
2026-03-29 06:18:51 [scrapy.extensions.logstats] INFO: Crawled 40013 pages (at 0 pages/min), scraped 40012 items (at 0 items/min)
2026-03-29 06:18:51 [scrapy.extensions.logstats] INFO: Crawled 40013 pages (at 0 pages/min), scraped 40012 items (at 0 items/min)
2026-03-29 06:18:51 [scrapy.extensions.logstats] INFO: Crawled 40013 pages (at 0 pages/min), scraped 40012 items (at 0 items/min)
2026-03-29 06:18:51 [scrapy.extensions.logstats] INFO: Crawled 40013 pages (at 0 pages/min), scraped 40012 items (at 0 items/min)
2026-03-29 06:18:51 [scrapy.extensions.logstats] INFO: Crawled 40013 pages (at 0 pages/min), scraped 40012 items (at 0 items/min)
2026-03-29 06:18:51 [scrapy.extensions.logstats] INFO: Crawled 40013 pages (at 0 pages/min), scraped 40012 items (at 0 items/min)
2026-03-29 06:18:51 [scrapy.extensions.logstats] INFO: Crawled 40013 pages (at 0 pages/min), scraped 40012 items (at 0 items/min)
2026-03-29 06:18:51 [scrapy.extensions.logstats] INFO: Crawled 40013 pages (at 0 pages/min), scraped 40012 items (at 0 items/min)
2026-03-29 06:18:51 [scrapy.extensions.logstats] INFO: Crawled 40013 pages (at 0 pages/min), scraped 40012 items (at 0 items/min)
2026-03-29 06:18:51 [scrapy.extensions.logstats] INFO: Crawled 40013 pages (at 0 pages/min), scraped 40012 items (at 0 items/min)
2026-03-29 06:18:51 [scrapy.extensions.logstats] INFO: Crawled 40013 pages (at 0 pages/min), scraped 40012 items (at 0 items/min)
2026-03-29 06:18:51 [scrapy.extensions.logstats] INFO: Crawled 40013 pages (at 0 pages/min), scraped 40012 items (at 0 items/min)
2026-03-29 06:18:51 [scrapy.extensions.logstats] INFO: Crawled 40013 pages (at 0 pages/min), scraped 40012 items (at 0 items/min)
2026-03-29 06:18:51 [scrapy.extensions.logstats] INFO: Crawled 40013 pages (at 0 pages/min), scraped 40012 items (at 0 items/min)
2026-03-29 06:18:51 [scrapy.extensions.logstats] INFO: Crawled 40013 pages (at 0 pages/min), scraped 40012 items (at 0 items/min)
2026-03-29 06:18:51 [scrapy.extensions.logstats] INFO: Crawled 40013 pages (at 0 pages/min), scraped 40012 items (at 0 items/min)
2026-03-29 06:18:51 [scrapy.extensions.logstats] INFO: Crawled 40013 pages (at 0 pages/min), scraped 40012 items (at 0 items/min)
2026-03-29 06:18:51 [scrapy.extensions.logstats] INFO: Crawled 40013 pages (at 0 pages/min), scraped 40012 items (at 0 items/min)
2026-03-29 06:18:51 [scrapy.extensions.logstats] INFO: Crawled 40013 pages (at 0 pages/min), scraped 40012 items (at 0 items/min)
2026-03-29 06:18:51 [scrapy.extensions.logstats] INFO: Crawled 40013 pages (at 0 pages/min), scraped 40012 items (at 0 items/min)
2026-03-29 06:18:51 [scrapy.extensions.logstats] INFO: Crawled 40013 pages (at 0 pages/min), scraped 40012 items (at 0 items/min)
2026-03-29 06:18:51 [scrapy.extensions.logstats] INFO: Crawled 40013 pages (at 0 pages/min), scraped 40012 items (at 0 items/min)
2026-03-29 06:18:51 [scrapy.extensions.logstats] INFO: Crawled 40013 pages (at 0 pages/min), scraped 40012 items (at 0 items/min)
2026-03-29 06:18:51 [scrapy.extensions.logstats] INFO: Crawled 40013 pages (at 0 pages/min), scraped 40012 items (at 0 items/min)
2026-03-29 06:18:51 [scrapy.extensions.logstats] INFO: Crawled 40013 pages (at 0 pages/min), scraped 40012 items (at 0 items/min)
2026-03-29 06:18:51 [scrapy.extensions.logstats] INFO: Crawled 40013 pages (at 0 pages/min), scraped 40012 items (at 0 items/min)
2026-03-29 06:18:51 [scrapy.extensions.logstats] INFO: Crawled 40013 pages (at 0 pages/min), scraped 40012 items (at 0 items/min)
2026-03-29 06:18:51 [scrapy.extensions.logstats] INFO: Crawled 40013 pages (at 0 pages/min), scraped 40012 items (at 0 items/min)
2026-03-29 06:18:51 [scrapy.extensions.logstats] INFO: Crawled 40013 pages (at 0 pages/min), scraped 40012 items (at 0 items/min)
2026-03-29 06:18:51 [scrapy.extensions.logstats] INFO: Crawled 40013 pages (at 0 pages/min), scraped 40012 items (at 0 items/min)
2026-03-29 06:18:51 [scrapy.extensions.logstats] INFO: Crawled 40013 pages (at 0 pages/min), scraped 40012 items (at 0 items/min)
2026-03-29 06:18:51 [scrapy.extensions.logstats] INFO: Crawled 40013 pages (at 0 pages/min), scraped 40012 items (at 0 items/min)
2026-03-29 06:18:51 [scrapy.extensions.logstats] INFO: Crawled 40013 pages (at 0 pages/min), scraped 40012 items (at 0 items/min)
2026-03-29 06:18:51 [scrapy.extensions.logstats] INFO: Crawled 40013 pages (at 0 pages/min), scraped 40012 items (at 0 items/min)
2026-03-29 06:18:51 [scrapy.extensions.logstats] INFO: Crawled 40013 pages (at 0 pages/min), scraped 40012 items (at 0 items/min)
2026-03-29 06:18:51 [scrapy.extensions.logstats] INFO: Crawled 40013 pages (at 0 pages/min), scraped 40012 items (at 0 items/min)
2026-03-29 06:18:51 [scrapy.extensions.logstats] INFO: Crawled 40013 pages (at 0 pages/min), scraped 40012 items (at 0 items/min)
2026-03-29 06:18:51 [scrapy.extensions.logstats] INFO: Crawled 40013 pages (at 0 pages/min), scraped 40012 items (at 0 items/min)
2026-03-29 06:18:51 [scrapy.extensions.logstats] INFO: Crawled 40013 pages (at 0 pages/min), scraped 40012 items (at 0 items/min)
2026-03-29 06:18:51 [scrapy.extensions.logstats] INFO: Crawled 40013 pages (at 0 pages/min), scraped 40012 items (at 0 items/min)
2026-03-29 06:18:51 [scrapy.extensions.logstats] INFO: Crawled 40013 pages (at 0 pages/min), scraped 40012 items (at 0 items/min)
2026-03-29 06:18:51 [scrapy.extensions.logstats] INFO: Crawled 40013 pages (at 0 pages/min), scraped 40012 items (at 0 items/min)
2026-03-29 06:18:51 [scrapy.extensions.logstats] INFO: Crawled 40013 pages (at 0 pages/min), scraped 40012 items (at 0 items/min)
2026-03-29 06:18:51 [scrapy.extensions.logstats] INFO: Crawled 40013 pages (at 0 pages/min), scraped 40012 items (at 0 items/min)
2026-03-29 06:18:51 [scrapy.extensions.logstats] INFO: Crawled 40013 pages (at 0 pages/min), scraped 40012 items (at 0 items/min)
2026-03-29 06:18:51 [scrapy.extensions.logstats] INFO: Crawled 40013 pages (at 0 pages/min), scraped 40012 items (at 0 items/min)
2026-03-29 06:18:51 [scrapy.extensions.logstats] INFO: Crawled 40013 pages (at 0 pages/min), scraped 40012 items (at 0 items/min)
2026-03-29 06:18:51 [scrapy.extensions.logstats] INFO: Crawled 40013 pages (at 0 pages/min), scraped 40012 items (at 0 items/min)
2026-03-29 06:18:51 [scrapy.extensions.logstats] INFO: Crawled 40013 pages (at 0 pages/min), scraped 40012 items (at 0 items/min)
2026-03-29 06:18:51 [scrapy.extensions.logstats] INFO: Crawled 40013 pages (at 0 pages/min), scraped 40012 items (at 0 items/min)
2026-03-29 06:18:51 [scrapy.extensions.logstats] INFO: Crawled 40013 pages (at 0 pages/min), scraped 40012 items (at 0 items/min)
2026-03-29 06:18:51 [scrapy.extensions.logstats] INFO: Crawled 40013 pages (at 0 pages/min), scraped 40012 items (at 0 items/min)
2026-03-29 06:18:51 [scrapy.extensions.logstats] INFO: Crawled 40013 pages (at 0 pages/min), scraped 40012 items (at 0 items/min)
2026-03-29 06:18:51 [scrapy.extensions.logstats] INFO: Crawled 40013 pages (at 0 pages/min), scraped 40012 items (at 0 items/min)
2026-03-29 06:18:51 [scrapy.extensions.logstats] INFO: Crawled 40013 pages (at 0 pages/min), scraped 40012 items (at 0 items/min)
2026-03-29 06:18:51 [scrapy.extensions.logstats] INFO: Crawled 40013 pages (at 0 pages/min), scraped 40012 items (at 0 items/min)
2026-03-29 06:18:51 [scrapy.extensions.logstats] INFO: Crawled 40013 pages (at 0 pages/min), scraped 40012 items (at 0 items/min)
2026-03-29 06:18:51 [scrapy.extensions.logstats] INFO: Crawled 40013 pages (at 0 pages/min), scraped 40012 items (at 0 items/min)
2026-03-29 06:18:51 [scrapy.extensions.logstats] INFO: Crawled 40013 pages (at 0 pages/min), scraped 40012 items (at 0 items/min)
2026-03-29 06:18:51 [scrapy.extensions.logstats] INFO: Crawled 40013 pages (at 0 pages/min), scraped 40012 items (at 0 items/min)
2026-03-29 06:18:51 [scrapy.extensions.logstats] INFO: Crawled 40013 pages (at 0 pages/min), scraped 40012 items (at 0 items/min)
2026-03-29 06:18:51 [scrapy.extensions.logstats] INFO: Crawled 40013 pages (at 0 pages/min), scraped 40012 items (at 0 items/min)
2026-03-29 06:18:51 [scrapy.extensions.logstats] INFO: Crawled 40013 pages (at 0 pages/min), scraped 40012 items (at 0 items/min)
2026-03-29 06:18:51 [scrapy.extensions.logstats] INFO: Crawled 40013 pages (at 0 pages/min), scraped 40012 items (at 0 items/min)
2026-03-29 06:18:51 [scrapy.extensions.logstats] INFO: Crawled 40013 pages (at 0 pages/min), scraped 40012 items (at 0 items/min)
2026-03-29 06:18:51 [scrapy.extensions.logstats] INFO: Crawled 40013 pages (at 0 pages/min), scraped 40012 items (at 0 items/min)
2026-03-29 06:18:51 [scrapy.extensions.logstats] INFO: Crawled 40013 pages (at 0 pages/min), scraped 40012 items (at 0 items/min)
2026-03-29 06:18:51 [scrapy.extensions.logstats] INFO: Crawled 40013 pages (at 0 pages/min), scraped 40012 items (at 0 items/min)
2026-03-29 06:18:51 [scrapy.extensions.logstats] INFO: Crawled 40013 pages (at 0 pages/min), scraped 40012 items (at 0 items/min)
2026-03-29 06:19:18 [scrapy.core.engine] INFO: Closing spider (finished)
2026-03-29 06:19:18 [scrapy.extensions.feedexport] INFO: Stored jsonl feed (40016 items) in: G:\coding\python\web_scraping\Youm7\youm7_scrape\data\raw\art.jsonl
2026-03-29 06:19:18 [scrapy.statscollectors] INFO: Dumping Scrapy stats:
{'downloader/exception_count': 4,
 'downloader/exception_type_count/twisted.internet.error.TimeoutError': 4,
 'downloader/request_bytes': 20365637,
 'downloader/request_count': 40022,
 'downloader/request_method_count/GET': 40022,
 'downloader/response_bytes': 914428826,
 'downloader/response_count': 40018,
 'downloader/response_status_count/200': 40016,
 'downloader/response_status_count/301': 1,
 'downloader/response_status_count/400': 1,
 'dupefilter/filtered': 783,
 'elapsed_time_seconds': 687.57393,
 'feedexport/success_count/FileFeedStorage': 1,
 'finish_reason': 'finished',
 'finish_time': datetime.datetime(2026, 3, 29, 4, 19, 18, 916310, tzinfo=datetime.timezone.utc),
 'httpcompression/response_bytes': 4024157803,
 'httpcompression/response_count': 40016,
 'httperror/response_ignored_count': 1,
 'httperror/response_ignored_status_count/400': 1,
 'item_scraped_count': 40016,
 'items_per_minute': 3494.8471615720528,
 'log_count/INFO': 348,
 'response_received_count': 40017,
 'responses_per_minute': 3494.934497816594,
 'retry/count': 4,
 'retry/reason_count/twisted.internet.error.TimeoutError': 4,
 'scheduler/dequeued': 40022,
 'scheduler/dequeued/memory': 40022,
 'scheduler/enqueued': 40022,
 'scheduler/enqueued/memory': 40022,
 'start_time': datetime.datetime(2026, 3, 29, 4, 7, 51, 342380, tzinfo=datetime.timezone.utc)}
2026-03-29 06:19:18 [scrapy.core.engine] INFO: Spider closed (finished)
