2026-03-29 06:19:27 [scrapy.utils.log] INFO: Scrapy 2.14.2 started (bot: youm7_scrape)
2026-03-29 06:19:27 [scrapy.utils.log] INFO: Versions:
{'lxml': '6.0.2',
 'libxml2': '2.11.9',
 'cssselect': '1.4.0',
 'parsel': '1.11.0',
 'w3lib': '2.4.0',
 'Twisted': '25.5.0',
 'Python': '3.10.11 (tags/v3.10.11:7d4cc5a, Apr  5 2023, 00:38:17) [MSC v.1929 '
           '64 bit (AMD64)]',
 'pyOpenSSL': '26.0.0 (OpenSSL 3.5.5 27 Jan 2026)',
 'cryptography': '46.0.5',
 'Platform': 'Windows-10-10.0.22631-SP0'}
2026-03-29 06:19:27 [jsonl_downloader] INFO: Spider initialized for category: كاريكاتير
2026-03-29 06:19:27 [scrapy.addons] INFO: Enabled addons:
[]
2026-03-29 06:19:27 [scrapy.extensions.telnet] INFO: Telnet Password: 7c07cd22df3b6a5a
2026-03-29 06:19:27 [scrapy.middleware] INFO: Enabled extensions:
['scrapy.extensions.corestats.CoreStats',
 'scrapy.extensions.logcount.LogCount',
 'scrapy.extensions.telnet.TelnetConsole',
 'scrapy.extensions.feedexport.FeedExporter',
 'scrapy.extensions.logstats.LogStats']
2026-03-29 06:19:27 [scrapy.crawler] INFO: Overridden settings:
{'BOT_NAME': 'youm7_scrape',
 'CONCURRENT_REQUESTS': 40,
 'CONCURRENT_REQUESTS_PER_DOMAIN': 40,
 'COOKIES_ENABLED': False,
 'DOWNLOAD_TIMEOUT': 45,
 'FEED_EXPORT_ENCODING': 'utf-8',
 'LOG_FILE': 'G:\\coding\\python\\web_scraping\\Youm7\\youm7_scrape\\data\\raw\\logs\\caricature.log',
 'LOG_LEVEL': 'INFO',
 'NEWSPIDER_MODULE': 'youm7_scrape.spiders',
 'REACTOR_THREADPOOL_MAXSIZE': 35,
 'RETRY_TIMES': 3,
 'SPIDER_MODULES': ['youm7_scrape.spiders']}
2026-03-29 06:19:29 [scrapy.middleware] INFO: Enabled downloader middlewares:
['scrapy.downloadermiddlewares.offsite.OffsiteMiddleware',
 'scrapy.downloadermiddlewares.httpauth.HttpAuthMiddleware',
 'scrapy.downloadermiddlewares.downloadtimeout.DownloadTimeoutMiddleware',
 'scrapy.downloadermiddlewares.defaultheaders.DefaultHeadersMiddleware',
 'scrapy.downloadermiddlewares.useragent.UserAgentMiddleware',
 'scrapy.downloadermiddlewares.retry.RetryMiddleware',
 'scrapy.downloadermiddlewares.redirect.MetaRefreshMiddleware',
 'scrapy.downloadermiddlewares.httpcompression.HttpCompressionMiddleware',
 'scrapy.downloadermiddlewares.redirect.RedirectMiddleware',
 'scrapy.downloadermiddlewares.httpproxy.HttpProxyMiddleware',
 'scrapy.downloadermiddlewares.stats.DownloaderStats']
2026-03-29 06:19:29 [scrapy.middleware] INFO: Enabled spider middlewares:
['scrapy.spidermiddlewares.start.StartSpiderMiddleware',
 'scrapy.spidermiddlewares.httperror.HttpErrorMiddleware',
 'scrapy.spidermiddlewares.referer.RefererMiddleware',
 'scrapy.spidermiddlewares.urllength.UrlLengthMiddleware',
 'scrapy.spidermiddlewares.depth.DepthMiddleware']
2026-03-29 06:19:29 [scrapy.middleware] INFO: Enabled item pipelines:
[]
2026-03-29 06:19:29 [scrapy.core.engine] INFO: Spider opened
2026-03-29 06:19:29 [py.warnings] WARNING: G:\coding\python\web_scraping\Youm7\venv\lib\site-packages\scrapy\core\spidermw.py:490: ScrapyDeprecationWarning: youm7_scrape.spiders.download_html.jsonl_downloader.JsonlDownloaderSpider defines the deprecated start_requests() method. start_requests() has been deprecated in favor of a new method, start(), to support asynchronous code execution. start_requests() will stop being called in a future version of Scrapy. If you use Scrapy 2.13 or higher only, replace start_requests() with start(); note that start() is a coroutine (async def). If you need to maintain compatibility with lower Scrapy versions, when overriding start_requests() in a spider class, override start() as well; you can use super() to reuse the inherited start() implementation without copy-pasting. See the release notes of Scrapy 2.13 for details: https://docs.scrapy.org/en/2.13/news.html
  warn(

2026-03-29 06:19:29 [scrapy.extensions.logstats] INFO: Crawled 0 pages (at 0 pages/min), scraped 0 items (at 0 items/min)
2026-03-29 06:19:29 [scrapy.extensions.telnet] INFO: Telnet console listening on 127.0.0.1:6023
2026-03-29 06:20:30 [scrapy.extensions.logstats] INFO: Crawled 4069 pages (at 4069 pages/min), scraped 4055 items (at 4055 items/min)
2026-03-29 06:21:30 [scrapy.extensions.logstats] INFO: Crawled 8413 pages (at 4344 pages/min), scraped 8398 items (at 4343 items/min)
2026-03-29 06:22:17 [scrapy.core.engine] INFO: Closing spider (finished)
2026-03-29 06:22:17 [scrapy.extensions.feedexport] INFO: Stored jsonl feed (12199 items) in: G:\coding\python\web_scraping\Youm7\youm7_scrape\data\raw\caricature.jsonl
2026-03-29 06:22:17 [scrapy.statscollectors] INFO: Dumping Scrapy stats:
{'downloader/request_bytes': 5883437,
 'downloader/request_count': 12199,
 'downloader/request_method_count/GET': 12199,
 'downloader/response_bytes': 257515862,
 'downloader/response_count': 12199,
 'downloader/response_status_count/200': 12199,
 'dupefilter/filtered': 1,
 'elapsed_time_seconds': 167.214339,
 'feedexport/success_count/FileFeedStorage': 1,
 'finish_reason': 'finished',
 'finish_time': datetime.datetime(2026, 3, 29, 4, 22, 17, 196531, tzinfo=datetime.timezone.utc),
 'httpcompression/response_bytes': 1147376354,
 'httpcompression/response_count': 12199,
 'item_scraped_count': 12199,
 'items_per_minute': 4382.874251497006,
 'log_count/INFO': 5,
 'response_received_count': 12199,
 'responses_per_minute': 4382.874251497006,
 'scheduler/dequeued': 12199,
 'scheduler/dequeued/memory': 12199,
 'scheduler/enqueued': 12199,
 'scheduler/enqueued/memory': 12199,
 'start_time': datetime.datetime(2026, 3, 29, 4, 19, 29, 982192, tzinfo=datetime.timezone.utc)}
2026-03-29 06:22:17 [scrapy.core.engine] INFO: Spider closed (finished)
