2026-03-29 10:14:17 [scrapy.utils.log] INFO: Scrapy 2.14.2 started (bot: youm7_scrape)
2026-03-29 10:14:17 [scrapy.utils.log] INFO: Versions:
{'lxml': '6.0.2',
 'libxml2': '2.11.9',
 'cssselect': '1.4.0',
 'parsel': '1.11.0',
 'w3lib': '2.4.0',
 'Twisted': '25.5.0',
 'Python': '3.10.11 (tags/v3.10.11:7d4cc5a, Apr  5 2023, 00:38:17) [MSC v.1929 '
           '64 bit (AMD64)]',
 'pyOpenSSL': '26.0.0 (OpenSSL 3.5.5 27 Jan 2026)',
 'cryptography': '46.0.5',
 'Platform': 'Windows-10-10.0.22631-SP0'}
2026-03-29 10:14:17 [jsonl_downloader] INFO: Spider initialized for category: تلفزيون
2026-03-29 10:14:17 [scrapy.addons] INFO: Enabled addons:
[]
2026-03-29 10:14:17 [scrapy.extensions.telnet] INFO: Telnet Password: 4c898550b3b10461
2026-03-29 10:14:17 [scrapy.middleware] INFO: Enabled extensions:
['scrapy.extensions.corestats.CoreStats',
 'scrapy.extensions.logcount.LogCount',
 'scrapy.extensions.telnet.TelnetConsole',
 'scrapy.extensions.feedexport.FeedExporter',
 'scrapy.extensions.logstats.LogStats']
2026-03-29 10:14:17 [scrapy.crawler] INFO: Overridden settings:
{'BOT_NAME': 'youm7_scrape',
 'CONCURRENT_REQUESTS': 40,
 'CONCURRENT_REQUESTS_PER_DOMAIN': 40,
 'COOKIES_ENABLED': False,
 'DOWNLOAD_TIMEOUT': 45,
 'FEED_EXPORT_ENCODING': 'utf-8',
 'LOG_FILE': 'G:\\coding\\python\\web_scraping\\Youm7\\youm7_scrape\\data\\raw\\logs\\television.log',
 'LOG_LEVEL': 'INFO',
 'NEWSPIDER_MODULE': 'youm7_scrape.spiders',
 'REACTOR_THREADPOOL_MAXSIZE': 35,
 'RETRY_TIMES': 3,
 'SPIDER_MODULES': ['youm7_scrape.spiders']}
2026-03-29 10:14:18 [scrapy.middleware] INFO: Enabled downloader middlewares:
['scrapy.downloadermiddlewares.offsite.OffsiteMiddleware',
 'scrapy.downloadermiddlewares.httpauth.HttpAuthMiddleware',
 'scrapy.downloadermiddlewares.downloadtimeout.DownloadTimeoutMiddleware',
 'scrapy.downloadermiddlewares.defaultheaders.DefaultHeadersMiddleware',
 'scrapy.downloadermiddlewares.useragent.UserAgentMiddleware',
 'scrapy.downloadermiddlewares.retry.RetryMiddleware',
 'scrapy.downloadermiddlewares.redirect.MetaRefreshMiddleware',
 'scrapy.downloadermiddlewares.httpcompression.HttpCompressionMiddleware',
 'scrapy.downloadermiddlewares.redirect.RedirectMiddleware',
 'scrapy.downloadermiddlewares.httpproxy.HttpProxyMiddleware',
 'scrapy.downloadermiddlewares.stats.DownloaderStats']
2026-03-29 10:14:18 [scrapy.middleware] INFO: Enabled spider middlewares:
['scrapy.spidermiddlewares.start.StartSpiderMiddleware',
 'scrapy.spidermiddlewares.httperror.HttpErrorMiddleware',
 'scrapy.spidermiddlewares.referer.RefererMiddleware',
 'scrapy.spidermiddlewares.urllength.UrlLengthMiddleware',
 'scrapy.spidermiddlewares.depth.DepthMiddleware']
2026-03-29 10:14:18 [scrapy.middleware] INFO: Enabled item pipelines:
[]
2026-03-29 10:14:18 [scrapy.core.engine] INFO: Spider opened
2026-03-29 10:14:18 [py.warnings] WARNING: G:\coding\python\web_scraping\Youm7\venv\lib\site-packages\scrapy\core\spidermw.py:490: ScrapyDeprecationWarning: youm7_scrape.spiders.download_html.jsonl_downloader.JsonlDownloaderSpider defines the deprecated start_requests() method. start_requests() has been deprecated in favor of a new method, start(), to support asynchronous code execution. start_requests() will stop being called in a future version of Scrapy. If you use Scrapy 2.13 or higher only, replace start_requests() with start(); note that start() is a coroutine (async def). If you need to maintain compatibility with lower Scrapy versions, when overriding start_requests() in a spider class, override start() as well; you can use super() to reuse the inherited start() implementation without copy-pasting. See the release notes of Scrapy 2.13 for details: https://docs.scrapy.org/en/2.13/news.html
  warn(

2026-03-29 10:14:18 [scrapy.extensions.logstats] INFO: Crawled 0 pages (at 0 pages/min), scraped 0 items (at 0 items/min)
2026-03-29 10:14:18 [scrapy.extensions.telnet] INFO: Telnet console listening on 127.0.0.1:6023
2026-03-29 10:15:18 [scrapy.extensions.logstats] INFO: Crawled 256 pages (at 256 pages/min), scraped 251 items (at 251 items/min)
2026-03-29 10:16:18 [scrapy.extensions.logstats] INFO: Crawled 3991 pages (at 3735 pages/min), scraped 3976 items (at 3725 items/min)
2026-03-29 10:17:18 [scrapy.extensions.logstats] INFO: Crawled 8384 pages (at 4393 pages/min), scraped 8379 items (at 4403 items/min)
2026-03-29 10:18:18 [scrapy.extensions.logstats] INFO: Crawled 12978 pages (at 4594 pages/min), scraped 12967 items (at 4588 items/min)
2026-03-29 10:19:18 [scrapy.extensions.logstats] INFO: Crawled 17647 pages (at 4669 pages/min), scraped 17647 items (at 4680 items/min)
2026-03-29 10:20:18 [scrapy.extensions.logstats] INFO: Crawled 22198 pages (at 4551 pages/min), scraped 22176 items (at 4529 items/min)
2026-03-29 10:21:18 [scrapy.extensions.logstats] INFO: Crawled 26760 pages (at 4562 pages/min), scraped 26756 items (at 4580 items/min)
2026-03-29 10:22:18 [scrapy.extensions.logstats] INFO: Crawled 30828 pages (at 4068 pages/min), scraped 30814 items (at 4058 items/min)
2026-03-29 10:23:18 [scrapy.extensions.logstats] INFO: Crawled 35654 pages (at 4826 pages/min), scraped 35648 items (at 4834 items/min)
2026-03-29 10:24:18 [scrapy.extensions.logstats] INFO: Crawled 40160 pages (at 4506 pages/min), scraped 40155 items (at 4507 items/min)
2026-03-29 10:25:18 [scrapy.extensions.logstats] INFO: Crawled 44593 pages (at 4433 pages/min), scraped 44590 items (at 4435 items/min)
2026-03-29 10:26:18 [scrapy.extensions.logstats] INFO: Crawled 49327 pages (at 4734 pages/min), scraped 49323 items (at 4733 items/min)
2026-03-29 10:27:18 [scrapy.extensions.logstats] INFO: Crawled 53828 pages (at 4501 pages/min), scraped 53820 items (at 4497 items/min)
2026-03-29 10:28:18 [scrapy.extensions.logstats] INFO: Crawled 58414 pages (at 4586 pages/min), scraped 58408 items (at 4588 items/min)
2026-03-29 10:29:18 [scrapy.extensions.logstats] INFO: Crawled 62385 pages (at 3971 pages/min), scraped 62360 items (at 3952 items/min)
2026-03-29 10:30:18 [scrapy.extensions.logstats] INFO: Crawled 66373 pages (at 3988 pages/min), scraped 66355 items (at 3995 items/min)
2026-03-29 10:31:18 [scrapy.extensions.logstats] INFO: Crawled 69576 pages (at 3203 pages/min), scraped 69547 items (at 3192 items/min)
2026-03-29 10:32:18 [scrapy.extensions.logstats] INFO: Crawled 73194 pages (at 3618 pages/min), scraped 73187 items (at 3640 items/min)
2026-03-29 10:33:18 [scrapy.extensions.logstats] INFO: Crawled 77091 pages (at 3897 pages/min), scraped 77060 items (at 3873 items/min)
2026-03-29 10:34:18 [scrapy.extensions.logstats] INFO: Crawled 81092 pages (at 4001 pages/min), scraped 81092 items (at 4032 items/min)
2026-03-29 10:35:18 [scrapy.extensions.logstats] INFO: Crawled 85063 pages (at 3971 pages/min), scraped 85039 items (at 3947 items/min)
2026-03-29 10:36:18 [scrapy.extensions.logstats] INFO: Crawled 89127 pages (at 4064 pages/min), scraped 89127 items (at 4088 items/min)
2026-03-29 10:37:18 [scrapy.extensions.logstats] INFO: Crawled 91098 pages (at 1971 pages/min), scraped 91058 items (at 1931 items/min)
2026-03-29 10:38:18 [scrapy.extensions.logstats] INFO: Crawled 93747 pages (at 2649 pages/min), scraped 93736 items (at 2678 items/min)
2026-03-29 10:39:18 [scrapy.extensions.logstats] INFO: Crawled 97224 pages (at 3477 pages/min), scraped 97184 items (at 3448 items/min)
2026-03-29 10:40:18 [scrapy.extensions.logstats] INFO: Crawled 101108 pages (at 3884 pages/min), scraped 101108 items (at 3924 items/min)
2026-03-29 10:41:18 [scrapy.extensions.logstats] INFO: Crawled 105214 pages (at 4106 pages/min), scraped 105183 items (at 4075 items/min)
2026-03-29 10:42:18 [scrapy.extensions.logstats] INFO: Crawled 108921 pages (at 3707 pages/min), scraped 108913 items (at 3730 items/min)
2026-03-29 10:43:18 [scrapy.extensions.logstats] INFO: Crawled 112989 pages (at 4068 pages/min), scraped 112952 items (at 4039 items/min)
2026-03-29 10:43:18 [scrapy.extensions.logstats] INFO: Crawled 112989 pages (at 0 pages/min), scraped 112981 items (at 29 items/min)
2026-03-29 10:44:18 [scrapy.extensions.logstats] INFO: Crawled 117027 pages (at 4038 pages/min), scraped 117013 items (at 4032 items/min)
2026-03-29 10:45:18 [scrapy.extensions.logstats] INFO: Crawled 121110 pages (at 4083 pages/min), scraped 121110 items (at 4097 items/min)
2026-03-29 10:46:18 [scrapy.extensions.logstats] INFO: Crawled 124850 pages (at 3740 pages/min), scraped 124818 items (at 3708 items/min)
2026-03-29 10:46:18 [scrapy.extensions.logstats] INFO: Crawled 124850 pages (at 0 pages/min), scraped 124818 items (at 0 items/min)
2026-03-29 10:46:18 [scrapy.extensions.logstats] INFO: Crawled 124850 pages (at 0 pages/min), scraped 124818 items (at 0 items/min)
2026-03-29 10:46:18 [scrapy.extensions.logstats] INFO: Crawled 124850 pages (at 0 pages/min), scraped 124818 items (at 0 items/min)
2026-03-29 10:46:18 [scrapy.extensions.logstats] INFO: Crawled 124850 pages (at 0 pages/min), scraped 124818 items (at 0 items/min)
2026-03-29 10:46:18 [scrapy.extensions.logstats] INFO: Crawled 124850 pages (at 0 pages/min), scraped 124818 items (at 0 items/min)
2026-03-29 10:46:18 [scrapy.extensions.logstats] INFO: Crawled 124850 pages (at 0 pages/min), scraped 124818 items (at 0 items/min)
2026-03-29 10:47:18 [scrapy.extensions.logstats] INFO: Crawled 128772 pages (at 3922 pages/min), scraped 128772 items (at 3954 items/min)
2026-03-29 10:48:18 [scrapy.extensions.logstats] INFO: Crawled 132537 pages (at 3765 pages/min), scraped 132534 items (at 3762 items/min)
2026-03-29 10:49:18 [scrapy.extensions.logstats] INFO: Crawled 136462 pages (at 3925 pages/min), scraped 136462 items (at 3928 items/min)
2026-03-29 10:50:18 [scrapy.extensions.logstats] INFO: Crawled 140738 pages (at 4276 pages/min), scraped 140698 items (at 4236 items/min)
2026-03-29 10:50:18 [scrapy.extensions.logstats] INFO: Crawled 140738 pages (at 0 pages/min), scraped 140702 items (at 4 items/min)
2026-03-29 10:51:18 [scrapy.extensions.logstats] INFO: Crawled 144947 pages (at 4209 pages/min), scraped 144947 items (at 4245 items/min)
2026-03-29 10:52:18 [scrapy.extensions.logstats] INFO: Crawled 149220 pages (at 4273 pages/min), scraped 149207 items (at 4260 items/min)
2026-03-29 10:52:18 [scrapy.extensions.logstats] INFO: Crawled 149220 pages (at 0 pages/min), scraped 149207 items (at 0 items/min)
2026-03-29 10:52:18 [scrapy.extensions.logstats] INFO: Crawled 149220 pages (at 0 pages/min), scraped 149207 items (at 0 items/min)
2026-03-29 10:52:18 [scrapy.extensions.logstats] INFO: Crawled 149220 pages (at 0 pages/min), scraped 149207 items (at 0 items/min)
2026-03-29 10:52:18 [scrapy.extensions.logstats] INFO: Crawled 149220 pages (at 0 pages/min), scraped 149207 items (at 0 items/min)
2026-03-29 10:52:18 [scrapy.extensions.logstats] INFO: Crawled 149220 pages (at 0 pages/min), scraped 149207 items (at 0 items/min)
2026-03-29 10:52:18 [scrapy.extensions.logstats] INFO: Crawled 149220 pages (at 0 pages/min), scraped 149207 items (at 0 items/min)
2026-03-29 10:52:18 [scrapy.extensions.logstats] INFO: Crawled 149220 pages (at 0 pages/min), scraped 149207 items (at 0 items/min)
2026-03-29 10:52:18 [scrapy.extensions.logstats] INFO: Crawled 149222 pages (at 2 pages/min), scraped 149207 items (at 0 items/min)
2026-03-29 10:52:18 [scrapy.extensions.logstats] INFO: Crawled 149222 pages (at 0 pages/min), scraped 149207 items (at 0 items/min)
2026-03-29 10:52:18 [scrapy.extensions.logstats] INFO: Crawled 149224 pages (at 2 pages/min), scraped 149207 items (at 0 items/min)
2026-03-29 10:52:18 [scrapy.extensions.logstats] INFO: Crawled 149224 pages (at 0 pages/min), scraped 149207 items (at 0 items/min)
2026-03-29 10:52:18 [scrapy.extensions.logstats] INFO: Crawled 149224 pages (at 0 pages/min), scraped 149207 items (at 0 items/min)
2026-03-29 10:53:18 [scrapy.extensions.logstats] INFO: Crawled 152888 pages (at 3664 pages/min), scraped 152887 items (at 3680 items/min)
2026-03-29 10:54:18 [scrapy.extensions.logstats] INFO: Crawled 156941 pages (at 4053 pages/min), scraped 156922 items (at 4035 items/min)
2026-03-29 10:54:18 [scrapy.extensions.logstats] INFO: Crawled 156945 pages (at 4 pages/min), scraped 156925 items (at 3 items/min)
2026-03-29 10:55:18 [scrapy.extensions.logstats] INFO: Crawled 160971 pages (at 4026 pages/min), scraped 160963 items (at 4038 items/min)
2026-03-29 10:55:18 [scrapy.extensions.logstats] INFO: Crawled 160971 pages (at 0 pages/min), scraped 160963 items (at 0 items/min)
2026-03-29 10:55:18 [scrapy.extensions.logstats] INFO: Crawled 160972 pages (at 1 pages/min), scraped 160963 items (at 0 items/min)
2026-03-29 10:55:18 [scrapy.extensions.logstats] INFO: Crawled 160972 pages (at 0 pages/min), scraped 160963 items (at 0 items/min)
2026-03-29 10:55:18 [scrapy.extensions.logstats] INFO: Crawled 160972 pages (at 0 pages/min), scraped 160963 items (at 0 items/min)
2026-03-29 10:55:18 [scrapy.extensions.logstats] INFO: Crawled 160972 pages (at 0 pages/min), scraped 160963 items (at 0 items/min)
2026-03-29 10:55:18 [scrapy.extensions.logstats] INFO: Crawled 160972 pages (at 0 pages/min), scraped 160963 items (at 0 items/min)
2026-03-29 10:55:18 [scrapy.extensions.logstats] INFO: Crawled 160972 pages (at 0 pages/min), scraped 160963 items (at 0 items/min)
2026-03-29 10:55:18 [scrapy.extensions.logstats] INFO: Crawled 160972 pages (at 0 pages/min), scraped 160963 items (at 0 items/min)
2026-03-29 10:55:18 [scrapy.extensions.logstats] INFO: Crawled 160972 pages (at 0 pages/min), scraped 160963 items (at 0 items/min)
2026-03-29 10:55:18 [scrapy.extensions.logstats] INFO: Crawled 160972 pages (at 0 pages/min), scraped 160963 items (at 0 items/min)
2026-03-29 10:55:18 [scrapy.extensions.logstats] INFO: Crawled 160972 pages (at 0 pages/min), scraped 160963 items (at 0 items/min)
2026-03-29 10:55:18 [scrapy.extensions.logstats] INFO: Crawled 160972 pages (at 0 pages/min), scraped 160963 items (at 0 items/min)
2026-03-29 10:55:18 [scrapy.extensions.logstats] INFO: Crawled 160972 pages (at 0 pages/min), scraped 160963 items (at 0 items/min)
2026-03-29 10:55:18 [scrapy.extensions.logstats] INFO: Crawled 160972 pages (at 0 pages/min), scraped 160963 items (at 0 items/min)
2026-03-29 10:55:18 [scrapy.extensions.logstats] INFO: Crawled 160972 pages (at 0 pages/min), scraped 160963 items (at 0 items/min)
2026-03-29 10:56:18 [scrapy.extensions.logstats] INFO: Crawled 164557 pages (at 3585 pages/min), scraped 164557 items (at 3594 items/min)
2026-03-29 10:57:18 [scrapy.extensions.logstats] INFO: Crawled 168299 pages (at 3742 pages/min), scraped 168288 items (at 3731 items/min)
2026-03-29 10:57:18 [scrapy.extensions.logstats] INFO: Crawled 168299 pages (at 0 pages/min), scraped 168288 items (at 0 items/min)
2026-03-29 10:57:18 [scrapy.extensions.logstats] INFO: Crawled 168299 pages (at 0 pages/min), scraped 168288 items (at 0 items/min)
2026-03-29 10:57:18 [scrapy.extensions.logstats] INFO: Crawled 168299 pages (at 0 pages/min), scraped 168288 items (at 0 items/min)
2026-03-29 10:57:18 [scrapy.extensions.logstats] INFO: Crawled 168299 pages (at 0 pages/min), scraped 168288 items (at 0 items/min)
2026-03-29 10:57:18 [scrapy.extensions.logstats] INFO: Crawled 168299 pages (at 0 pages/min), scraped 168288 items (at 0 items/min)
2026-03-29 10:57:18 [scrapy.extensions.logstats] INFO: Crawled 168299 pages (at 0 pages/min), scraped 168288 items (at 0 items/min)
2026-03-29 10:57:18 [scrapy.extensions.logstats] INFO: Crawled 168299 pages (at 0 pages/min), scraped 168288 items (at 0 items/min)
2026-03-29 10:57:18 [scrapy.extensions.logstats] INFO: Crawled 168299 pages (at 0 pages/min), scraped 168288 items (at 0 items/min)
2026-03-29 10:57:18 [scrapy.extensions.logstats] INFO: Crawled 168299 pages (at 0 pages/min), scraped 168288 items (at 0 items/min)
2026-03-29 10:58:18 [scrapy.extensions.logstats] INFO: Crawled 172479 pages (at 4180 pages/min), scraped 172468 items (at 4180 items/min)
2026-03-29 10:58:18 [scrapy.extensions.logstats] INFO: Crawled 172480 pages (at 1 pages/min), scraped 172468 items (at 0 items/min)
2026-03-29 10:58:18 [scrapy.extensions.logstats] INFO: Crawled 172480 pages (at 0 pages/min), scraped 172468 items (at 0 items/min)
2026-03-29 10:58:18 [scrapy.extensions.logstats] INFO: Crawled 172480 pages (at 0 pages/min), scraped 172468 items (at 0 items/min)
2026-03-29 10:58:18 [scrapy.extensions.logstats] INFO: Crawled 172480 pages (at 0 pages/min), scraped 172468 items (at 0 items/min)
2026-03-29 10:58:18 [scrapy.extensions.logstats] INFO: Crawled 172481 pages (at 1 pages/min), scraped 172468 items (at 0 items/min)
2026-03-29 10:58:18 [scrapy.extensions.logstats] INFO: Crawled 172481 pages (at 0 pages/min), scraped 172468 items (at 0 items/min)
2026-03-29 10:58:18 [scrapy.extensions.logstats] INFO: Crawled 172481 pages (at 0 pages/min), scraped 172468 items (at 0 items/min)
2026-03-29 10:58:18 [scrapy.extensions.logstats] INFO: Crawled 172481 pages (at 0 pages/min), scraped 172468 items (at 0 items/min)
2026-03-29 10:58:18 [scrapy.extensions.logstats] INFO: Crawled 172481 pages (at 0 pages/min), scraped 172468 items (at 0 items/min)
2026-03-29 10:58:18 [scrapy.extensions.logstats] INFO: Crawled 172481 pages (at 0 pages/min), scraped 172468 items (at 0 items/min)
2026-03-29 10:58:18 [scrapy.extensions.logstats] INFO: Crawled 172481 pages (at 0 pages/min), scraped 172468 items (at 0 items/min)
2026-03-29 10:58:18 [scrapy.extensions.logstats] INFO: Crawled 172481 pages (at 0 pages/min), scraped 172468 items (at 0 items/min)
2026-03-29 10:58:18 [scrapy.extensions.logstats] INFO: Crawled 172481 pages (at 0 pages/min), scraped 172468 items (at 0 items/min)
2026-03-29 10:58:18 [scrapy.extensions.logstats] INFO: Crawled 172481 pages (at 0 pages/min), scraped 172468 items (at 0 items/min)
2026-03-29 10:58:18 [scrapy.extensions.logstats] INFO: Crawled 172481 pages (at 0 pages/min), scraped 172468 items (at 0 items/min)
2026-03-29 10:58:18 [scrapy.extensions.logstats] INFO: Crawled 172481 pages (at 0 pages/min), scraped 172468 items (at 0 items/min)
2026-03-29 10:58:18 [scrapy.extensions.logstats] INFO: Crawled 172481 pages (at 0 pages/min), scraped 172468 items (at 0 items/min)
2026-03-29 10:58:18 [scrapy.extensions.logstats] INFO: Crawled 172481 pages (at 0 pages/min), scraped 172468 items (at 0 items/min)
2026-03-29 10:58:18 [scrapy.extensions.logstats] INFO: Crawled 172481 pages (at 0 pages/min), scraped 172468 items (at 0 items/min)
2026-03-29 10:58:18 [scrapy.extensions.logstats] INFO: Crawled 172481 pages (at 0 pages/min), scraped 172468 items (at 0 items/min)
2026-03-29 10:58:18 [scrapy.extensions.logstats] INFO: Crawled 172481 pages (at 0 pages/min), scraped 172468 items (at 0 items/min)
2026-03-29 10:58:18 [scrapy.extensions.logstats] INFO: Crawled 172481 pages (at 0 pages/min), scraped 172468 items (at 0 items/min)
2026-03-29 10:58:18 [scrapy.extensions.logstats] INFO: Crawled 172481 pages (at 0 pages/min), scraped 172468 items (at 0 items/min)
2026-03-29 10:58:18 [scrapy.extensions.logstats] INFO: Crawled 172481 pages (at 0 pages/min), scraped 172468 items (at 0 items/min)
2026-03-29 10:58:18 [scrapy.extensions.logstats] INFO: Crawled 172481 pages (at 0 pages/min), scraped 172468 items (at 0 items/min)
2026-03-29 10:58:18 [scrapy.extensions.logstats] INFO: Crawled 172481 pages (at 0 pages/min), scraped 172468 items (at 0 items/min)
2026-03-29 10:58:18 [scrapy.extensions.logstats] INFO: Crawled 172481 pages (at 0 pages/min), scraped 172468 items (at 0 items/min)
2026-03-29 10:58:18 [scrapy.extensions.logstats] INFO: Crawled 172481 pages (at 0 pages/min), scraped 172468 items (at 0 items/min)
2026-03-29 10:58:18 [scrapy.extensions.logstats] INFO: Crawled 172481 pages (at 0 pages/min), scraped 172468 items (at 0 items/min)
2026-03-29 10:58:18 [scrapy.extensions.logstats] INFO: Crawled 172481 pages (at 0 pages/min), scraped 172468 items (at 0 items/min)
2026-03-29 10:58:18 [scrapy.extensions.logstats] INFO: Crawled 172481 pages (at 0 pages/min), scraped 172468 items (at 0 items/min)
2026-03-29 10:58:18 [scrapy.extensions.logstats] INFO: Crawled 172481 pages (at 0 pages/min), scraped 172468 items (at 0 items/min)
2026-03-29 10:58:18 [scrapy.extensions.logstats] INFO: Crawled 172481 pages (at 0 pages/min), scraped 172468 items (at 0 items/min)
2026-03-29 10:58:18 [scrapy.extensions.logstats] INFO: Crawled 172481 pages (at 0 pages/min), scraped 172468 items (at 0 items/min)
2026-03-29 10:58:18 [scrapy.extensions.logstats] INFO: Crawled 172481 pages (at 0 pages/min), scraped 172468 items (at 0 items/min)
2026-03-29 10:58:18 [scrapy.extensions.logstats] INFO: Crawled 172481 pages (at 0 pages/min), scraped 172468 items (at 0 items/min)
2026-03-29 10:58:18 [scrapy.extensions.logstats] INFO: Crawled 172481 pages (at 0 pages/min), scraped 172468 items (at 0 items/min)
2026-03-29 10:58:18 [scrapy.extensions.logstats] INFO: Crawled 172481 pages (at 0 pages/min), scraped 172468 items (at 0 items/min)
2026-03-29 10:58:18 [scrapy.extensions.logstats] INFO: Crawled 172481 pages (at 0 pages/min), scraped 172468 items (at 0 items/min)
2026-03-29 10:58:18 [scrapy.extensions.logstats] INFO: Crawled 172481 pages (at 0 pages/min), scraped 172468 items (at 0 items/min)
2026-03-29 10:58:18 [scrapy.extensions.logstats] INFO: Crawled 172481 pages (at 0 pages/min), scraped 172468 items (at 0 items/min)
2026-03-29 10:58:18 [scrapy.extensions.logstats] INFO: Crawled 172481 pages (at 0 pages/min), scraped 172468 items (at 0 items/min)
2026-03-29 10:58:18 [scrapy.extensions.logstats] INFO: Crawled 172481 pages (at 0 pages/min), scraped 172468 items (at 0 items/min)
2026-03-29 10:58:18 [scrapy.extensions.logstats] INFO: Crawled 172481 pages (at 0 pages/min), scraped 172468 items (at 0 items/min)
2026-03-29 10:58:18 [scrapy.extensions.logstats] INFO: Crawled 172481 pages (at 0 pages/min), scraped 172468 items (at 0 items/min)
2026-03-29 10:58:18 [scrapy.extensions.logstats] INFO: Crawled 172481 pages (at 0 pages/min), scraped 172468 items (at 0 items/min)
2026-03-29 10:58:18 [scrapy.extensions.logstats] INFO: Crawled 172481 pages (at 0 pages/min), scraped 172468 items (at 0 items/min)
2026-03-29 10:58:18 [scrapy.extensions.logstats] INFO: Crawled 172481 pages (at 0 pages/min), scraped 172468 items (at 0 items/min)
2026-03-29 10:58:18 [scrapy.extensions.logstats] INFO: Crawled 172481 pages (at 0 pages/min), scraped 172468 items (at 0 items/min)
2026-03-29 10:59:18 [scrapy.extensions.logstats] INFO: Crawled 176740 pages (at 4259 pages/min), scraped 176732 items (at 4264 items/min)
2026-03-29 10:59:18 [scrapy.extensions.logstats] INFO: Crawled 176740 pages (at 0 pages/min), scraped 176732 items (at 0 items/min)
2026-03-29 10:59:18 [scrapy.extensions.logstats] INFO: Crawled 176740 pages (at 0 pages/min), scraped 176732 items (at 0 items/min)
2026-03-29 10:59:18 [scrapy.extensions.logstats] INFO: Crawled 176740 pages (at 0 pages/min), scraped 176732 items (at 0 items/min)
2026-03-29 10:59:18 [scrapy.extensions.logstats] INFO: Crawled 176740 pages (at 0 pages/min), scraped 176732 items (at 0 items/min)
2026-03-29 10:59:18 [scrapy.extensions.logstats] INFO: Crawled 176740 pages (at 0 pages/min), scraped 176732 items (at 0 items/min)
2026-03-29 10:59:18 [scrapy.extensions.logstats] INFO: Crawled 176740 pages (at 0 pages/min), scraped 176732 items (at 0 items/min)
2026-03-29 10:59:18 [scrapy.extensions.logstats] INFO: Crawled 176740 pages (at 0 pages/min), scraped 176732 items (at 0 items/min)
2026-03-29 10:59:18 [scrapy.extensions.logstats] INFO: Crawled 176740 pages (at 0 pages/min), scraped 176732 items (at 0 items/min)
2026-03-29 10:59:18 [scrapy.extensions.logstats] INFO: Crawled 176740 pages (at 0 pages/min), scraped 176732 items (at 0 items/min)
2026-03-29 10:59:18 [scrapy.extensions.logstats] INFO: Crawled 176740 pages (at 0 pages/min), scraped 176732 items (at 0 items/min)
2026-03-29 10:59:18 [scrapy.extensions.logstats] INFO: Crawled 176740 pages (at 0 pages/min), scraped 176732 items (at 0 items/min)
2026-03-29 10:59:18 [scrapy.extensions.logstats] INFO: Crawled 176740 pages (at 0 pages/min), scraped 176732 items (at 0 items/min)
2026-03-29 10:59:18 [scrapy.extensions.logstats] INFO: Crawled 176740 pages (at 0 pages/min), scraped 176732 items (at 0 items/min)
2026-03-29 10:59:18 [scrapy.extensions.logstats] INFO: Crawled 176740 pages (at 0 pages/min), scraped 176732 items (at 0 items/min)
2026-03-29 10:59:18 [scrapy.extensions.logstats] INFO: Crawled 176740 pages (at 0 pages/min), scraped 176732 items (at 0 items/min)
2026-03-29 10:59:18 [scrapy.extensions.logstats] INFO: Crawled 176740 pages (at 0 pages/min), scraped 176732 items (at 0 items/min)
2026-03-29 10:59:18 [scrapy.extensions.logstats] INFO: Crawled 176740 pages (at 0 pages/min), scraped 176732 items (at 0 items/min)
2026-03-29 10:59:18 [scrapy.extensions.logstats] INFO: Crawled 176740 pages (at 0 pages/min), scraped 176732 items (at 0 items/min)
2026-03-29 10:59:18 [scrapy.extensions.logstats] INFO: Crawled 176740 pages (at 0 pages/min), scraped 176732 items (at 0 items/min)
2026-03-29 10:59:18 [scrapy.extensions.logstats] INFO: Crawled 176740 pages (at 0 pages/min), scraped 176732 items (at 0 items/min)
2026-03-29 10:59:18 [scrapy.extensions.logstats] INFO: Crawled 176740 pages (at 0 pages/min), scraped 176732 items (at 0 items/min)
2026-03-29 10:59:18 [scrapy.extensions.logstats] INFO: Crawled 176740 pages (at 0 pages/min), scraped 176732 items (at 0 items/min)
2026-03-29 10:59:18 [scrapy.extensions.logstats] INFO: Crawled 176740 pages (at 0 pages/min), scraped 176732 items (at 0 items/min)
2026-03-29 10:59:18 [scrapy.extensions.logstats] INFO: Crawled 176740 pages (at 0 pages/min), scraped 176732 items (at 0 items/min)
2026-03-29 10:59:18 [scrapy.extensions.logstats] INFO: Crawled 176740 pages (at 0 pages/min), scraped 176732 items (at 0 items/min)
2026-03-29 10:59:18 [scrapy.extensions.logstats] INFO: Crawled 176740 pages (at 0 pages/min), scraped 176732 items (at 0 items/min)
2026-03-29 10:59:18 [scrapy.extensions.logstats] INFO: Crawled 176740 pages (at 0 pages/min), scraped 176732 items (at 0 items/min)
2026-03-29 10:59:18 [scrapy.extensions.logstats] INFO: Crawled 176740 pages (at 0 pages/min), scraped 176732 items (at 0 items/min)
2026-03-29 10:59:18 [scrapy.extensions.logstats] INFO: Crawled 176740 pages (at 0 pages/min), scraped 176732 items (at 0 items/min)
2026-03-29 10:59:18 [scrapy.extensions.logstats] INFO: Crawled 176740 pages (at 0 pages/min), scraped 176732 items (at 0 items/min)
2026-03-29 10:59:18 [scrapy.extensions.logstats] INFO: Crawled 176740 pages (at 0 pages/min), scraped 176732 items (at 0 items/min)
2026-03-29 10:59:18 [scrapy.extensions.logstats] INFO: Crawled 176740 pages (at 0 pages/min), scraped 176732 items (at 0 items/min)
2026-03-29 10:59:18 [scrapy.extensions.logstats] INFO: Crawled 176740 pages (at 0 pages/min), scraped 176732 items (at 0 items/min)
2026-03-29 10:59:18 [scrapy.extensions.logstats] INFO: Crawled 176740 pages (at 0 pages/min), scraped 176732 items (at 0 items/min)
2026-03-29 10:59:18 [scrapy.extensions.logstats] INFO: Crawled 176740 pages (at 0 pages/min), scraped 176732 items (at 0 items/min)
2026-03-29 10:59:18 [scrapy.extensions.logstats] INFO: Crawled 176741 pages (at 1 pages/min), scraped 176732 items (at 0 items/min)
2026-03-29 10:59:18 [scrapy.extensions.logstats] INFO: Crawled 176741 pages (at 0 pages/min), scraped 176732 items (at 0 items/min)
2026-03-29 10:59:18 [scrapy.extensions.logstats] INFO: Crawled 176741 pages (at 0 pages/min), scraped 176732 items (at 0 items/min)
2026-03-29 10:59:18 [scrapy.extensions.logstats] INFO: Crawled 176741 pages (at 0 pages/min), scraped 176732 items (at 0 items/min)
2026-03-29 10:59:18 [scrapy.extensions.logstats] INFO: Crawled 176741 pages (at 0 pages/min), scraped 176732 items (at 0 items/min)
2026-03-29 10:59:18 [scrapy.extensions.logstats] INFO: Crawled 176741 pages (at 0 pages/min), scraped 176732 items (at 0 items/min)
2026-03-29 10:59:18 [scrapy.extensions.logstats] INFO: Crawled 176741 pages (at 0 pages/min), scraped 176732 items (at 0 items/min)
2026-03-29 10:59:18 [scrapy.extensions.logstats] INFO: Crawled 176741 pages (at 0 pages/min), scraped 176732 items (at 0 items/min)
2026-03-29 10:59:18 [scrapy.extensions.logstats] INFO: Crawled 176741 pages (at 0 pages/min), scraped 176732 items (at 0 items/min)
2026-03-29 10:59:18 [scrapy.extensions.logstats] INFO: Crawled 176741 pages (at 0 pages/min), scraped 176732 items (at 0 items/min)
2026-03-29 10:59:18 [scrapy.extensions.logstats] INFO: Crawled 176741 pages (at 0 pages/min), scraped 176732 items (at 0 items/min)
2026-03-29 10:59:18 [scrapy.extensions.logstats] INFO: Crawled 176741 pages (at 0 pages/min), scraped 176732 items (at 0 items/min)
2026-03-29 10:59:18 [scrapy.extensions.logstats] INFO: Crawled 176741 pages (at 0 pages/min), scraped 176732 items (at 0 items/min)
2026-03-29 10:59:18 [scrapy.extensions.logstats] INFO: Crawled 176741 pages (at 0 pages/min), scraped 176732 items (at 0 items/min)
2026-03-29 10:59:18 [scrapy.extensions.logstats] INFO: Crawled 176741 pages (at 0 pages/min), scraped 176732 items (at 0 items/min)
2026-03-29 10:59:18 [scrapy.extensions.logstats] INFO: Crawled 176741 pages (at 0 pages/min), scraped 176732 items (at 0 items/min)
2026-03-29 10:59:18 [scrapy.extensions.logstats] INFO: Crawled 176741 pages (at 0 pages/min), scraped 176732 items (at 0 items/min)
2026-03-29 10:59:18 [scrapy.extensions.logstats] INFO: Crawled 176741 pages (at 0 pages/min), scraped 176732 items (at 0 items/min)
2026-03-29 10:59:18 [scrapy.extensions.logstats] INFO: Crawled 176741 pages (at 0 pages/min), scraped 176732 items (at 0 items/min)
2026-03-29 10:59:18 [scrapy.extensions.logstats] INFO: Crawled 176741 pages (at 0 pages/min), scraped 176732 items (at 0 items/min)
2026-03-29 10:59:18 [scrapy.extensions.logstats] INFO: Crawled 176741 pages (at 0 pages/min), scraped 176732 items (at 0 items/min)
2026-03-29 10:59:18 [scrapy.extensions.logstats] INFO: Crawled 176741 pages (at 0 pages/min), scraped 176732 items (at 0 items/min)
2026-03-29 10:59:18 [scrapy.extensions.logstats] INFO: Crawled 176741 pages (at 0 pages/min), scraped 176732 items (at 0 items/min)
2026-03-29 10:59:18 [scrapy.extensions.logstats] INFO: Crawled 176741 pages (at 0 pages/min), scraped 176732 items (at 0 items/min)
2026-03-29 10:59:18 [scrapy.extensions.logstats] INFO: Crawled 176741 pages (at 0 pages/min), scraped 176732 items (at 0 items/min)
2026-03-29 10:59:18 [scrapy.extensions.logstats] INFO: Crawled 176741 pages (at 0 pages/min), scraped 176732 items (at 0 items/min)
2026-03-29 10:59:18 [scrapy.extensions.logstats] INFO: Crawled 176741 pages (at 0 pages/min), scraped 176732 items (at 0 items/min)
2026-03-29 10:59:18 [scrapy.extensions.logstats] INFO: Crawled 176741 pages (at 0 pages/min), scraped 176732 items (at 0 items/min)
2026-03-29 10:59:18 [scrapy.extensions.logstats] INFO: Crawled 176741 pages (at 0 pages/min), scraped 176732 items (at 0 items/min)
2026-03-29 10:59:18 [scrapy.extensions.logstats] INFO: Crawled 176741 pages (at 0 pages/min), scraped 176732 items (at 0 items/min)
2026-03-29 10:59:18 [scrapy.extensions.logstats] INFO: Crawled 176741 pages (at 0 pages/min), scraped 176732 items (at 0 items/min)
2026-03-29 10:59:18 [scrapy.extensions.logstats] INFO: Crawled 176741 pages (at 0 pages/min), scraped 176732 items (at 0 items/min)
2026-03-29 10:59:18 [scrapy.extensions.logstats] INFO: Crawled 176741 pages (at 0 pages/min), scraped 176732 items (at 0 items/min)
2026-03-29 10:59:18 [scrapy.extensions.logstats] INFO: Crawled 176741 pages (at 0 pages/min), scraped 176732 items (at 0 items/min)
2026-03-29 10:59:18 [scrapy.extensions.logstats] INFO: Crawled 176741 pages (at 0 pages/min), scraped 176732 items (at 0 items/min)
2026-03-29 10:59:18 [scrapy.extensions.logstats] INFO: Crawled 176741 pages (at 0 pages/min), scraped 176732 items (at 0 items/min)
2026-03-29 10:59:18 [scrapy.extensions.logstats] INFO: Crawled 176741 pages (at 0 pages/min), scraped 176732 items (at 0 items/min)
2026-03-29 10:59:18 [scrapy.extensions.logstats] INFO: Crawled 176741 pages (at 0 pages/min), scraped 176732 items (at 0 items/min)
2026-03-29 10:59:18 [scrapy.extensions.logstats] INFO: Crawled 176741 pages (at 0 pages/min), scraped 176732 items (at 0 items/min)
2026-03-29 10:59:18 [scrapy.extensions.logstats] INFO: Crawled 176741 pages (at 0 pages/min), scraped 176732 items (at 0 items/min)
2026-03-29 10:59:18 [scrapy.extensions.logstats] INFO: Crawled 176741 pages (at 0 pages/min), scraped 176732 items (at 0 items/min)
2026-03-29 10:59:18 [scrapy.extensions.logstats] INFO: Crawled 176741 pages (at 0 pages/min), scraped 176732 items (at 0 items/min)
2026-03-29 10:59:18 [scrapy.extensions.logstats] INFO: Crawled 176742 pages (at 1 pages/min), scraped 176732 items (at 0 items/min)
2026-03-29 11:00:18 [scrapy.extensions.logstats] INFO: Crawled 181171 pages (at 4429 pages/min), scraped 181136 items (at 4404 items/min)
2026-03-29 11:00:18 [scrapy.extensions.logstats] INFO: Crawled 181171 pages (at 0 pages/min), scraped 181138 items (at 2 items/min)
2026-03-29 11:01:18 [scrapy.extensions.logstats] INFO: Crawled 185888 pages (at 4717 pages/min), scraped 185867 items (at 4729 items/min)
2026-03-29 11:02:18 [scrapy.extensions.logstats] INFO: Crawled 190227 pages (at 4339 pages/min), scraped 190223 items (at 4356 items/min)
2026-03-29 11:02:18 [scrapy.extensions.logstats] INFO: Crawled 190227 pages (at 0 pages/min), scraped 190223 items (at 0 items/min)
2026-03-29 11:02:18 [scrapy.extensions.logstats] INFO: Crawled 190227 pages (at 0 pages/min), scraped 190223 items (at 0 items/min)
2026-03-29 11:02:18 [scrapy.core.engine] INFO: Closing spider (finished)
2026-03-29 11:02:18 [scrapy.extensions.feedexport] INFO: Stored jsonl feed (190227 items) in: G:\coding\python\web_scraping\Youm7\youm7_scrape\data\raw\television.jsonl
2026-03-29 11:02:18 [scrapy.statscollectors] INFO: Dumping Scrapy stats:
{'downloader/exception_count': 103,
 'downloader/exception_type_count/twisted.internet.error.TimeoutError': 103,
 'downloader/request_bytes': 100748830,
 'downloader/request_count': 190332,
 'downloader/request_method_count/GET': 190332,
 'downloader/response_bytes': 4239765856,
 'downloader/response_count': 190229,
 'downloader/response_status_count/200': 190227,
 'downloader/response_status_count/503': 2,
 'dupefilter/filtered': 13,
 'elapsed_time_seconds': 2880.048205,
 'feedexport/success_count/FileFeedStorage': 1,
 'finish_reason': 'finished',
 'finish_time': datetime.datetime(2026, 3, 29, 9, 2, 18, 330360, tzinfo=datetime.timezone.utc),
 'httpcompression/response_bytes': 19232030078,
 'httpcompression/response_count': 190227,
 'item_scraped_count': 190227,
 'items_per_minute': 3963.0625,
 'log_count/INFO': 226,
 'response_received_count': 190227,
 'responses_per_minute': 3963.0625,
 'retry/count': 105,
 'retry/reason_count/503 Service Unavailable': 2,
 'retry/reason_count/twisted.internet.error.TimeoutError': 103,
 'scheduler/dequeued': 190332,
 'scheduler/dequeued/memory': 190332,
 'scheduler/enqueued': 190332,
 'scheduler/enqueued/memory': 190332,
 'start_time': datetime.datetime(2026, 3, 29, 8, 14, 18, 282155, tzinfo=datetime.timezone.utc)}
2026-03-29 11:02:18 [scrapy.core.engine] INFO: Spider closed (finished)
