2026-03-29 11:02:23 [scrapy.utils.log] INFO: Scrapy 2.14.2 started (bot: youm7_scrape)
2026-03-29 11:02:23 [scrapy.utils.log] INFO: Versions:
{'lxml': '6.0.2',
 'libxml2': '2.11.9',
 'cssselect': '1.4.0',
 'parsel': '1.11.0',
 'w3lib': '2.4.0',
 'Twisted': '25.5.0',
 'Python': '3.10.11 (tags/v3.10.11:7d4cc5a, Apr  5 2023, 00:38:17) [MSC v.1929 '
           '64 bit (AMD64)]',
 'pyOpenSSL': '26.0.0 (OpenSSL 3.5.5 27 Jan 2026)',
 'cryptography': '46.0.5',
 'Platform': 'Windows-10-10.0.22631-SP0'}
2026-03-29 11:02:23 [jsonl_downloader] INFO: Spider initialized for category: عاجل
2026-03-29 11:02:23 [scrapy.addons] INFO: Enabled addons:
[]
2026-03-29 11:02:23 [scrapy.extensions.telnet] INFO: Telnet Password: 5f3762e23480a2be
2026-03-29 11:02:23 [scrapy.middleware] INFO: Enabled extensions:
['scrapy.extensions.corestats.CoreStats',
 'scrapy.extensions.logcount.LogCount',
 'scrapy.extensions.telnet.TelnetConsole',
 'scrapy.extensions.feedexport.FeedExporter',
 'scrapy.extensions.logstats.LogStats']
2026-03-29 11:02:23 [scrapy.crawler] INFO: Overridden settings:
{'BOT_NAME': 'youm7_scrape',
 'CONCURRENT_REQUESTS': 40,
 'CONCURRENT_REQUESTS_PER_DOMAIN': 40,
 'COOKIES_ENABLED': False,
 'DOWNLOAD_TIMEOUT': 45,
 'FEED_EXPORT_ENCODING': 'utf-8',
 'LOG_FILE': 'G:\\coding\\python\\web_scraping\\Youm7\\youm7_scrape\\data\\raw\\logs\\urgent.log',
 'LOG_LEVEL': 'INFO',
 'NEWSPIDER_MODULE': 'youm7_scrape.spiders',
 'REACTOR_THREADPOOL_MAXSIZE': 35,
 'RETRY_TIMES': 3,
 'SPIDER_MODULES': ['youm7_scrape.spiders']}
2026-03-29 11:02:23 [scrapy.middleware] INFO: Enabled downloader middlewares:
['scrapy.downloadermiddlewares.offsite.OffsiteMiddleware',
 'scrapy.downloadermiddlewares.httpauth.HttpAuthMiddleware',
 'scrapy.downloadermiddlewares.downloadtimeout.DownloadTimeoutMiddleware',
 'scrapy.downloadermiddlewares.defaultheaders.DefaultHeadersMiddleware',
 'scrapy.downloadermiddlewares.useragent.UserAgentMiddleware',
 'scrapy.downloadermiddlewares.retry.RetryMiddleware',
 'scrapy.downloadermiddlewares.redirect.MetaRefreshMiddleware',
 'scrapy.downloadermiddlewares.httpcompression.HttpCompressionMiddleware',
 'scrapy.downloadermiddlewares.redirect.RedirectMiddleware',
 'scrapy.downloadermiddlewares.httpproxy.HttpProxyMiddleware',
 'scrapy.downloadermiddlewares.stats.DownloaderStats']
2026-03-29 11:02:23 [scrapy.middleware] INFO: Enabled spider middlewares:
['scrapy.spidermiddlewares.start.StartSpiderMiddleware',
 'scrapy.spidermiddlewares.httperror.HttpErrorMiddleware',
 'scrapy.spidermiddlewares.referer.RefererMiddleware',
 'scrapy.spidermiddlewares.urllength.UrlLengthMiddleware',
 'scrapy.spidermiddlewares.depth.DepthMiddleware']
2026-03-29 11:02:23 [scrapy.middleware] INFO: Enabled item pipelines:
[]
2026-03-29 11:02:23 [scrapy.core.engine] INFO: Spider opened
2026-03-29 11:02:23 [py.warnings] WARNING: G:\coding\python\web_scraping\Youm7\venv\lib\site-packages\scrapy\core\spidermw.py:490: ScrapyDeprecationWarning: youm7_scrape.spiders.download_html.jsonl_downloader.JsonlDownloaderSpider defines the deprecated start_requests() method. start_requests() has been deprecated in favor of a new method, start(), to support asynchronous code execution. start_requests() will stop being called in a future version of Scrapy. If you use Scrapy 2.13 or higher only, replace start_requests() with start(); note that start() is a coroutine (async def). If you need to maintain compatibility with lower Scrapy versions, when overriding start_requests() in a spider class, override start() as well; you can use super() to reuse the inherited start() implementation without copy-pasting. See the release notes of Scrapy 2.13 for details: https://docs.scrapy.org/en/2.13/news.html
  warn(

2026-03-29 11:02:23 [scrapy.extensions.logstats] INFO: Crawled 0 pages (at 0 pages/min), scraped 0 items (at 0 items/min)
2026-03-29 11:02:23 [scrapy.extensions.telnet] INFO: Telnet console listening on 127.0.0.1:6023
2026-03-29 11:03:39 [scrapy.extensions.logstats] INFO: Crawled 0 pages (at 0 pages/min), scraped 0 items (at 0 items/min)
2026-03-29 11:04:23 [scrapy.extensions.logstats] INFO: Crawled 2944 pages (at 2944 pages/min), scraped 2905 items (at 2905 items/min)
2026-03-29 11:05:23 [scrapy.extensions.logstats] INFO: Crawled 7325 pages (at 4381 pages/min), scraped 7324 items (at 4419 items/min)
2026-03-29 11:06:24 [scrapy.extensions.logstats] INFO: Crawled 11631 pages (at 4306 pages/min), scraped 11628 items (at 4304 items/min)
2026-03-29 11:07:23 [scrapy.extensions.logstats] INFO: Crawled 15901 pages (at 4270 pages/min), scraped 15871 items (at 4243 items/min)
2026-03-29 11:08:24 [scrapy.extensions.logstats] INFO: Crawled 20102 pages (at 4201 pages/min), scraped 20083 items (at 4212 items/min)
2026-03-29 11:08:32 [scrapy.spidermiddlewares.httperror] INFO: Ignoring response <400 https://www.youm7.com/story/2022/5/30/%D8%A7%D9%84%D8%B1%D8%A6%D9%8A%D8%B3-%D8%A7%D9%84%D8%A8%D9%88%D9%84%D9%86%D8%AF%D9%89-%D9%88%D9%82%D8%B1%D9%8A%D9%86%D8%AA%D9%87-%D9%8A%D8%B5%D9%84%D8%A7%D9%86-%D9%82%D8%B5%D8%B1-%D8%A7%D9%84%D8%A7%D8%AA%D8%AD%D8%A7%D8%AF%D9%8A%D8%A9-%D9%84%D9%84%D9%82%D8%A7%D8%A1-%D8%A7%D9%84%D8%B1%D8%A6%D9%8A%D8%B3-%D8%A7%D9%84%D8%B3%D9%8A%D8%B3%D9%8A%09/5781049>: HTTP status code is not handled or not allowed
2026-03-29 11:09:24 [scrapy.extensions.logstats] INFO: Crawled 23736 pages (at 3634 pages/min), scraped 23734 items (at 3651 items/min)
2026-03-29 11:10:23 [scrapy.extensions.logstats] INFO: Crawled 27168 pages (at 3432 pages/min), scraped 27145 items (at 3411 items/min)
2026-03-29 11:10:23 [scrapy.extensions.logstats] INFO: Crawled 27168 pages (at 0 pages/min), scraped 27145 items (at 0 items/min)
2026-03-29 11:10:23 [scrapy.extensions.logstats] INFO: Crawled 27168 pages (at 0 pages/min), scraped 27145 items (at 0 items/min)
2026-03-29 11:10:23 [scrapy.extensions.logstats] INFO: Crawled 27168 pages (at 0 pages/min), scraped 27145 items (at 0 items/min)
2026-03-29 11:10:23 [scrapy.extensions.logstats] INFO: Crawled 27168 pages (at 0 pages/min), scraped 27145 items (at 0 items/min)
2026-03-29 11:10:23 [scrapy.extensions.logstats] INFO: Crawled 27168 pages (at 0 pages/min), scraped 27145 items (at 0 items/min)
2026-03-29 11:10:23 [scrapy.extensions.logstats] INFO: Crawled 27168 pages (at 0 pages/min), scraped 27145 items (at 0 items/min)
2026-03-29 11:10:23 [scrapy.extensions.logstats] INFO: Crawled 27168 pages (at 0 pages/min), scraped 27145 items (at 0 items/min)
2026-03-29 11:10:23 [scrapy.extensions.logstats] INFO: Crawled 27168 pages (at 0 pages/min), scraped 27145 items (at 0 items/min)
2026-03-29 11:10:23 [scrapy.extensions.logstats] INFO: Crawled 27168 pages (at 0 pages/min), scraped 27145 items (at 0 items/min)
2026-03-29 11:10:23 [scrapy.extensions.logstats] INFO: Crawled 27168 pages (at 0 pages/min), scraped 27145 items (at 0 items/min)
2026-03-29 11:10:23 [scrapy.extensions.logstats] INFO: Crawled 27168 pages (at 0 pages/min), scraped 27145 items (at 0 items/min)
2026-03-29 11:11:24 [scrapy.extensions.logstats] INFO: Crawled 30506 pages (at 3338 pages/min), scraped 30503 items (at 3358 items/min)
2026-03-29 11:12:24 [scrapy.extensions.logstats] INFO: Crawled 33660 pages (at 3154 pages/min), scraped 33658 items (at 3155 items/min)
2026-03-29 11:13:24 [scrapy.extensions.logstats] INFO: Crawled 37018 pages (at 3358 pages/min), scraped 37016 items (at 3358 items/min)
2026-03-29 11:14:23 [scrapy.extensions.logstats] INFO: Crawled 40355 pages (at 3337 pages/min), scraped 40344 items (at 3328 items/min)
2026-03-29 11:15:23 [scrapy.extensions.logstats] INFO: Crawled 44293 pages (at 3938 pages/min), scraped 44258 items (at 3914 items/min)
2026-03-29 11:15:23 [scrapy.extensions.logstats] INFO: Crawled 44297 pages (at 4 pages/min), scraped 44258 items (at 0 items/min)
2026-03-29 11:15:23 [scrapy.extensions.logstats] INFO: Crawled 44297 pages (at 0 pages/min), scraped 44258 items (at 0 items/min)
2026-03-29 11:15:23 [scrapy.extensions.logstats] INFO: Crawled 44297 pages (at 0 pages/min), scraped 44258 items (at 0 items/min)
2026-03-29 11:15:23 [scrapy.extensions.logstats] INFO: Crawled 44297 pages (at 0 pages/min), scraped 44258 items (at 0 items/min)
2026-03-29 11:16:24 [scrapy.extensions.logstats] INFO: Crawled 48444 pages (at 4147 pages/min), scraped 48421 items (at 4163 items/min)
2026-03-29 11:17:24 [scrapy.extensions.logstats] INFO: Crawled 52577 pages (at 4133 pages/min), scraped 52564 items (at 4143 items/min)
2026-03-29 11:18:24 [scrapy.extensions.logstats] INFO: Crawled 56503 pages (at 3926 pages/min), scraped 56499 items (at 3935 items/min)
2026-03-29 11:19:24 [scrapy.extensions.logstats] INFO: Crawled 60500 pages (at 3997 pages/min), scraped 60496 items (at 3997 items/min)
2026-03-29 11:20:24 [scrapy.extensions.logstats] INFO: Crawled 64537 pages (at 4037 pages/min), scraped 64527 items (at 4031 items/min)
2026-03-29 11:21:23 [scrapy.extensions.logstats] INFO: Crawled 68624 pages (at 4087 pages/min), scraped 68583 items (at 4056 items/min)
2026-03-29 11:22:23 [scrapy.extensions.logstats] INFO: Crawled 73333 pages (at 4709 pages/min), scraped 73295 items (at 4712 items/min)
2026-03-29 11:23:23 [scrapy.extensions.logstats] INFO: Crawled 77986 pages (at 4653 pages/min), scraped 77965 items (at 4670 items/min)
2026-03-29 11:23:23 [scrapy.extensions.logstats] INFO: Crawled 77987 pages (at 1 pages/min), scraped 77965 items (at 0 items/min)
2026-03-29 11:23:23 [scrapy.extensions.logstats] INFO: Crawled 77987 pages (at 0 pages/min), scraped 77965 items (at 0 items/min)
2026-03-29 11:23:23 [scrapy.extensions.logstats] INFO: Crawled 77988 pages (at 1 pages/min), scraped 77965 items (at 0 items/min)
2026-03-29 11:23:23 [scrapy.extensions.logstats] INFO: Crawled 77989 pages (at 1 pages/min), scraped 77965 items (at 0 items/min)
2026-03-29 11:23:23 [scrapy.extensions.logstats] INFO: Crawled 77990 pages (at 1 pages/min), scraped 77965 items (at 0 items/min)
2026-03-29 11:23:23 [scrapy.extensions.logstats] INFO: Crawled 77991 pages (at 1 pages/min), scraped 77965 items (at 0 items/min)
2026-03-29 11:24:24 [scrapy.extensions.logstats] INFO: Crawled 82529 pages (at 4538 pages/min), scraped 82524 items (at 4559 items/min)
2026-03-29 11:25:24 [scrapy.extensions.logstats] INFO: Crawled 87128 pages (at 4599 pages/min), scraped 87121 items (at 4597 items/min)
2026-03-29 11:26:24 [scrapy.extensions.logstats] INFO: Crawled 91369 pages (at 4241 pages/min), scraped 91351 items (at 4230 items/min)
2026-03-29 11:27:23 [scrapy.extensions.logstats] INFO: Crawled 94910 pages (at 3541 pages/min), scraped 94908 items (at 3557 items/min)
2026-03-29 11:27:23 [scrapy.extensions.logstats] INFO: Crawled 94910 pages (at 0 pages/min), scraped 94908 items (at 0 items/min)
2026-03-29 11:27:23 [scrapy.extensions.logstats] INFO: Crawled 94910 pages (at 0 pages/min), scraped 94908 items (at 0 items/min)
2026-03-29 11:27:23 [scrapy.extensions.logstats] INFO: Crawled 94910 pages (at 0 pages/min), scraped 94908 items (at 0 items/min)
2026-03-29 11:27:23 [scrapy.extensions.logstats] INFO: Crawled 94910 pages (at 0 pages/min), scraped 94908 items (at 0 items/min)
2026-03-29 11:27:23 [scrapy.extensions.logstats] INFO: Crawled 94910 pages (at 0 pages/min), scraped 94908 items (at 0 items/min)
2026-03-29 11:27:23 [scrapy.extensions.logstats] INFO: Crawled 94910 pages (at 0 pages/min), scraped 94908 items (at 0 items/min)
2026-03-29 11:27:23 [scrapy.extensions.logstats] INFO: Crawled 94910 pages (at 0 pages/min), scraped 94908 items (at 0 items/min)
2026-03-29 11:27:23 [scrapy.extensions.logstats] INFO: Crawled 94910 pages (at 0 pages/min), scraped 94908 items (at 0 items/min)
2026-03-29 11:27:23 [scrapy.extensions.logstats] INFO: Crawled 94910 pages (at 0 pages/min), scraped 94908 items (at 0 items/min)
2026-03-29 11:27:23 [scrapy.extensions.logstats] INFO: Crawled 94910 pages (at 0 pages/min), scraped 94908 items (at 0 items/min)
2026-03-29 11:27:23 [scrapy.extensions.logstats] INFO: Crawled 94910 pages (at 0 pages/min), scraped 94908 items (at 0 items/min)
2026-03-29 11:27:23 [scrapy.extensions.logstats] INFO: Crawled 94910 pages (at 0 pages/min), scraped 94908 items (at 0 items/min)
2026-03-29 11:27:23 [scrapy.extensions.logstats] INFO: Crawled 94910 pages (at 0 pages/min), scraped 94908 items (at 0 items/min)
2026-03-29 11:27:23 [scrapy.extensions.logstats] INFO: Crawled 94910 pages (at 0 pages/min), scraped 94908 items (at 0 items/min)
2026-03-29 11:27:23 [scrapy.extensions.logstats] INFO: Crawled 94910 pages (at 0 pages/min), scraped 94908 items (at 0 items/min)
2026-03-29 11:27:23 [scrapy.extensions.logstats] INFO: Crawled 94910 pages (at 0 pages/min), scraped 94908 items (at 0 items/min)
2026-03-29 11:27:23 [scrapy.extensions.logstats] INFO: Crawled 94910 pages (at 0 pages/min), scraped 94908 items (at 0 items/min)
2026-03-29 11:27:23 [scrapy.extensions.logstats] INFO: Crawled 94910 pages (at 0 pages/min), scraped 94908 items (at 0 items/min)
2026-03-29 11:27:23 [scrapy.extensions.logstats] INFO: Crawled 94910 pages (at 0 pages/min), scraped 94908 items (at 0 items/min)
2026-03-29 11:27:23 [scrapy.extensions.logstats] INFO: Crawled 94910 pages (at 0 pages/min), scraped 94908 items (at 0 items/min)
2026-03-29 11:27:23 [scrapy.extensions.logstats] INFO: Crawled 94910 pages (at 0 pages/min), scraped 94908 items (at 0 items/min)
2026-03-29 11:27:23 [scrapy.extensions.logstats] INFO: Crawled 94910 pages (at 0 pages/min), scraped 94908 items (at 0 items/min)
2026-03-29 11:27:23 [scrapy.extensions.logstats] INFO: Crawled 94910 pages (at 0 pages/min), scraped 94908 items (at 0 items/min)
2026-03-29 11:27:23 [scrapy.extensions.logstats] INFO: Crawled 94910 pages (at 0 pages/min), scraped 94908 items (at 0 items/min)
2026-03-29 11:27:23 [scrapy.extensions.logstats] INFO: Crawled 94910 pages (at 0 pages/min), scraped 94908 items (at 0 items/min)
2026-03-29 11:27:23 [scrapy.extensions.logstats] INFO: Crawled 94910 pages (at 0 pages/min), scraped 94908 items (at 0 items/min)
2026-03-29 11:27:23 [scrapy.extensions.logstats] INFO: Crawled 94910 pages (at 0 pages/min), scraped 94908 items (at 0 items/min)
2026-03-29 11:27:23 [scrapy.extensions.logstats] INFO: Crawled 94910 pages (at 0 pages/min), scraped 94908 items (at 0 items/min)
2026-03-29 11:27:23 [scrapy.extensions.logstats] INFO: Crawled 94910 pages (at 0 pages/min), scraped 94908 items (at 0 items/min)
2026-03-29 11:27:23 [scrapy.extensions.logstats] INFO: Crawled 94910 pages (at 0 pages/min), scraped 94908 items (at 0 items/min)
2026-03-29 11:27:23 [scrapy.extensions.logstats] INFO: Crawled 94910 pages (at 0 pages/min), scraped 94908 items (at 0 items/min)
2026-03-29 11:27:23 [scrapy.extensions.logstats] INFO: Crawled 94910 pages (at 0 pages/min), scraped 94908 items (at 0 items/min)
2026-03-29 11:27:23 [scrapy.extensions.logstats] INFO: Crawled 94910 pages (at 0 pages/min), scraped 94908 items (at 0 items/min)
2026-03-29 11:27:23 [scrapy.extensions.logstats] INFO: Crawled 94910 pages (at 0 pages/min), scraped 94908 items (at 0 items/min)
2026-03-29 11:27:23 [scrapy.extensions.logstats] INFO: Crawled 94910 pages (at 0 pages/min), scraped 94908 items (at 0 items/min)
2026-03-29 11:27:23 [scrapy.extensions.logstats] INFO: Crawled 94910 pages (at 0 pages/min), scraped 94908 items (at 0 items/min)
2026-03-29 11:27:23 [scrapy.extensions.logstats] INFO: Crawled 94910 pages (at 0 pages/min), scraped 94908 items (at 0 items/min)
2026-03-29 11:27:23 [scrapy.extensions.logstats] INFO: Crawled 94910 pages (at 0 pages/min), scraped 94908 items (at 0 items/min)
2026-03-29 11:27:23 [scrapy.extensions.logstats] INFO: Crawled 94910 pages (at 0 pages/min), scraped 94908 items (at 0 items/min)
2026-03-29 11:27:23 [scrapy.extensions.logstats] INFO: Crawled 94910 pages (at 0 pages/min), scraped 94908 items (at 0 items/min)
2026-03-29 11:27:23 [scrapy.extensions.logstats] INFO: Crawled 94910 pages (at 0 pages/min), scraped 94908 items (at 0 items/min)
2026-03-29 11:27:23 [scrapy.extensions.logstats] INFO: Crawled 94910 pages (at 0 pages/min), scraped 94908 items (at 0 items/min)
2026-03-29 11:27:23 [scrapy.extensions.logstats] INFO: Crawled 94910 pages (at 0 pages/min), scraped 94908 items (at 0 items/min)
2026-03-29 11:27:23 [scrapy.extensions.logstats] INFO: Crawled 94910 pages (at 0 pages/min), scraped 94908 items (at 0 items/min)
2026-03-29 11:27:23 [scrapy.extensions.logstats] INFO: Crawled 94910 pages (at 0 pages/min), scraped 94908 items (at 0 items/min)
2026-03-29 11:27:23 [scrapy.extensions.logstats] INFO: Crawled 94910 pages (at 0 pages/min), scraped 94908 items (at 0 items/min)
2026-03-29 11:27:23 [scrapy.extensions.logstats] INFO: Crawled 94910 pages (at 0 pages/min), scraped 94908 items (at 0 items/min)
2026-03-29 11:27:23 [scrapy.extensions.logstats] INFO: Crawled 94910 pages (at 0 pages/min), scraped 94908 items (at 0 items/min)
2026-03-29 11:27:23 [scrapy.extensions.logstats] INFO: Crawled 94910 pages (at 0 pages/min), scraped 94908 items (at 0 items/min)
2026-03-29 11:27:23 [scrapy.extensions.logstats] INFO: Crawled 94910 pages (at 0 pages/min), scraped 94908 items (at 0 items/min)
2026-03-29 11:27:23 [scrapy.extensions.logstats] INFO: Crawled 94910 pages (at 0 pages/min), scraped 94908 items (at 0 items/min)
2026-03-29 11:27:23 [scrapy.extensions.logstats] INFO: Crawled 94910 pages (at 0 pages/min), scraped 94908 items (at 0 items/min)
2026-03-29 11:27:23 [scrapy.extensions.logstats] INFO: Crawled 94910 pages (at 0 pages/min), scraped 94908 items (at 0 items/min)
2026-03-29 11:27:23 [scrapy.extensions.logstats] INFO: Crawled 94910 pages (at 0 pages/min), scraped 94908 items (at 0 items/min)
2026-03-29 11:27:23 [scrapy.extensions.logstats] INFO: Crawled 94910 pages (at 0 pages/min), scraped 94908 items (at 0 items/min)
2026-03-29 11:27:23 [scrapy.extensions.logstats] INFO: Crawled 94910 pages (at 0 pages/min), scraped 94908 items (at 0 items/min)
2026-03-29 11:27:23 [scrapy.extensions.logstats] INFO: Crawled 94910 pages (at 0 pages/min), scraped 94908 items (at 0 items/min)
2026-03-29 11:27:23 [scrapy.extensions.logstats] INFO: Crawled 94910 pages (at 0 pages/min), scraped 94908 items (at 0 items/min)
2026-03-29 11:27:23 [scrapy.extensions.logstats] INFO: Crawled 94910 pages (at 0 pages/min), scraped 94908 items (at 0 items/min)
2026-03-29 11:27:23 [scrapy.extensions.logstats] INFO: Crawled 94910 pages (at 0 pages/min), scraped 94908 items (at 0 items/min)
2026-03-29 11:27:23 [scrapy.extensions.logstats] INFO: Crawled 94910 pages (at 0 pages/min), scraped 94908 items (at 0 items/min)
2026-03-29 11:27:23 [scrapy.extensions.logstats] INFO: Crawled 94910 pages (at 0 pages/min), scraped 94908 items (at 0 items/min)
2026-03-29 11:27:23 [scrapy.extensions.logstats] INFO: Crawled 94910 pages (at 0 pages/min), scraped 94908 items (at 0 items/min)
2026-03-29 11:27:23 [scrapy.extensions.logstats] INFO: Crawled 94910 pages (at 0 pages/min), scraped 94908 items (at 0 items/min)
2026-03-29 11:27:23 [scrapy.extensions.logstats] INFO: Crawled 94910 pages (at 0 pages/min), scraped 94908 items (at 0 items/min)
2026-03-29 11:27:23 [scrapy.extensions.logstats] INFO: Crawled 94910 pages (at 0 pages/min), scraped 94908 items (at 0 items/min)
2026-03-29 11:27:23 [scrapy.extensions.logstats] INFO: Crawled 94910 pages (at 0 pages/min), scraped 94908 items (at 0 items/min)
2026-03-29 11:27:23 [scrapy.extensions.logstats] INFO: Crawled 94910 pages (at 0 pages/min), scraped 94908 items (at 0 items/min)
2026-03-29 11:27:23 [scrapy.extensions.logstats] INFO: Crawled 94910 pages (at 0 pages/min), scraped 94908 items (at 0 items/min)
2026-03-29 11:27:23 [scrapy.extensions.logstats] INFO: Crawled 94910 pages (at 0 pages/min), scraped 94908 items (at 0 items/min)
2026-03-29 11:27:23 [scrapy.extensions.logstats] INFO: Crawled 94910 pages (at 0 pages/min), scraped 94908 items (at 0 items/min)
2026-03-29 11:27:23 [scrapy.extensions.logstats] INFO: Crawled 94910 pages (at 0 pages/min), scraped 94908 items (at 0 items/min)
2026-03-29 11:27:23 [scrapy.extensions.logstats] INFO: Crawled 94910 pages (at 0 pages/min), scraped 94908 items (at 0 items/min)
2026-03-29 11:27:23 [scrapy.extensions.logstats] INFO: Crawled 94910 pages (at 0 pages/min), scraped 94908 items (at 0 items/min)
2026-03-29 11:27:23 [scrapy.extensions.logstats] INFO: Crawled 94910 pages (at 0 pages/min), scraped 94908 items (at 0 items/min)
2026-03-29 11:27:23 [scrapy.extensions.logstats] INFO: Crawled 94910 pages (at 0 pages/min), scraped 94908 items (at 0 items/min)
2026-03-29 11:27:23 [scrapy.extensions.logstats] INFO: Crawled 94910 pages (at 0 pages/min), scraped 94908 items (at 0 items/min)
2026-03-29 11:27:23 [scrapy.extensions.logstats] INFO: Crawled 94910 pages (at 0 pages/min), scraped 94908 items (at 0 items/min)
2026-03-29 11:27:23 [scrapy.extensions.logstats] INFO: Crawled 94910 pages (at 0 pages/min), scraped 94908 items (at 0 items/min)
2026-03-29 11:27:23 [scrapy.extensions.logstats] INFO: Crawled 94910 pages (at 0 pages/min), scraped 94908 items (at 0 items/min)
2026-03-29 11:27:23 [scrapy.extensions.logstats] INFO: Crawled 94910 pages (at 0 pages/min), scraped 94908 items (at 0 items/min)
2026-03-29 11:27:23 [scrapy.extensions.logstats] INFO: Crawled 94910 pages (at 0 pages/min), scraped 94908 items (at 0 items/min)
2026-03-29 11:27:23 [scrapy.extensions.logstats] INFO: Crawled 94910 pages (at 0 pages/min), scraped 94908 items (at 0 items/min)
2026-03-29 11:27:23 [scrapy.extensions.logstats] INFO: Crawled 94910 pages (at 0 pages/min), scraped 94908 items (at 0 items/min)
2026-03-29 11:27:23 [scrapy.extensions.logstats] INFO: Crawled 94910 pages (at 0 pages/min), scraped 94908 items (at 0 items/min)
2026-03-29 11:27:23 [scrapy.extensions.logstats] INFO: Crawled 94910 pages (at 0 pages/min), scraped 94908 items (at 0 items/min)
2026-03-29 11:27:23 [scrapy.extensions.logstats] INFO: Crawled 94910 pages (at 0 pages/min), scraped 94908 items (at 0 items/min)
2026-03-29 11:27:23 [scrapy.extensions.logstats] INFO: Crawled 94910 pages (at 0 pages/min), scraped 94908 items (at 0 items/min)
2026-03-29 11:27:23 [scrapy.extensions.logstats] INFO: Crawled 94910 pages (at 0 pages/min), scraped 94908 items (at 0 items/min)
2026-03-29 11:27:23 [scrapy.extensions.logstats] INFO: Crawled 94910 pages (at 0 pages/min), scraped 94908 items (at 0 items/min)
2026-03-29 11:27:23 [scrapy.extensions.logstats] INFO: Crawled 94910 pages (at 0 pages/min), scraped 94908 items (at 0 items/min)
2026-03-29 11:27:23 [scrapy.extensions.logstats] INFO: Crawled 94910 pages (at 0 pages/min), scraped 94908 items (at 0 items/min)
2026-03-29 11:27:23 [scrapy.extensions.logstats] INFO: Crawled 94910 pages (at 0 pages/min), scraped 94908 items (at 0 items/min)
2026-03-29 11:27:23 [scrapy.extensions.logstats] INFO: Crawled 94910 pages (at 0 pages/min), scraped 94908 items (at 0 items/min)
2026-03-29 11:27:23 [scrapy.extensions.logstats] INFO: Crawled 94910 pages (at 0 pages/min), scraped 94908 items (at 0 items/min)
2026-03-29 11:27:23 [scrapy.extensions.logstats] INFO: Crawled 94910 pages (at 0 pages/min), scraped 94908 items (at 0 items/min)
2026-03-29 11:27:23 [scrapy.extensions.logstats] INFO: Crawled 94910 pages (at 0 pages/min), scraped 94908 items (at 0 items/min)
2026-03-29 11:27:23 [scrapy.extensions.logstats] INFO: Crawled 94910 pages (at 0 pages/min), scraped 94908 items (at 0 items/min)
2026-03-29 11:27:23 [scrapy.extensions.logstats] INFO: Crawled 94910 pages (at 0 pages/min), scraped 94908 items (at 0 items/min)
2026-03-29 11:27:23 [scrapy.extensions.logstats] INFO: Crawled 94910 pages (at 0 pages/min), scraped 94908 items (at 0 items/min)
2026-03-29 11:27:23 [scrapy.extensions.logstats] INFO: Crawled 94910 pages (at 0 pages/min), scraped 94908 items (at 0 items/min)
2026-03-29 11:27:23 [scrapy.extensions.logstats] INFO: Crawled 94910 pages (at 0 pages/min), scraped 94908 items (at 0 items/min)
2026-03-29 11:27:23 [scrapy.extensions.logstats] INFO: Crawled 94910 pages (at 0 pages/min), scraped 94908 items (at 0 items/min)
2026-03-29 11:27:23 [scrapy.extensions.logstats] INFO: Crawled 94910 pages (at 0 pages/min), scraped 94908 items (at 0 items/min)
2026-03-29 11:27:23 [scrapy.extensions.logstats] INFO: Crawled 94910 pages (at 0 pages/min), scraped 94908 items (at 0 items/min)
2026-03-29 11:27:23 [scrapy.extensions.logstats] INFO: Crawled 94910 pages (at 0 pages/min), scraped 94908 items (at 0 items/min)
2026-03-29 11:27:23 [scrapy.extensions.logstats] INFO: Crawled 94910 pages (at 0 pages/min), scraped 94908 items (at 0 items/min)
2026-03-29 11:27:23 [scrapy.extensions.logstats] INFO: Crawled 94910 pages (at 0 pages/min), scraped 94908 items (at 0 items/min)
2026-03-29 11:27:23 [scrapy.extensions.logstats] INFO: Crawled 94910 pages (at 0 pages/min), scraped 94908 items (at 0 items/min)
2026-03-29 11:27:23 [scrapy.extensions.logstats] INFO: Crawled 94910 pages (at 0 pages/min), scraped 94908 items (at 0 items/min)
2026-03-29 11:27:23 [scrapy.extensions.logstats] INFO: Crawled 94910 pages (at 0 pages/min), scraped 94908 items (at 0 items/min)
2026-03-29 11:27:24 [scrapy.core.engine] INFO: Closing spider (finished)
2026-03-29 11:27:24 [scrapy.extensions.feedexport] INFO: Stored jsonl feed (94909 items) in: G:\coding\python\web_scraping\Youm7\youm7_scrape\data\raw\urgent.jsonl
2026-03-29 11:27:24 [scrapy.statscollectors] INFO: Dumping Scrapy stats:
{'downloader/exception_count': 83,
 'downloader/exception_type_count/twisted.internet.error.TimeoutError': 83,
 'downloader/request_bytes': 51647884,
 'downloader/request_count': 94998,
 'downloader/request_method_count/GET': 94998,
 'downloader/response_bytes': 2175517025,
 'downloader/response_count': 94915,
 'downloader/response_status_count/200': 94910,
 'downloader/response_status_count/301': 1,
 'downloader/response_status_count/302': 1,
 'downloader/response_status_count/400': 1,
 'downloader/response_status_count/503': 2,
 'dupefilter/filtered': 195889,
 'elapsed_time_seconds': 1500.616017,
 'feedexport/success_count/FileFeedStorage': 1,
 'finish_reason': 'finished',
 'finish_time': datetime.datetime(2026, 3, 29, 9, 27, 24, 575777, tzinfo=datetime.timezone.utc),
 'httpcompression/response_bytes': 9763448582,
 'httpcompression/response_count': 94910,
 'httperror/response_ignored_count': 1,
 'httperror/response_ignored_status_count/400': 1,
 'item_scraped_count': 94909,
 'items_per_minute': 3796.36,
 'log_count/INFO': 161,
 'response_received_count': 94911,
 'responses_per_minute': 3796.44,
 'retry/count': 85,
 'retry/reason_count/503 Service Unavailable': 2,
 'retry/reason_count/twisted.internet.error.TimeoutError': 83,
 'scheduler/dequeued': 94998,
 'scheduler/dequeued/memory': 94998,
 'scheduler/enqueued': 94998,
 'scheduler/enqueued/memory': 94998,
 'start_time': datetime.datetime(2026, 3, 29, 9, 2, 23, 959760, tzinfo=datetime.timezone.utc)}
2026-03-29 11:27:24 [scrapy.core.engine] INFO: Spider closed (finished)
