2026-03-29 11:27:26 [scrapy.utils.log] INFO: Scrapy 2.14.2 started (bot: youm7_scrape)
2026-03-29 11:27:26 [scrapy.utils.log] INFO: Versions:
{'lxml': '6.0.2',
 'libxml2': '2.11.9',
 'cssselect': '1.4.0',
 'parsel': '1.11.0',
 'w3lib': '2.4.0',
 'Twisted': '25.5.0',
 'Python': '3.10.11 (tags/v3.10.11:7d4cc5a, Apr  5 2023, 00:38:17) [MSC v.1929 '
           '64 bit (AMD64)]',
 'pyOpenSSL': '26.0.0 (OpenSSL 3.5.5 27 Jan 2026)',
 'cryptography': '46.0.5',
 'Platform': 'Windows-10-10.0.22631-SP0'}
2026-03-29 11:27:26 [jsonl_downloader] INFO: Spider initialized for category: حظك اليوم
2026-03-29 11:27:26 [scrapy.addons] INFO: Enabled addons:
[]
2026-03-29 11:27:26 [scrapy.extensions.telnet] INFO: Telnet Password: 3c5fec8b7d7c2ef3
2026-03-29 11:27:26 [scrapy.middleware] INFO: Enabled extensions:
['scrapy.extensions.corestats.CoreStats',
 'scrapy.extensions.logcount.LogCount',
 'scrapy.extensions.telnet.TelnetConsole',
 'scrapy.extensions.feedexport.FeedExporter',
 'scrapy.extensions.logstats.LogStats']
2026-03-29 11:27:26 [scrapy.crawler] INFO: Overridden settings:
{'BOT_NAME': 'youm7_scrape',
 'CONCURRENT_REQUESTS': 40,
 'CONCURRENT_REQUESTS_PER_DOMAIN': 40,
 'COOKIES_ENABLED': False,
 'DOWNLOAD_TIMEOUT': 45,
 'FEED_EXPORT_ENCODING': 'utf-8',
 'LOG_FILE': 'G:\\coding\\python\\web_scraping\\Youm7\\youm7_scrape\\data\\raw\\logs\\your_horoscope_today.log',
 'LOG_LEVEL': 'INFO',
 'NEWSPIDER_MODULE': 'youm7_scrape.spiders',
 'REACTOR_THREADPOOL_MAXSIZE': 35,
 'RETRY_TIMES': 3,
 'SPIDER_MODULES': ['youm7_scrape.spiders']}
2026-03-29 11:27:27 [scrapy.middleware] INFO: Enabled downloader middlewares:
['scrapy.downloadermiddlewares.offsite.OffsiteMiddleware',
 'scrapy.downloadermiddlewares.httpauth.HttpAuthMiddleware',
 'scrapy.downloadermiddlewares.downloadtimeout.DownloadTimeoutMiddleware',
 'scrapy.downloadermiddlewares.defaultheaders.DefaultHeadersMiddleware',
 'scrapy.downloadermiddlewares.useragent.UserAgentMiddleware',
 'scrapy.downloadermiddlewares.retry.RetryMiddleware',
 'scrapy.downloadermiddlewares.redirect.MetaRefreshMiddleware',
 'scrapy.downloadermiddlewares.httpcompression.HttpCompressionMiddleware',
 'scrapy.downloadermiddlewares.redirect.RedirectMiddleware',
 'scrapy.downloadermiddlewares.httpproxy.HttpProxyMiddleware',
 'scrapy.downloadermiddlewares.stats.DownloaderStats']
2026-03-29 11:27:27 [scrapy.middleware] INFO: Enabled spider middlewares:
['scrapy.spidermiddlewares.start.StartSpiderMiddleware',
 'scrapy.spidermiddlewares.httperror.HttpErrorMiddleware',
 'scrapy.spidermiddlewares.referer.RefererMiddleware',
 'scrapy.spidermiddlewares.urllength.UrlLengthMiddleware',
 'scrapy.spidermiddlewares.depth.DepthMiddleware']
2026-03-29 11:27:27 [scrapy.middleware] INFO: Enabled item pipelines:
[]
2026-03-29 11:27:27 [scrapy.core.engine] INFO: Spider opened
2026-03-29 11:27:27 [py.warnings] WARNING: G:\coding\python\web_scraping\Youm7\venv\lib\site-packages\scrapy\core\spidermw.py:490: ScrapyDeprecationWarning: youm7_scrape.spiders.download_html.jsonl_downloader.JsonlDownloaderSpider defines the deprecated start_requests() method. start_requests() has been deprecated in favor of a new method, start(), to support asynchronous code execution. start_requests() will stop being called in a future version of Scrapy. If you use Scrapy 2.13 or higher only, replace start_requests() with start(); note that start() is a coroutine (async def). If you need to maintain compatibility with lower Scrapy versions, when overriding start_requests() in a spider class, override start() as well; you can use super() to reuse the inherited start() implementation without copy-pasting. See the release notes of Scrapy 2.13 for details: https://docs.scrapy.org/en/2.13/news.html
  warn(

2026-03-29 11:27:27 [scrapy.extensions.logstats] INFO: Crawled 0 pages (at 0 pages/min), scraped 0 items (at 0 items/min)
2026-03-29 11:27:27 [scrapy.extensions.telnet] INFO: Telnet console listening on 127.0.0.1:6023
2026-03-29 11:28:27 [scrapy.extensions.logstats] INFO: Crawled 2799 pages (at 2799 pages/min), scraped 2795 items (at 2795 items/min)
2026-03-29 11:29:27 [scrapy.extensions.logstats] INFO: Crawled 6953 pages (at 4154 pages/min), scraped 6950 items (at 4155 items/min)
2026-03-29 11:30:27 [scrapy.extensions.logstats] INFO: Crawled 10799 pages (at 3846 pages/min), scraped 10787 items (at 3837 items/min)
2026-03-29 11:30:27 [scrapy.extensions.logstats] INFO: Crawled 10800 pages (at 1 pages/min), scraped 10789 items (at 2 items/min)
2026-03-29 11:30:32 [scrapy.spidermiddlewares.httperror] INFO: Ignoring response <400 https://www.youm7.com/story/2023/9/24/%D8%A8%D8%B1%D8%AC-%D8%A7%D9%84%D8%B3%D8%B1%D8%B7%D8%A7%D9%86-%D8%AD%D8%B8%D9%83-%D8%A7%D9%84%D9%8A%D9%88%D9%85-%D8%A7%D9%84%D8%A3%D8%AD%D8%AF-24-%D8%B3%D8%A8%D8%AA%D9%85%D8%A8%D8%B1-%D8%B3%D9%81%D8%B1%09/6309065>: HTTP status code is not handled or not allowed
2026-03-29 11:31:08 [scrapy.spidermiddlewares.httperror] INFO: Ignoring response <400 https://www.youm7.com/story/2023/4/30/%D8%A8%D8%B1%D8%AC-%D8%A7%D9%84%D8%B9%D8%B0%D8%B1%D8%A7%D8%A1-%D8%AD%D8%B8%D9%83-%D8%A7%D9%84%D9%8A%D9%88%D9%85-%D8%A7%D9%84%D8%A3%D8%AD%D8%AF-30-%D8%A3%D8%A8%D8%B1%D9%8A%D9%84-%D8%AA%D9%82%D8%A8%D9%84-%D8%A7%D9%84%D8%AA%D8%BA%D9%8A%D9%8A%D8%B1%09/6163288>: HTTP status code is not handled or not allowed
2026-03-29 11:31:27 [scrapy.extensions.logstats] INFO: Crawled 14432 pages (at 3632 pages/min), scraped 14399 items (at 3610 items/min)
2026-03-29 11:32:27 [scrapy.extensions.logstats] INFO: Crawled 18120 pages (at 3688 pages/min), scraped 18118 items (at 3719 items/min)
2026-03-29 11:32:27 [scrapy.extensions.logstats] INFO: Crawled 18132 pages (at 12 pages/min), scraped 18118 items (at 0 items/min)
2026-03-29 11:32:27 [scrapy.extensions.logstats] INFO: Crawled 18133 pages (at 1 pages/min), scraped 18118 items (at 0 items/min)
2026-03-29 11:33:27 [scrapy.extensions.logstats] INFO: Crawled 21636 pages (at 3503 pages/min), scraped 21629 items (at 3511 items/min)
2026-03-29 11:33:27 [scrapy.extensions.logstats] INFO: Crawled 21636 pages (at 0 pages/min), scraped 21630 items (at 1 items/min)
2026-03-29 11:33:27 [scrapy.extensions.logstats] INFO: Crawled 21637 pages (at 1 pages/min), scraped 21630 items (at 0 items/min)
2026-03-29 11:33:27 [scrapy.extensions.logstats] INFO: Crawled 21637 pages (at 0 pages/min), scraped 21630 items (at 0 items/min)
2026-03-29 11:33:27 [scrapy.extensions.logstats] INFO: Crawled 21637 pages (at 0 pages/min), scraped 21630 items (at 0 items/min)
2026-03-29 11:33:27 [scrapy.extensions.logstats] INFO: Crawled 21637 pages (at 0 pages/min), scraped 21630 items (at 0 items/min)
2026-03-29 11:33:27 [scrapy.extensions.logstats] INFO: Crawled 21637 pages (at 0 pages/min), scraped 21630 items (at 0 items/min)
2026-03-29 11:33:27 [scrapy.extensions.logstats] INFO: Crawled 21637 pages (at 0 pages/min), scraped 21630 items (at 0 items/min)
2026-03-29 11:33:27 [scrapy.extensions.logstats] INFO: Crawled 21637 pages (at 0 pages/min), scraped 21630 items (at 0 items/min)
2026-03-29 11:33:27 [scrapy.extensions.logstats] INFO: Crawled 21637 pages (at 0 pages/min), scraped 21630 items (at 0 items/min)
2026-03-29 11:33:27 [scrapy.extensions.logstats] INFO: Crawled 21637 pages (at 0 pages/min), scraped 21630 items (at 0 items/min)
2026-03-29 11:34:27 [scrapy.extensions.logstats] INFO: Crawled 25062 pages (at 3425 pages/min), scraped 25060 items (at 3430 items/min)
2026-03-29 11:35:27 [scrapy.extensions.logstats] INFO: Crawled 29018 pages (at 3956 pages/min), scraped 29006 items (at 3946 items/min)
2026-03-29 11:36:27 [scrapy.extensions.logstats] INFO: Crawled 32955 pages (at 3937 pages/min), scraped 32950 items (at 3944 items/min)
2026-03-29 11:37:27 [scrapy.extensions.logstats] INFO: Crawled 37185 pages (at 4230 pages/min), scraped 37180 items (at 4230 items/min)
2026-03-29 11:38:27 [scrapy.extensions.logstats] INFO: Crawled 41297 pages (at 4112 pages/min), scraped 41288 items (at 4108 items/min)
2026-03-29 11:38:27 [scrapy.extensions.logstats] INFO: Crawled 41300 pages (at 3 pages/min), scraped 41288 items (at 0 items/min)
2026-03-29 11:39:27 [scrapy.extensions.logstats] INFO: Crawled 45085 pages (at 3785 pages/min), scraped 45076 items (at 3788 items/min)
2026-03-29 11:39:40 [scrapy.spidermiddlewares.httperror] INFO: Ignoring response <400 https://www.youm7.com/story/2015/5/22/%D8%AD%D8%B8%D9%83-%D8%A7%D9%84%D9%8A%D9%88%D9%85-%D8%A8%D8%B1%D8%AC-%D8%A7%D9%84%D8%A3%D8%B3%D8%AF-%D9%8A%D9%88%D9%85-%D8%A7%D9%84%D8%AC%D9%85%D8%B9%D8%A9-2015-5-22%09/2192211>: HTTP status code is not handled or not allowed
2026-03-29 11:39:40 [scrapy.spidermiddlewares.httperror] INFO: Ignoring response <400 https://www.youm7.com/story/2015/5/22/%D8%AD%D8%B8%D9%83-%D8%A7%D9%84%D9%8A%D9%88%D9%85-%D8%A8%D8%B1%D8%AC-%D8%A7%D9%84%D8%AC%D9%88%D8%B2%D8%A7%D8%A1-%D9%8A%D9%88%D9%85-%D8%A7%D9%84%D8%AC%D9%85%D8%B9%D8%A9-2015-5-22%09/2192214>: HTTP status code is not handled or not allowed
2026-03-29 11:39:40 [scrapy.spidermiddlewares.httperror] INFO: Ignoring response <400 https://www.youm7.com/story/2015/5/22/%D8%AD%D8%B8%D9%83-%D8%A7%D9%84%D9%8A%D9%88%D9%85-%D8%A8%D8%B1%D8%AC-%D8%A7%D9%84%D8%B9%D9%82%D8%B1%D8%A8-%D9%8A%D9%88%D9%85-%D8%A7%D9%84%D8%AC%D9%85%D8%B9%D8%A9-2015-5-22%09/2192229>: HTTP status code is not handled or not allowed
2026-03-29 11:39:40 [scrapy.spidermiddlewares.httperror] INFO: Ignoring response <400 https://www.youm7.com/story/2015/5/22/%D8%AD%D8%B8%D9%83-%D8%A7%D9%84%D9%8A%D9%88%D9%85-%D8%A8%D8%B1%D8%AC-%D8%A7%D9%84%D8%B3%D8%B1%D8%B7%D8%A7%D9%86-%D9%8A%D9%88%D9%85-%D8%A7%D9%84%D8%AC%D9%85%D8%B9%D8%A9-2015-5-22%09/2192221>: HTTP status code is not handled or not allowed
2026-03-29 11:39:40 [scrapy.spidermiddlewares.httperror] INFO: Ignoring response <400 https://www.youm7.com/story/2015/5/22/%D8%AD%D8%B8%D9%83-%D8%A7%D9%84%D9%8A%D9%88%D9%85-%D8%A8%D8%B1%D8%AC-%D8%A7%D9%84%D8%AF%D9%84%D9%88-%D9%8A%D9%88%D9%85-%D8%A7%D9%84%D8%AC%D9%85%D8%B9%D8%A9-2015-5-22%09/2192232>: HTTP status code is not handled or not allowed
2026-03-29 11:39:40 [scrapy.spidermiddlewares.httperror] INFO: Ignoring response <400 https://www.youm7.com/story/2015/5/20/%D8%AD%D8%B8%D9%83-%D8%A7%D9%84%D9%8A%D9%88%D9%85-%D8%A8%D8%B1%D8%AC-%D8%A7%D9%84%D8%B9%D8%B0%D8%B1%D8%A7%D8%A1-%D9%8A%D9%88%D9%85-%D8%A7%D9%84%D8%A3%D8%B1%D8%A8%D8%B9%D8%A7%D8%A1-2015-5-20%09/2189371>: HTTP status code is not handled or not allowed
2026-03-29 11:39:40 [scrapy.spidermiddlewares.httperror] INFO: Ignoring response <400 https://www.youm7.com/story/2015/5/20/%D8%AD%D8%B8%D9%83-%D8%A7%D9%84%D9%8A%D9%88%D9%85-%D8%A8%D8%B1%D8%AC-%D8%A7%D9%84%D8%AC%D8%AF%D9%89-%D9%8A%D9%88%D9%85-%D8%A7%D9%84%D8%A3%D8%B1%D8%A8%D8%B9%D8%A7%D8%A1-2015-5-20%09/2189353>: HTTP status code is not handled or not allowed
2026-03-29 11:39:40 [scrapy.spidermiddlewares.httperror] INFO: Ignoring response <400 https://www.youm7.com/story/2015/5/20/%D8%AD%D8%B8%D9%83-%D8%A7%D9%84%D9%8A%D9%88%D9%85-%D8%A8%D8%B1%D8%AC-%D8%A7%D9%84%D8%AD%D9%88%D8%AA-%D9%8A%D9%88%D9%85-%D8%A7%D9%84%D8%A3%D8%B1%D8%A8%D8%B9%D8%A7%D8%A1-2015-5-20%09/2189365>: HTTP status code is not handled or not allowed
2026-03-29 11:39:40 [scrapy.spidermiddlewares.httperror] INFO: Ignoring response <400 https://www.youm7.com/story/2015/5/20/%D8%AD%D8%B8%D9%83-%D8%A7%D9%84%D9%8A%D9%88%D9%85-%D8%A8%D8%B1%D8%AC-%D8%A7%D9%84%D8%B9%D9%82%D8%B1%D8%A8-%D9%8A%D9%88%D9%85-%D8%A7%D9%84%D8%A3%D8%B1%D8%A8%D8%B9%D8%A7%D8%A1-2015-5-20%09/2189372>: HTTP status code is not handled or not allowed
2026-03-29 11:39:40 [scrapy.spidermiddlewares.httperror] INFO: Ignoring response <400 https://www.youm7.com/story/2015/5/20/%D8%AD%D8%B8%D9%83-%D8%A7%D9%84%D9%8A%D9%88%D9%85-%D8%A8%D8%B1%D8%AC-%D8%A7%D9%84%D8%AC%D9%88%D8%B2%D8%A7%D8%A1-%D9%8A%D9%88%D9%85-%D8%A7%D9%84%D8%A3%D8%B1%D8%A8%D8%B9%D8%A7%D8%A1-2015-5-20%09/2189355>: HTTP status code is not handled or not allowed
2026-03-29 11:39:40 [scrapy.spidermiddlewares.httperror] INFO: Ignoring response <400 https://www.youm7.com/story/2015/5/20/%D8%AD%D8%B8%D9%83-%D8%A7%D9%84%D9%8A%D9%88%D9%85-%D8%A8%D8%B1%D8%AC-%D8%A7%D9%84%D8%AF%D9%84%D9%88-%D9%8A%D9%88%D9%85-%D8%A7%D9%84%D8%A3%D8%B1%D8%A8%D8%B9%D8%A7%D8%A1-2015-5-20%09/2189368>: HTTP status code is not handled or not allowed
2026-03-29 11:39:40 [scrapy.spidermiddlewares.httperror] INFO: Ignoring response <400 https://www.youm7.com/story/2015/5/20/%D8%AD%D8%B8%D9%83-%D8%A7%D9%84%D9%8A%D9%88%D9%85-%D8%A8%D8%B1%D8%AC-%D8%A7%D9%84%D8%AD%D9%85%D9%84-%D9%8A%D9%88%D9%85-%D8%A7%D9%84%D8%A3%D8%B1%D8%A8%D8%B9%D8%A7%D8%A1-2015-5-20%09/2189359>: HTTP status code is not handled or not allowed
2026-03-29 11:39:41 [scrapy.spidermiddlewares.httperror] INFO: Ignoring response <400 https://www.youm7.com/story/2015/5/19/%D8%AD%D8%B8%D9%83-%D8%A7%D9%84%D9%8A%D9%88%D9%85-%D8%A8%D8%B1%D8%AC-%D8%A7%D9%84%D8%AF%D9%84%D9%88-%D9%8A%D9%88%D9%85-%D8%A7%D9%84%D8%AB%D9%84%D8%A7%D8%AB%D8%A7%D8%A1-2015-5-19%09/2187892>: HTTP status code is not handled or not allowed
2026-03-29 11:39:41 [scrapy.spidermiddlewares.httperror] INFO: Ignoring response <400 https://www.youm7.com/story/2015/5/19/%D8%AD%D8%B8%D9%83-%D8%A7%D9%84%D9%8A%D9%88%D9%85-%D8%A8%D8%B1%D8%AC-%D8%A7%D9%84%D9%85%D9%8A%D8%B2%D8%A7%D9%86-%D9%8A%D9%88%D9%85-%D8%A7%D9%84%D8%AB%D9%84%D8%A7%D8%AB%D8%A7%D8%A1-2015-5-19-%09/2187912>: HTTP status code is not handled or not allowed
2026-03-29 11:39:41 [scrapy.spidermiddlewares.httperror] INFO: Ignoring response <400 https://www.youm7.com/story/2015/5/19/%D8%AD%D8%B8%D9%83-%D8%A7%D9%84%D9%8A%D9%88%D9%85-%D8%A8%D8%B1%D8%AC-%D8%A7%D9%84%D8%B9%D8%B0%D8%B1%D8%A7%D8%A1-%D9%8A%D9%88%D9%85-%D8%A7%D9%84%D8%AB%D9%84%D8%A7%D8%AB%D8%A7%D8%A1-2015-5-19%09/2187897>: HTTP status code is not handled or not allowed
2026-03-29 11:39:41 [scrapy.spidermiddlewares.httperror] INFO: Ignoring response <400 https://www.youm7.com/story/2015/5/17/%D8%AA%D9%88%D9%82%D8%B9%D8%A7%D8%AA-%D8%A7%D9%84%D8%A3%D8%A8%D8%B1%D8%A7%D8%AC-%D9%8A%D9%88%D9%85-%D8%A7%D9%84%D8%A3%D8%AD%D8%AF-2015-5-17%09/2184847>: HTTP status code is not handled or not allowed
2026-03-29 11:39:41 [scrapy.spidermiddlewares.httperror] INFO: Ignoring response <400 https://www.youm7.com/story/2015/5/18/%D8%AD%D8%B8%D9%83-%D8%A7%D9%84%D9%8A%D9%88%D9%85-%D8%A8%D8%B1%D8%AC-%D8%A7%D9%84%D8%AD%D9%88%D8%AA-%D9%8A%D9%88%D9%85-%D8%A7%D9%84%D8%A7%D8%AB%D9%86%D9%8A%D9%86-2015-5-18%09/2186414>: HTTP status code is not handled or not allowed
2026-03-29 11:39:41 [scrapy.spidermiddlewares.httperror] INFO: Ignoring response <400 https://www.youm7.com/story/2015/5/17/%D8%AD%D8%B8%D9%83-%D8%A7%D9%84%D9%8A%D9%88%D9%85-%D8%A8%D8%B1%D8%AC-%D8%A7%D9%84%D8%B9%D9%82%D8%B1%D8%A8-%D9%8A%D9%88%D9%85-%D8%A7%D9%84%D8%A3%D8%AD%D8%AF-2015-5-17%09/2184856>: HTTP status code is not handled or not allowed
2026-03-29 11:39:41 [scrapy.spidermiddlewares.httperror] INFO: Ignoring response <400 https://www.youm7.com/story/2015/5/12/%D8%AD%D8%B8%D9%83-%D8%A7%D9%84%D9%8A%D9%88%D9%85-%D8%A8%D8%B1%D8%AC-%D8%A7%D9%84%D8%AC%D8%AF%D9%89-%D9%8A%D9%88%D9%85-%D8%A7%D9%84%D8%AB%D9%84%D8%A7%D8%AB%D8%A7%D8%A1-2015-5-12%09/2177972>: HTTP status code is not handled or not allowed
2026-03-29 11:39:41 [scrapy.spidermiddlewares.httperror] INFO: Ignoring response <400 https://www.youm7.com/story/2015/5/12/%D8%AD%D8%B8%D9%83-%D8%A7%D9%84%D9%8A%D9%88%D9%85-%D8%A8%D8%B1%D8%AC-%D8%A7%D9%84%D8%AF%D9%84%D9%88-%D9%8A%D9%88%D9%85-%D8%A7%D9%84%D8%AB%D9%84%D8%A7%D8%AB%D8%A7%D8%A1-2015-5-12%09/2177955>: HTTP status code is not handled or not allowed
2026-03-29 11:39:41 [scrapy.spidermiddlewares.httperror] INFO: Ignoring response <400 https://www.youm7.com/story/2015/5/11/%D8%AD%D8%B8%D9%83-%D8%A7%D9%84%D9%8A%D9%88%D9%85-%D8%A8%D8%B1%D8%AC-%D8%A7%D9%84%D8%AB%D9%88%D8%B1-%D9%8A%D9%88%D9%85-%D8%A7%D9%84%D8%A7%D8%AB%D9%86%D9%8A%D9%86-2015-5-11%09/2176472>: HTTP status code is not handled or not allowed
2026-03-29 11:39:41 [scrapy.spidermiddlewares.httperror] INFO: Ignoring response <400 https://www.youm7.com/story/2015/5/12/%D8%AD%D8%B8%D9%83-%D8%A7%D9%84%D9%8A%D9%88%D9%85-%D8%A8%D8%B1%D8%AC-%D8%A7%D9%84%D8%AD%D9%85%D9%84-%D9%8A%D9%88%D9%85-%D8%A7%D9%84%D8%AB%D9%84%D8%A7%D8%AB%D8%A7%D8%A1-2015-5-12%09/2177961>: HTTP status code is not handled or not allowed
2026-03-29 11:39:41 [scrapy.spidermiddlewares.httperror] INFO: Ignoring response <400 https://www.youm7.com/story/2015/5/12/%D8%AD%D8%B8%D9%83-%D8%A7%D9%84%D9%8A%D9%88%D9%85-%D8%A8%D8%B1%D8%AC-%D8%A7%D9%84%D8%AD%D9%88%D8%AA-%D9%8A%D9%88%D9%85-%D8%A7%D9%84%D8%AB%D9%84%D8%A7%D8%AB%D8%A7%D8%A1-2015-5-12%09/2177957>: HTTP status code is not handled or not allowed
2026-03-29 11:39:41 [scrapy.spidermiddlewares.httperror] INFO: Ignoring response <400 https://www.youm7.com/story/2015/5/11/%D8%AD%D8%B8%D9%83-%D8%A7%D9%84%D9%8A%D9%88%D9%85-%D8%A8%D8%B1%D8%AC-%D8%A7%D9%84%D8%AD%D9%85%D9%84-%D9%8A%D9%88%D9%85-%D8%A7%D9%84%D8%A7%D8%AB%D9%86%D9%8A%D9%86-2015-5-11%09/2176477>: HTTP status code is not handled or not allowed
2026-03-29 11:39:42 [scrapy.spidermiddlewares.httperror] INFO: Ignoring response <400 https://www.youm7.com/story/2015/5/11/%D8%AD%D8%B8%D9%83-%D8%A7%D9%84%D9%8A%D9%88%D9%85-%D8%A8%D8%B1%D8%AC-%D8%A7%D9%84%D8%B9%D9%82%D8%B1%D8%A8-%D9%8A%D9%88%D9%85-%D8%A7%D9%84%D8%A7%D8%AB%D9%86%D9%8A%D9%86-2015-5-11%09/2176489>: HTTP status code is not handled or not allowed
2026-03-29 11:39:43 [scrapy.spidermiddlewares.httperror] INFO: Ignoring response <400 https://www.youm7.com/story/2015/5/17/%D8%AD%D8%B8%D9%83-%D8%A7%D9%84%D9%8A%D9%88%D9%85-%D8%A8%D8%B1%D8%AC-%D8%A7%D9%84%D8%AD%D9%88%D8%AA-%D9%8A%D9%88%D9%85-%D8%A7%D9%84%D8%A3%D8%AD%D8%AF-2015-5-17%09/2184849>: HTTP status code is not handled or not allowed
2026-03-29 11:39:43 [scrapy.spidermiddlewares.httperror] INFO: Ignoring response <400 https://www.youm7.com/story/2015/5/15/%D8%AA%D9%88%D9%82%D8%B9%D8%A7%D8%AA-%D8%A7%D9%84%D8%A3%D8%A8%D8%B1%D8%A7%D8%AC-%D9%8A%D9%88%D9%85-%D8%A7%D9%84%D8%AC%D9%85%D8%B9%D8%A9-2015-5-15%09/2182402>: HTTP status code is not handled or not allowed
2026-03-29 11:39:43 [scrapy.spidermiddlewares.httperror] INFO: Ignoring response <400 https://www.youm7.com/story/2015/5/15/%D8%AD%D8%B8%D9%83-%D8%A7%D9%84%D9%8A%D9%88%D9%85-%D8%A8%D8%B1%D8%AC-%D8%A7%D9%84%D8%AF%D9%84%D9%88-%D9%8A%D9%88%D9%85-%D8%A7%D9%84%D8%AC%D9%85%D8%B9%D8%A9-2015-5-15%09/2182381>: HTTP status code is not handled or not allowed
2026-03-29 11:39:43 [scrapy.spidermiddlewares.httperror] INFO: Ignoring response <400 https://www.youm7.com/story/2015/5/15/%D8%AD%D8%B8%D9%83-%D8%A7%D9%84%D9%8A%D9%88%D9%85-%D8%A8%D8%B1%D8%AC-%D8%A7%D9%84%D9%85%D9%8A%D8%B2%D8%A7%D9%86-%D9%8A%D9%88%D9%85-%D8%A7%D9%84%D8%AC%D9%85%D8%B9%D8%A9-2015-5-15%09/2182388>: HTTP status code is not handled or not allowed
2026-03-29 11:39:43 [scrapy.spidermiddlewares.httperror] INFO: Ignoring response <400 https://www.youm7.com/story/2015/5/15/%D8%AD%D8%B8%D9%83-%D8%A7%D9%84%D9%8A%D9%88%D9%85-%D8%A8%D8%B1%D8%AC-%D8%A7%D9%84%D8%B3%D8%B1%D8%B7%D8%A7%D9%86-%D9%8A%D9%88%D9%85-%D8%A7%D9%84%D8%AC%D9%85%D8%B9%D8%A9-2015-5-15%09/2182382>: HTTP status code is not handled or not allowed
2026-03-29 11:39:43 [scrapy.spidermiddlewares.httperror] INFO: Ignoring response <400 https://www.youm7.com/story/2015/5/17/%D8%AD%D8%B8%D9%83-%D8%A7%D9%84%D9%8A%D9%88%D9%85-%D8%A8%D8%B1%D8%AC-%D8%A7%D9%84%D8%AD%D9%85%D9%84-%D9%8A%D9%88%D9%85-%D8%A7%D9%84%D8%A3%D8%AD%D8%AF-2015-5-17%09/2184846>: HTTP status code is not handled or not allowed
2026-03-29 11:39:43 [scrapy.spidermiddlewares.httperror] INFO: Ignoring response <400 https://www.youm7.com/story/2015/5/15/%D8%AD%D8%B8%D9%83-%D8%A7%D9%84%D9%8A%D9%88%D9%85-%D8%A8%D8%B1%D8%AC-%D8%A7%D9%84%D8%A3%D8%B3%D8%AF-%D9%8A%D9%88%D9%85-%D8%A7%D9%84%D8%AC%D9%85%D8%B9%D8%A9-2015-5-15%09/2182369>: HTTP status code is not handled or not allowed
2026-03-29 11:39:43 [scrapy.spidermiddlewares.httperror] INFO: Ignoring response <400 https://www.youm7.com/story/2015/5/14/%D8%AD%D8%B8%D9%83-%D8%A7%D9%84%D9%8A%D9%88%D9%85-%D8%A8%D8%B1%D8%AC-%D8%A7%D9%84%D8%B9%D8%B0%D8%B1%D8%A7%D8%A1-%D9%8A%D9%88%D9%85-%D8%A7%D9%84%D8%AE%D9%85%D9%8A%D8%B3-2015-5-14%09/2180995>: HTTP status code is not handled or not allowed
2026-03-29 11:39:43 [scrapy.spidermiddlewares.httperror] INFO: Ignoring response <400 https://www.youm7.com/story/2015/5/15/%D8%AD%D8%B8%D9%83-%D8%A7%D9%84%D9%8A%D9%88%D9%85-%D8%A8%D8%B1%D8%AC-%D8%A7%D9%84%D9%82%D9%88%D8%B3-%D9%8A%D9%88%D9%85-%D8%A7%D9%84%D8%AC%D9%85%D8%B9%D8%A9-2015-5-15%09/2182387>: HTTP status code is not handled or not allowed
2026-03-29 11:39:43 [scrapy.spidermiddlewares.httperror] INFO: Ignoring response <400 https://www.youm7.com/story/2015/5/14/%D8%AD%D8%B8%D9%83-%D8%A7%D9%84%D9%8A%D9%88%D9%85-%D8%A8%D8%B1%D8%AC-%D8%A7%D9%84%D8%AC%D8%AF%D9%89-%D9%8A%D9%88%D9%85-%D8%A7%D9%84%D8%AE%D9%85%D9%8A%D8%B3-2015-5-14%09/2180997>: HTTP status code is not handled or not allowed
2026-03-29 11:39:43 [scrapy.spidermiddlewares.httperror] INFO: Ignoring response <400 https://www.youm7.com/story/2015/5/14/%D8%AD%D8%B8%D9%83-%D8%A7%D9%84%D9%8A%D9%88%D9%85-%D8%A8%D8%B1%D8%AC-%D8%A7%D9%84%D8%AD%D9%88%D8%AA-%D9%8A%D9%88%D9%85-%D8%A7%D9%84%D8%AE%D9%85%D9%8A%D8%B3-2015-5-14%09/2180992>: HTTP status code is not handled or not allowed
2026-03-29 11:39:43 [scrapy.spidermiddlewares.httperror] INFO: Ignoring response <400 https://www.youm7.com/story/2015/5/15/%D8%AD%D8%B8%D9%83-%D8%A7%D9%84%D9%8A%D9%88%D9%85-%D8%A8%D8%B1%D8%AC-%D8%A7%D9%84%D8%B9%D9%82%D8%B1%D8%A8-%D9%8A%D9%88%D9%85-%D8%A7%D9%84%D8%AC%D9%85%D8%B9%D8%A9-2015-5-15%09/2182386>: HTTP status code is not handled or not allowed
2026-03-29 11:39:43 [scrapy.spidermiddlewares.httperror] INFO: Ignoring response <400 https://www.youm7.com/story/2015/5/15/%D8%AD%D8%B8%D9%83-%D8%A7%D9%84%D9%8A%D9%88%D9%85-%D8%A8%D8%B1%D8%AC-%D8%A7%D9%84%D8%AD%D9%85%D9%84-%D9%8A%D9%88%D9%85-%D8%A7%D9%84%D8%AC%D9%85%D8%B9%D8%A9-2015-5-15%09/2182379>: HTTP status code is not handled or not allowed
2026-03-29 11:39:45 [scrapy.spidermiddlewares.httperror] INFO: Ignoring response <400 https://www.youm7.com/story/2015/5/26/%D8%AD%D8%B8%D9%83-%D8%A7%D9%84%D9%8A%D9%88%D9%85-%D8%A8%D8%B1%D8%AC-%D8%A7%D9%84%D9%82%D9%88%D8%B3-%D9%8A%D9%88%D9%85-%D8%A7%D9%84%D8%AB%D9%84%D8%A7%D8%AB%D8%A7%D8%A1-2015-5-26%09/2197513>: HTTP status code is not handled or not allowed
2026-03-29 11:39:45 [scrapy.spidermiddlewares.httperror] INFO: Ignoring response <400 https://www.youm7.com/story/2015/5/26/%D8%AD%D8%B8%D9%83-%D8%A7%D9%84%D9%8A%D9%88%D9%85-%D8%A8%D8%B1%D8%AC-%D8%A7%D9%84%D8%AD%D9%85%D9%84-%D9%8A%D9%88%D9%85-%D8%A7%D9%84%D8%AB%D9%84%D8%A7%D8%AB%D8%A7%D8%A1-2015-5-26%09/2197524>: HTTP status code is not handled or not allowed
2026-03-29 11:39:45 [scrapy.spidermiddlewares.httperror] INFO: Ignoring response <400 https://www.youm7.com/story/2015/5/25/%D8%AD%D8%B8%D9%83-%D8%A7%D9%84%D9%8A%D9%88%D9%85-%D8%A8%D8%B1%D8%AC-%D8%A7%D9%84%D8%AF%D9%84%D9%88-%D9%8A%D9%88%D9%85-%D8%A7%D9%84%D8%A7%D8%AB%D9%86%D9%8A%D9%86-2015-5-25%09/2196123>: HTTP status code is not handled or not allowed
2026-03-29 11:39:45 [scrapy.spidermiddlewares.httperror] INFO: Ignoring response <400 https://www.youm7.com/story/2015/5/25/%D8%AD%D8%B8%D9%83-%D8%A7%D9%84%D9%8A%D9%88%D9%85-%D8%A8%D8%B1%D8%AC-%D8%A7%D9%84%D8%AD%D9%85%D9%84-%D9%8A%D9%88%D9%85-%D8%A7%D9%84%D8%A7%D8%AB%D9%86%D9%8A%D9%86-2015-5-25%09/2196117>: HTTP status code is not handled or not allowed
2026-03-29 11:39:45 [scrapy.spidermiddlewares.httperror] INFO: Ignoring response <400 https://www.youm7.com/story/2015/5/24/%D8%AD%D8%B8%D9%83-%D8%A7%D9%84%D9%8A%D9%88%D9%85-%D8%A8%D8%B1%D8%AC-%D8%A7%D9%84%D8%AF%D9%84%D9%88-%D9%8A%D9%88%D9%85-%D8%A7%D9%84%D8%A3%D8%AD%D8%AF-24-5-2015%09/2194682>: HTTP status code is not handled or not allowed
2026-03-29 11:39:45 [scrapy.spidermiddlewares.httperror] INFO: Ignoring response <400 https://www.youm7.com/story/2015/5/24/%D8%AD%D8%B8%D9%83-%D8%A7%D9%84%D9%8A%D9%88%D9%85-%D8%A8%D8%B1%D8%AC-%D8%A7%D9%84%D8%B3%D8%B1%D8%B7%D8%A7%D9%86-%D9%8A%D9%88%D9%85-%D8%A7%D9%84%D8%A3%D8%AD%D8%AF-24-5-2015%09/2194671>: HTTP status code is not handled or not allowed
2026-03-29 11:39:46 [scrapy.spidermiddlewares.httperror] INFO: Ignoring response <400 https://www.youm7.com/story/2015/5/4/%D8%AD%D8%B8%D9%83-%D8%A7%D9%84%D9%8A%D9%88%D9%85-%D8%A8%D8%B1%D8%AC-%D8%A7%D9%84%D8%AB%D9%88%D8%B1-%D9%8A%D9%88%D9%85-%D8%A7%D9%84%D8%A7%D8%AB%D9%86%D9%8A%D9%86-2015-5-4%09/2166927>: HTTP status code is not handled or not allowed
2026-03-29 11:39:46 [scrapy.spidermiddlewares.httperror] INFO: Ignoring response <400 https://www.youm7.com/story/2015/5/3/%D8%AD%D8%B8%D9%83-%D8%A7%D9%84%D9%8A%D9%88%D9%85-%D8%A8%D8%B1%D8%AC-%D8%A7%D9%84%D8%AB%D9%88%D8%B1-%D9%8A%D9%88%D9%85-%D8%A7%D9%84%D8%A3%D8%AD%D8%AF-2015-5-3%09/2165484>: HTTP status code is not handled or not allowed
2026-03-29 11:39:46 [scrapy.spidermiddlewares.httperror] INFO: Ignoring response <400 https://www.youm7.com/story/2015/5/3/%D8%AD%D8%B8%D9%83-%D8%A7%D9%84%D9%8A%D9%88%D9%85-%D8%A8%D8%B1%D8%AC-%D8%A7%D9%84%D8%A3%D8%B3%D8%AF-%D9%8A%D9%88%D9%85-%D8%A7%D9%84%D8%A3%D8%AD%D8%AF-2015-5-3%09/2165483>: HTTP status code is not handled or not allowed
2026-03-29 11:39:46 [scrapy.spidermiddlewares.httperror] INFO: Ignoring response <400 https://www.youm7.com/story/2015/5/3/%D8%AD%D8%B8%D9%83-%D8%A7%D9%84%D9%8A%D9%88%D9%85-%D8%A8%D8%B1%D8%AC-%D8%A7%D9%84%D9%85%D9%8A%D8%B2%D8%A7%D9%86-%D9%8A%D9%88%D9%85-%D8%A7%D9%84%D8%A3%D8%AD%D8%AF-2015-5-3%09/2165501>: HTTP status code is not handled or not allowed
2026-03-29 11:39:46 [scrapy.spidermiddlewares.httperror] INFO: Ignoring response <400 https://www.youm7.com/story/2015/5/3/%D8%AD%D8%B8%D9%83-%D8%A7%D9%84%D9%8A%D9%88%D9%85-%D8%A8%D8%B1%D8%AC-%D8%A7%D9%84%D8%B9%D8%B0%D8%B1%D8%A7%D8%A1-%D9%8A%D9%88%D9%85-%D8%A7%D9%84%D8%A3%D8%AD%D8%AF-2015-5-3%09/2165494>: HTTP status code is not handled or not allowed
2026-03-29 11:39:46 [scrapy.spidermiddlewares.httperror] INFO: Ignoring response <400 https://www.youm7.com/story/2015/5/7/%D8%AA%D9%88%D9%82%D8%B9%D8%A7%D8%AA-%D8%A7%D9%84%D8%A3%D8%A8%D8%B1%D8%A7%D8%AC-%D9%8A%D9%88%D9%85-%D8%A7%D9%84%D8%AE%D9%85%D9%8A%D8%B3-2015-5-7%09/2171285>: HTTP status code is not handled or not allowed
2026-03-29 11:39:46 [scrapy.spidermiddlewares.httperror] INFO: Ignoring response <400 https://www.youm7.com/story/2015/5/7/%D8%AD%D8%B8%D9%83-%D8%A7%D9%84%D9%8A%D9%88%D9%85-%D8%A8%D8%B1%D8%AC-%D8%A7%D9%84%D8%B9%D8%B0%D8%B1%D8%A7%D8%A1-%D9%8A%D9%88%D9%85-%D8%A7%D9%84%D8%AE%D9%85%D9%8A%D8%B3-2015-5-7%09/2171277>: HTTP status code is not handled or not allowed
2026-03-29 11:39:46 [scrapy.spidermiddlewares.httperror] INFO: Ignoring response <400 https://www.youm7.com/story/2015/5/7/%D8%AD%D8%B8%D9%83-%D8%A7%D9%84%D9%8A%D9%88%D9%85-%D8%A8%D8%B1%D8%AC-%D8%A7%D9%84%D8%AD%D9%85%D9%84-%D9%8A%D9%88%D9%85-%D8%A7%D9%84%D8%AE%D9%85%D9%8A%D8%B3-2015-5-7%09/2171265>: HTTP status code is not handled or not allowed
2026-03-29 11:39:46 [scrapy.spidermiddlewares.httperror] INFO: Ignoring response <400 https://www.youm7.com/story/2015/5/6/%D8%AD%D8%B8%D9%83-%D8%A7%D9%84%D9%8A%D9%88%D9%85-%D8%A8%D8%B1%D8%AC-%D8%A7%D9%84%D8%AD%D9%88%D8%AA-%D9%8A%D9%88%D9%85-%D8%A7%D9%84%D8%A3%D8%B1%D8%A8%D8%B9%D8%A7%D8%A1-2015-5-6%09/2169777>: HTTP status code is not handled or not allowed
2026-03-29 11:39:46 [scrapy.spidermiddlewares.httperror] INFO: Ignoring response <400 https://www.youm7.com/story/2015/5/6/%D8%AA%D9%88%D9%82%D8%B9%D8%A7%D8%AA-%D8%A7%D9%84%D8%A3%D8%A8%D8%B1%D8%A7%D8%AC-%D9%8A%D9%88%D9%85-%D8%A7%D9%84%D8%A3%D8%B1%D8%A8%D8%B9%D8%A7%D8%A1-2015-5-6%09/2169792>: HTTP status code is not handled or not allowed
2026-03-29 11:39:46 [scrapy.spidermiddlewares.httperror] INFO: Ignoring response <400 https://www.youm7.com/story/2015/5/7/%D8%AD%D8%B8%D9%83-%D8%A7%D9%84%D9%8A%D9%88%D9%85-%D8%A8%D8%B1%D8%AC-%D8%A7%D9%84%D8%A3%D8%B3%D8%AF-%D9%8A%D9%88%D9%85-%D8%A7%D9%84%D8%AE%D9%85%D9%8A%D8%B3-2015-5-7%09/2171262>: HTTP status code is not handled or not allowed
2026-03-29 11:39:46 [scrapy.spidermiddlewares.httperror] INFO: Ignoring response <400 https://www.youm7.com/story/2015/5/6/%D8%AD%D8%B8%D9%83-%D8%A7%D9%84%D9%8A%D9%88%D9%85-%D8%A8%D8%B1%D8%AC-%D8%A7%D9%84%D8%AD%D9%85%D9%84-%D9%8A%D9%88%D9%85-%D8%A7%D9%84%D8%A3%D8%B1%D8%A8%D8%B9%D8%A7%D8%A1-2015-5-6%09/2169778>: HTTP status code is not handled or not allowed
2026-03-29 11:39:46 [scrapy.spidermiddlewares.httperror] INFO: Ignoring response <400 https://www.youm7.com/story/2015/5/5/%D8%AD%D8%B8%D9%83-%D8%A7%D9%84%D9%8A%D9%88%D9%85-%D8%A8%D8%B1%D8%AC-%D8%A7%D9%84%D8%B9%D9%82%D8%B1%D8%A8-%D9%8A%D9%88%D9%85-%D8%A7%D9%84%D8%AB%D9%84%D8%A7%D8%AB%D8%A7%D8%A1-2015-5-5%09/2168334>: HTTP status code is not handled or not allowed
2026-03-29 11:39:46 [scrapy.spidermiddlewares.httperror] INFO: Ignoring response <400 https://www.youm7.com/story/2015/5/6/%D8%AD%D8%B8%D9%83-%D8%A7%D9%84%D9%8A%D9%88%D9%85-%D8%A8%D8%B1%D8%AC-%D8%A7%D9%84%D8%A3%D8%B3%D8%AF-%D9%8A%D9%88%D9%85-%D8%A7%D9%84%D8%A3%D8%B1%D8%A8%D8%B9%D8%A7%D8%A1-2015-5-6%09/2169787>: HTTP status code is not handled or not allowed
2026-03-29 11:39:46 [scrapy.spidermiddlewares.httperror] INFO: Ignoring response <400 https://www.youm7.com/story/2015/5/5/%D8%AD%D8%B8%D9%83-%D8%A7%D9%84%D9%8A%D9%88%D9%85-%D8%A8%D8%B1%D8%AC-%D8%A7%D9%84%D8%A3%D8%B3%D8%AF-%D9%8A%D9%88%D9%85-%D8%A7%D9%84%D8%AB%D9%84%D8%A7%D8%AB%D8%A7%D8%A1-2015-5-5%09/2168335>: HTTP status code is not handled or not allowed
2026-03-29 11:39:46 [scrapy.spidermiddlewares.httperror] INFO: Ignoring response <400 https://www.youm7.com/story/2015/5/5/%D8%AA%D9%88%D9%82%D8%B9%D8%A7%D8%AA-%D8%A7%D9%84%D8%A3%D8%A8%D8%B1%D8%A7%D8%AC-%D9%8A%D9%88%D9%85-%D8%A7%D9%84%D8%AB%D9%84%D8%A7%D8%AB%D8%A7%D8%A1-2015-5-5%09/2168352>: HTTP status code is not handled or not allowed
2026-03-29 11:39:46 [scrapy.spidermiddlewares.httperror] INFO: Ignoring response <400 https://www.youm7.com/story/2015/5/5/%D8%AD%D8%B8%D9%83-%D8%A7%D9%84%D9%8A%D9%88%D9%85-%D8%A8%D8%B1%D8%AC-%D8%A7%D9%84%D8%AC%D9%88%D8%B2%D8%A7%D8%A1-%D9%8A%D9%88%D9%85-%D8%A7%D9%84%D8%AB%D9%84%D8%A7%D8%AB%D8%A7%D8%A1-2015-5-5%09/2168339>: HTTP status code is not handled or not allowed
2026-03-29 11:39:46 [scrapy.spidermiddlewares.httperror] INFO: Ignoring response <400 https://www.youm7.com/story/2015/5/5/%D8%AD%D8%B8%D9%83-%D8%A7%D9%84%D9%8A%D9%88%D9%85-%D8%A8%D8%B1%D8%AC-%D8%A7%D9%84%D8%B9%D8%B0%D8%B1%D8%A7%D8%A1-%D9%8A%D9%88%D9%85-%D8%A7%D9%84%D8%AB%D9%84%D8%A7%D8%AB%D8%A7%D8%A1-2015-5-5%09/2168347>: HTTP status code is not handled or not allowed
2026-03-29 11:39:47 [scrapy.spidermiddlewares.httperror] INFO: Ignoring response <400 https://www.youm7.com/story/2015/4/12/%D8%AD%D8%B8%D9%83-%D8%A7%D9%84%D9%8A%D9%88%D9%85-%D8%A8%D8%B1%D8%AC-%D8%A7%D9%84%D8%AD%D9%88%D8%AA-%D9%8A%D9%88%D9%85-%D8%A7%D9%84%D8%A3%D8%AD%D8%AF-2015-4-12%09/2137702>: HTTP status code is not handled or not allowed
2026-03-29 11:39:47 [scrapy.spidermiddlewares.httperror] INFO: Ignoring response <400 https://www.youm7.com/story/2015/4/12/%D8%AD%D8%B8%D9%83-%D8%A7%D9%84%D9%8A%D9%88%D9%85-%D8%A8%D8%B1%D8%AC-%D8%A7%D9%84%D8%AC%D9%88%D8%B2%D8%A7%D8%A1-%D9%8A%D9%88%D9%85-%D8%A7%D9%84%D8%A3%D8%AD%D8%AF-2015-4-12%09/2137699>: HTTP status code is not handled or not allowed
2026-03-29 11:39:47 [scrapy.spidermiddlewares.httperror] INFO: Ignoring response <400 https://www.youm7.com/story/2015/4/12/%D8%AD%D8%B8%D9%83-%D8%A7%D9%84%D9%8A%D9%88%D9%85-%D8%A8%D8%B1%D8%AC-%D8%A7%D9%84%D8%B3%D8%B1%D8%B7%D8%A7%D9%86-%D9%8A%D9%88%D9%85-%D8%A7%D9%84%D8%A3%D8%AD%D8%AF-2015-4-12%09/2137705>: HTTP status code is not handled or not allowed
2026-03-29 11:39:47 [scrapy.spidermiddlewares.httperror] INFO: Ignoring response <400 https://www.youm7.com/story/2015/4/12/%D8%AD%D8%B8%D9%83-%D8%A7%D9%84%D9%8A%D9%88%D9%85-%D8%A8%D8%B1%D8%AC-%D8%A7%D9%84%D8%B9%D8%B0%D8%B1%D8%A7%D8%A1-%D9%8A%D9%88%D9%85-%D8%A7%D9%84%D8%A3%D8%AD%D8%AF-2015-4-12%09/2137706>: HTTP status code is not handled or not allowed
2026-03-29 11:39:47 [scrapy.spidermiddlewares.httperror] INFO: Ignoring response <400 https://www.youm7.com/story/2015/4/12/%D8%AD%D8%B8%D9%83-%D8%A7%D9%84%D9%8A%D9%88%D9%85-%D8%A8%D8%B1%D8%AC-%D8%A7%D9%84%D8%B9%D9%82%D8%B1%D8%A8-%D9%8A%D9%88%D9%85-%D8%A7%D9%84%D8%A3%D8%AD%D8%AF-2015-4-12%09/2137707>: HTTP status code is not handled or not allowed
2026-03-29 11:39:47 [scrapy.spidermiddlewares.httperror] INFO: Ignoring response <400 https://www.youm7.com/story/2015/4/12/%D8%AD%D8%B8%D9%83-%D8%A7%D9%84%D9%8A%D9%88%D9%85-%D8%A8%D8%B1%D8%AC-%D8%A7%D9%84%D9%85%D9%8A%D8%B2%D8%A7%D9%86-%D9%8A%D9%88%D9%85-%D8%A7%D9%84%D8%A3%D8%AD%D8%AF-2015-4-12%09/2137709>: HTTP status code is not handled or not allowed
2026-03-29 11:39:48 [scrapy.spidermiddlewares.httperror] INFO: Ignoring response <400 https://www.youm7.com/story/2015/4/10/%D8%AA%D9%88%D9%82%D8%B9%D8%A7%D8%AA-%D8%A7%D9%84%D8%A3%D8%A8%D8%B1%D8%A7%D8%AC-%D9%84%D9%8A%D9%88%D9%85-%D8%A7%D9%84%D8%AC%D9%85%D8%B9%D8%A9-2015-4-10%09/2135446>: HTTP status code is not handled or not allowed
2026-03-29 11:39:48 [scrapy.spidermiddlewares.httperror] INFO: Ignoring response <400 https://www.youm7.com/story/2015/4/9/%D8%AD%D8%B8%D9%83-%D8%A7%D9%84%D9%8A%D9%88%D9%85-%D8%A8%D8%B1%D8%AC-%D8%A7%D9%84%D8%AB%D9%88%D8%B1-%D9%8A%D9%88%D9%85-%D8%A7%D9%84%D8%AE%D9%85%D9%8A%D8%B3-2015-4-9%09/2134109>: HTTP status code is not handled or not allowed
2026-03-29 11:39:48 [scrapy.spidermiddlewares.httperror] INFO: Ignoring response <400 https://www.youm7.com/story/2015/4/27/%D8%AD%D8%B8%D9%83-%D8%A7%D9%84%D9%8A%D9%88%D9%85-%D8%A8%D8%B1%D8%AC-%D8%A7%D9%84%D8%AD%D9%88%D8%AA-%D9%8A%D9%88%D9%85-%D8%A7%D9%84%D8%A7%D8%AB%D9%86%D9%8A%D9%86-2015-4-27%09/2157618>: HTTP status code is not handled or not allowed
2026-03-29 11:39:48 [scrapy.spidermiddlewares.httperror] INFO: Ignoring response <400 https://www.youm7.com/story/2015/4/9/%D8%AD%D8%B8%D9%83-%D8%A7%D9%84%D9%8A%D9%88%D9%85-%D8%A8%D8%B1%D8%AC-%D8%A7%D9%84%D8%B3%D8%B1%D8%B7%D8%A7%D9%86-%D9%8A%D9%88%D9%85-%D8%A7%D9%84%D8%AE%D9%85%D9%8A%D8%B3-2015-4-9%09/2134116>: HTTP status code is not handled or not allowed
2026-03-29 11:39:48 [scrapy.spidermiddlewares.httperror] INFO: Ignoring response <400 https://www.youm7.com/story/2015/4/9/%D8%AD%D8%B8%D9%83-%D8%A7%D9%84%D9%8A%D9%88%D9%85-%D8%A8%D8%B1%D8%AC-%D8%A7%D9%84%D8%AF%D9%84%D9%88-%D9%8A%D9%88%D9%85-%D8%A7%D9%84%D8%AE%D9%85%D9%8A%D8%B3-2015-4-9%09/2134119>: HTTP status code is not handled or not allowed
2026-03-29 11:39:48 [scrapy.spidermiddlewares.httperror] INFO: Ignoring response <400 https://www.youm7.com/story/2015/4/27/%D8%AD%D8%B8%D9%83-%D8%A7%D9%84%D9%8A%D9%88%D9%85-%D8%A8%D8%B1%D8%AC-%D8%A7%D9%84%D8%AF%D9%84%D9%88-%D9%8A%D9%88%D9%85-%D8%A7%D9%84%D8%A7%D8%AB%D9%86%D9%8A%D9%86-2015-4-27%09/2157622>: HTTP status code is not handled or not allowed
2026-03-29 11:39:48 [scrapy.spidermiddlewares.httperror] INFO: Ignoring response <400 https://www.youm7.com/story/2015/4/26/%D8%AD%D8%B8%D9%83-%D8%A7%D9%84%D9%8A%D9%88%D9%85-%D8%A8%D8%B1%D8%AC-%D8%A7%D9%84%D8%AD%D9%88%D8%AA-%D9%8A%D9%88%D9%85-%D8%A7%D9%84%D8%A3%D8%AD%D8%AF-2015-4-26%09/2156148>: HTTP status code is not handled or not allowed
2026-03-29 11:39:48 [scrapy.spidermiddlewares.httperror] INFO: Ignoring response <400 https://www.youm7.com/story/2015/4/26/%D8%AD%D8%B8%D9%83-%D8%A7%D9%84%D9%8A%D9%88%D9%85-%D8%A8%D8%B1%D8%AC-%D8%A7%D9%84%D8%AD%D9%85%D9%84-%D9%8A%D9%88%D9%85-%D8%A7%D9%84%D8%A3%D8%AD%D8%AF-2015-4-26%09/2156144>: HTTP status code is not handled or not allowed
2026-03-29 11:39:48 [scrapy.spidermiddlewares.httperror] INFO: Ignoring response <400 https://www.youm7.com/story/2015/4/26/%D8%AD%D8%B8%D9%83-%D8%A7%D9%84%D9%8A%D9%88%D9%85-%D8%A8%D8%B1%D8%AC-%D8%A7%D9%84%D8%AC%D8%AF%D9%89-%D9%8A%D9%88%D9%85-%D8%A7%D9%84%D8%A3%D8%AD%D8%AF-2015-4-26%09/2156138>: HTTP status code is not handled or not allowed
2026-03-29 11:39:49 [scrapy.spidermiddlewares.httperror] INFO: Ignoring response <400 https://www.youm7.com/story/2015/4/24/%D8%AA%D9%88%D9%82%D8%B9%D8%A7%D8%AA-%D8%A7%D9%84%D8%A3%D8%A8%D8%B1%D8%A7%D8%AC-%D9%8A%D9%88%D9%85-%D8%A7%D9%84%D8%AC%D9%85%D8%B9%D8%A9-2015-4-24%09/2153919>: HTTP status code is not handled or not allowed
2026-03-29 11:39:49 [scrapy.spidermiddlewares.httperror] INFO: Ignoring response <400 https://www.youm7.com/story/2015/5/10/%D8%AD%D8%B8%D9%83-%D8%A7%D9%84%D9%8A%D9%88%D9%85-%D8%A8%D8%B1%D8%AC-%D8%A7%D9%84%D8%B9%D9%82%D8%B1%D8%A8-%D9%8A%D9%88%D9%85-%D8%A7%D9%84%D8%A3%D8%AD%D8%AF-2015-5-10%09/2175015>: HTTP status code is not handled or not allowed
2026-03-29 11:39:49 [scrapy.spidermiddlewares.httperror] INFO: Ignoring response <400 https://www.youm7.com/story/2015/5/10/%D8%AD%D8%B8%D9%83-%D8%A7%D9%84%D9%8A%D9%88%D9%85-%D8%A8%D8%B1%D8%AC-%D8%A7%D9%84%D9%85%D9%8A%D8%B2%D8%A7%D9%86-%D9%8A%D9%88%D9%85-%D8%A7%D9%84%D8%A3%D8%AD%D8%AF-2015-5-10%09/2175020>: HTTP status code is not handled or not allowed
2026-03-29 11:39:49 [scrapy.spidermiddlewares.httperror] INFO: Ignoring response <400 https://www.youm7.com/story/2015/5/8/%D8%AA%D9%88%D9%82%D8%B9%D8%A7%D8%AA-%D8%A7%D9%84%D8%A3%D8%A8%D8%B1%D8%A7%D8%AC-%D9%8A%D9%88%D9%85-%D8%A7%D9%84%D8%AC%D9%85%D8%B9%D8%A9-2015-5-8%09/2172643>: HTTP status code is not handled or not allowed
2026-03-29 11:39:49 [scrapy.spidermiddlewares.httperror] INFO: Ignoring response <400 https://www.youm7.com/story/2015/5/8/%D8%AD%D8%B8%D9%83-%D8%A7%D9%84%D9%8A%D9%88%D9%85-%D8%A8%D8%B1%D8%AC-%D8%A7%D9%84%D8%AC%D8%AF%D9%89-%D9%8A%D9%88%D9%85-%D8%A7%D9%84%D8%AC%D9%85%D8%B9%D8%A9-2015-5-8%09/2172605>: HTTP status code is not handled or not allowed
2026-03-29 11:39:49 [scrapy.spidermiddlewares.httperror] INFO: Ignoring response <400 https://www.youm7.com/story/2015/5/8/%D8%AD%D8%B8%D9%83-%D8%A7%D9%84%D9%8A%D9%88%D9%85-%D8%A8%D8%B1%D8%AC-%D8%A7%D9%84%D8%AD%D9%85%D9%84-%D9%8A%D9%88%D9%85-%D8%A7%D9%84%D8%AC%D9%85%D8%B9%D8%A9-2015-5-8%09/2172609>: HTTP status code is not handled or not allowed
2026-03-29 11:39:49 [scrapy.spidermiddlewares.httperror] INFO: Ignoring response <400 https://www.youm7.com/story/2015/5/8/%D8%AD%D8%B8%D9%83-%D8%A7%D9%84%D9%8A%D9%88%D9%85-%D8%A8%D8%B1%D8%AC-%D8%A7%D9%84%D8%AB%D9%88%D8%B1-%D9%8A%D9%88%D9%85-%D8%A7%D9%84%D8%AC%D9%85%D8%B9%D8%A9-2015-5-8%09/2172603>: HTTP status code is not handled or not allowed
2026-03-29 11:39:49 [scrapy.spidermiddlewares.httperror] INFO: Ignoring response <400 https://www.youm7.com/story/2015/5/8/%D8%AD%D8%B8%D9%83-%D8%A7%D9%84%D9%8A%D9%88%D9%85-%D8%A8%D8%B1%D8%AC-%D8%A7%D9%84%D8%B9%D8%B0%D8%B1%D8%A7%D8%A1-%D9%8A%D9%88%D9%85-%D8%A7%D9%84%D8%AC%D9%85%D8%B9%D8%A9-2015-5-8%09/2172618>: HTTP status code is not handled or not allowed
2026-03-29 11:39:50 [scrapy.spidermiddlewares.httperror] INFO: Ignoring response <400 https://www.youm7.com/story/2015/5/8/%D8%AD%D8%B8%D9%83-%D8%A7%D9%84%D9%8A%D9%88%D9%85-%D8%A8%D8%B1%D8%AC-%D8%A7%D9%84%D9%85%D9%8A%D8%B2%D8%A7%D9%86-%D9%8A%D9%88%D9%85-%D8%A7%D9%84%D8%AC%D9%85%D8%B9%D8%A9-2015-5-8%09/2172627>: HTTP status code is not handled or not allowed
2026-03-29 11:39:50 [scrapy.spidermiddlewares.httperror] INFO: Ignoring response <400 https://www.youm7.com/story/2015/4/15/%D8%AD%D8%B8%D9%83-%D8%A7%D9%84%D9%8A%D9%88%D9%85-%D8%A8%D8%B1%D8%AC-%D8%A7%D9%84%D8%AF%D9%84%D9%88-%D9%8A%D9%88%D9%85-%D8%A7%D9%84%D8%A3%D8%B1%D8%A8%D8%B9%D8%A7%D8%A1-2015-4-15%09/2141621>: HTTP status code is not handled or not allowed
2026-03-29 11:39:50 [scrapy.spidermiddlewares.httperror] INFO: Ignoring response <400 https://www.youm7.com/story/2015/4/14/%D8%AD%D8%B8%D9%83-%D8%A7%D9%84%D9%8A%D9%88%D9%85-%D8%A8%D8%B1%D8%AC-%D8%A7%D9%84%D9%82%D9%88%D8%B3-%D9%8A%D9%88%D9%85-%D8%A7%D9%84%D8%AB%D9%84%D8%A7%D8%AB%D8%A7%D8%A1-2015-4-14%09/2140207>: HTTP status code is not handled or not allowed
2026-03-29 11:39:50 [scrapy.spidermiddlewares.httperror] INFO: Ignoring response <400 https://www.youm7.com/story/2015/4/14/%D8%AA%D9%88%D9%82%D8%B9%D8%A7%D8%AA-%D8%A7%D9%84%D8%A3%D8%A8%D8%B1%D8%A7%D8%AC-%D9%84%D9%8A%D9%88%D9%85-%D8%A7%D9%84%D8%AB%D9%84%D8%A7%D8%AB%D8%A7%D8%A1-2015-4-14%09/2140213>: HTTP status code is not handled or not allowed
2026-03-29 11:39:50 [scrapy.spidermiddlewares.httperror] INFO: Ignoring response <400 https://www.youm7.com/story/2015/4/14/%D8%AD%D8%B8%D9%83-%D8%A7%D9%84%D9%8A%D9%88%D9%85-%D8%A8%D8%B1%D8%AC-%D8%A7%D9%84%D8%B9%D9%82%D8%B1%D8%A8-%D9%8A%D9%88%D9%85-%D8%A7%D9%84%D8%AB%D9%84%D8%A7%D8%AB%D8%A7%D8%A1-2015-4-14%09/2140206>: HTTP status code is not handled or not allowed
2026-03-29 11:39:50 [scrapy.spidermiddlewares.httperror] INFO: Ignoring response <400 https://www.youm7.com/story/2015/4/15/%D8%AD%D8%B8%D9%83-%D8%A7%D9%84%D9%8A%D9%88%D9%85-%D8%A8%D8%B1%D8%AC-%D8%A7%D9%84%D9%85%D9%8A%D8%B2%D8%A7%D9%86-%D9%8A%D9%88%D9%85-%D8%A7%D9%84%D8%A3%D8%B1%D8%A8%D8%B9%D8%A7%D8%A1-2015-4-15%09/2141628>: HTTP status code is not handled or not allowed
2026-03-29 11:39:50 [scrapy.spidermiddlewares.httperror] INFO: Ignoring response <400 https://www.youm7.com/story/2015/4/14/%D8%AD%D8%B8%D9%83-%D8%A7%D9%84%D9%8A%D9%88%D9%85-%D8%A8%D8%B1%D8%AC-%D8%A7%D9%84%D8%AD%D9%88%D8%AA-%D9%8A%D9%88%D9%85-%D8%A7%D9%84%D8%AB%D9%84%D8%A7%D8%AB%D8%A7%D8%A1-2015-4-14%09/2140211>: HTTP status code is not handled or not allowed
2026-03-29 11:39:50 [scrapy.spidermiddlewares.httperror] INFO: Ignoring response <400 https://www.youm7.com/story/2015/4/14/%D8%AD%D8%B8%D9%83-%D8%A7%D9%84%D9%8A%D9%88%D9%85-%D8%A8%D8%B1%D8%AC-%D8%A7%D9%84%D9%85%D9%8A%D8%B2%D8%A7%D9%86-%D9%8A%D9%88%D9%85-%D8%A7%D9%84%D8%AB%D9%84%D8%A7%D8%AB%D8%A7%D8%A1-2015-4-14-%09/2140204>: HTTP status code is not handled or not allowed
2026-03-29 11:39:50 [scrapy.spidermiddlewares.httperror] INFO: Ignoring response <400 https://www.youm7.com/story/2015/4/14/%D8%AD%D8%B8%D9%83-%D8%A7%D9%84%D9%8A%D9%88%D9%85-%D8%A8%D8%B1%D8%AC-%D8%A7%D9%84%D8%AD%D9%85%D9%84-%D9%8A%D9%88%D9%85-%D8%A7%D9%84%D8%AB%D9%84%D8%A7%D8%AB%D8%A7%D8%A1-2015-4-14%09/2140214>: HTTP status code is not handled or not allowed
2026-03-29 11:39:50 [scrapy.spidermiddlewares.httperror] INFO: Ignoring response <400 https://www.youm7.com/story/2015/4/14/%D8%AD%D8%B8%D9%83-%D8%A7%D9%84%D9%8A%D9%88%D9%85-%D8%A8%D8%B1%D8%AC-%D8%A7%D9%84%D8%B3%D8%B1%D8%B7%D8%A7%D9%86-%D9%8A%D9%88%D9%85-%D8%A7%D9%84%D8%AB%D9%84%D8%A7%D8%AB%D8%A7%D8%A1-2015-4-14%09/2140205>: HTTP status code is not handled or not allowed
2026-03-29 11:39:50 [scrapy.spidermiddlewares.httperror] INFO: Ignoring response <400 https://www.youm7.com/story/2015/4/14/%D8%AD%D8%B8%D9%83-%D8%A7%D9%84%D9%8A%D9%88%D9%85-%D8%A8%D8%B1%D8%AC-%D8%A7%D9%84%D8%A3%D8%B3%D8%AF-%D9%8A%D9%88%D9%85-%D8%A7%D9%84%D8%AB%D9%84%D8%A7%D8%AB%D8%A7%D8%A1-2015-4-14%09/2140219>: HTTP status code is not handled or not allowed
2026-03-29 11:39:50 [scrapy.spidermiddlewares.httperror] INFO: Ignoring response <400 https://www.youm7.com/story/2015/4/14/%D8%AD%D8%B8%D9%83-%D8%A7%D9%84%D9%8A%D9%88%D9%85-%D8%A8%D8%B1%D8%AC-%D8%A7%D9%84%D8%AC%D9%88%D8%B2%D8%A7%D8%A1-%D9%8A%D9%88%D9%85-%D8%A7%D9%84%D8%AB%D9%84%D8%A7%D8%AB%D8%A7%D8%A1-2015-4-14%09/2140215>: HTTP status code is not handled or not allowed
2026-03-29 11:39:50 [scrapy.spidermiddlewares.httperror] INFO: Ignoring response <400 https://www.youm7.com/story/2015/4/14/%D8%AD%D8%B8%D9%83-%D8%A7%D9%84%D9%8A%D9%88%D9%85-%D8%A8%D8%B1%D8%AC-%D8%A7%D9%84%D8%AC%D8%AF%D9%89-%D9%8A%D9%88%D9%85-%D8%A7%D9%84%D8%AB%D9%84%D8%A7%D8%AB%D8%A7%D8%A1-2015-4-14%09/2140216>: HTTP status code is not handled or not allowed
2026-03-29 11:39:50 [scrapy.spidermiddlewares.httperror] INFO: Ignoring response <400 https://www.youm7.com/story/2015/4/14/%D8%AD%D8%B8%D9%83-%D8%A7%D9%84%D9%8A%D9%88%D9%85-%D8%A8%D8%B1%D8%AC-%D8%A7%D9%84%D8%AB%D9%88%D8%B1-%D9%8A%D9%88%D9%85-%D8%A7%D9%84%D8%AB%D9%84%D8%A7%D8%AB%D8%A7%D8%A1-2015-4-14%09/2140218>: HTTP status code is not handled or not allowed
2026-03-29 11:39:50 [scrapy.spidermiddlewares.httperror] INFO: Ignoring response <400 https://www.youm7.com/story/2015/4/12/%D8%AD%D8%B8%D9%83-%D8%A7%D9%84%D9%8A%D9%88%D9%85-%D8%A8%D8%B1%D8%AC-%D8%A7%D9%84%D8%AB%D9%88%D8%B1-%D9%8A%D9%88%D9%85-%D8%A7%D9%84%D8%A3%D8%AD%D8%AF-2015-4-12%09/2137696>: HTTP status code is not handled or not allowed
2026-03-29 11:39:51 [scrapy.spidermiddlewares.httperror] INFO: Ignoring response <400 https://www.youm7.com/story/2015/4/5/%D8%AD%D8%B8%D9%83-%D8%A7%D9%84%D9%8A%D9%88%D9%85-%D8%A8%D8%B1%D8%AC-%D8%A7%D9%84%D8%AB%D9%88%D8%B1-%D9%8A%D9%88%D9%85-%D8%A7%D9%84%D8%A3%D8%AD%D8%AF-2015-4-5%09/2129226>: HTTP status code is not handled or not allowed
2026-03-29 11:39:51 [scrapy.spidermiddlewares.httperror] INFO: Ignoring response <400 https://www.youm7.com/story/2015/4/5/%D8%AD%D8%B8%D9%83-%D8%A7%D9%84%D9%8A%D9%88%D9%85-%D8%A8%D8%B1%D8%AC-%D8%A7%D9%84%D8%B9%D9%82%D8%B1%D8%A8-%D9%8A%D9%88%D9%85-%D8%A7%D9%84%D8%A3%D8%AD%D8%AF-2015-4-5%09/2129241>: HTTP status code is not handled or not allowed
2026-03-29 11:39:52 [scrapy.spidermiddlewares.httperror] INFO: Ignoring response <400 https://www.youm7.com/story/2015/4/2/%D8%AD%D8%B8%D9%83-%D8%A7%D9%84%D9%8A%D9%88%D9%85-%D8%A8%D8%B1%D8%AC-%D8%A7%D9%84%D8%AF%D9%84%D9%88-%D9%8A%D9%88%D9%85-%D8%A7%D9%84%D8%AE%D9%85%D9%8A%D8%B3-2015-4-2%09/2125947>: HTTP status code is not handled or not allowed
2026-03-29 11:39:53 [scrapy.spidermiddlewares.httperror] INFO: Ignoring response <400 https://www.youm7.com/story/2015/4/2/%D8%AD%D8%B8%D9%83-%D8%A7%D9%84%D9%8A%D9%88%D9%85-%D8%A8%D8%B1%D8%AC-%D8%A7%D9%84%D8%AD%D9%88%D8%AA-%D9%8A%D9%88%D9%85-%D8%A7%D9%84%D8%AE%D9%85%D9%8A%D8%B3-2015-4-2%09/2125946>: HTTP status code is not handled or not allowed
2026-03-29 11:39:53 [scrapy.spidermiddlewares.httperror] INFO: Ignoring response <400 https://www.youm7.com/story/2015/4/2/%D8%AD%D8%B8%D9%83-%D8%A7%D9%84%D9%8A%D9%88%D9%85-%D8%A8%D8%B1%D8%AC-%D8%A7%D9%84%D9%85%D9%8A%D8%B2%D8%A7%D9%86-%D9%8A%D9%88%D9%85-%D8%A7%D9%84%D8%AE%D9%85%D9%8A%D8%B3-2015-4-2%09/2125955>: HTTP status code is not handled or not allowed
2026-03-29 11:39:53 [scrapy.spidermiddlewares.httperror] INFO: Ignoring response <400 https://www.youm7.com/story/2015/4/2/%D8%AD%D8%B8%D9%83-%D8%A7%D9%84%D9%8A%D9%88%D9%85-%D8%A8%D8%B1%D8%AC-%D8%A7%D9%84%D8%B3%D8%B1%D8%B7%D8%A7%D9%86-%D9%8A%D9%88%D9%85-%D8%A7%D9%84%D8%AE%D9%85%D9%8A%D8%B3-2015-4-2%09/2125949>: HTTP status code is not handled or not allowed
2026-03-29 11:39:53 [scrapy.spidermiddlewares.httperror] INFO: Ignoring response <400 https://www.youm7.com/story/2015/4/1/%D8%AD%D8%B8%D9%83-%D8%A7%D9%84%D9%8A%D9%88%D9%85-%D8%A8%D8%B1%D8%AC-%D8%A7%D9%84%D8%AC%D8%AF%D9%89-%D9%8A%D9%88%D9%85-%D8%A7%D9%84%D8%A3%D8%B1%D8%A8%D8%B9%D8%A7%D8%A1-2015-4-1%09/2124728>: HTTP status code is not handled or not allowed
2026-03-29 11:39:53 [scrapy.spidermiddlewares.httperror] INFO: Ignoring response <400 https://www.youm7.com/story/2015/4/1/%D8%AD%D8%B8%D9%83-%D8%A7%D9%84%D9%8A%D9%88%D9%85-%D8%A8%D8%B1%D8%AC-%D8%A7%D9%84%D8%AF%D9%84%D9%88-%D9%8A%D9%88%D9%85-%D8%A7%D9%84%D8%A3%D8%B1%D8%A8%D8%B9%D8%A7%D8%A1-2015-4-1%09/2124723>: HTTP status code is not handled or not allowed
2026-03-29 11:39:53 [scrapy.spidermiddlewares.httperror] INFO: Ignoring response <400 https://www.youm7.com/story/2015/4/1/%D8%AD%D8%B8%D9%83-%D8%A7%D9%84%D9%8A%D9%88%D9%85-%D8%A8%D8%B1%D8%AC-%D8%A7%D9%84%D8%AD%D9%88%D8%AA-%D9%8A%D9%88%D9%85-%D8%A7%D9%84%D8%A3%D8%B1%D8%A8%D8%B9%D8%A7%D8%A1-2015-4-1%09/2124725>: HTTP status code is not handled or not allowed
2026-03-29 11:39:53 [scrapy.spidermiddlewares.httperror] INFO: Ignoring response <400 https://www.youm7.com/story/2015/3/30/%D8%AD%D8%B8%D9%83-%D8%A7%D9%84%D9%8A%D9%88%D9%85-%D8%A8%D8%B1%D8%AC-%D8%A7%D9%84%D8%B3%D8%B1%D8%B7%D8%A7%D9%86-%D9%8A%D9%88%D9%85-%D8%A7%D9%84%D8%A7%D8%AB%D9%86%D9%8A%D9%86-30-3-2015%09/2122338>: HTTP status code is not handled or not allowed
2026-03-29 11:39:53 [scrapy.spidermiddlewares.httperror] INFO: Ignoring response <400 https://www.youm7.com/story/2015/3/30/%D8%AD%D8%B8%D9%83-%D8%A7%D9%84%D9%8A%D9%88%D9%85-%D8%A8%D8%B1%D8%AC-%D8%A7%D9%84%D8%B9%D9%82%D8%B1%D8%A8-%D9%8A%D9%88%D9%85-%D8%A7%D9%84%D8%A7%D8%AB%D9%86%D9%8A%D9%86-2015-3-30%09/2122343>: HTTP status code is not handled or not allowed
2026-03-29 11:39:54 [scrapy.spidermiddlewares.httperror] INFO: Ignoring response <400 https://www.youm7.com/story/2015/4/24/%D8%AD%D8%B8%D9%83-%D8%A7%D9%84%D9%8A%D9%88%D9%85-%D8%A8%D8%B1%D8%AC-%D8%A7%D9%84%D8%AB%D9%88%D8%B1-%D9%8A%D9%88%D9%85-%D8%A7%D9%84%D8%AC%D9%85%D8%B9%D8%A9-24-4-2015-%09/2153897>: HTTP status code is not handled or not allowed
2026-03-29 11:39:54 [scrapy.spidermiddlewares.httperror] INFO: Ignoring response <400 https://www.youm7.com/story/2015/4/24/%D8%AD%D8%B8%D9%83-%D8%A7%D9%84%D9%8A%D9%88%D9%85-%D8%A8%D8%B1%D8%AC-%D8%A7%D9%84%D8%AF%D9%84%D9%88-%D9%8A%D9%88%D9%85-%D8%A7%D9%84%D8%AC%D9%85%D8%B9%D8%A9-2015-4-24%09/2153906>: HTTP status code is not handled or not allowed
2026-03-29 11:39:54 [scrapy.spidermiddlewares.httperror] INFO: Ignoring response <400 https://www.youm7.com/story/2015/4/22/%D8%AA%D9%88%D9%82%D8%B9%D8%A7%D8%AA-%D8%A7%D9%84%D8%A3%D8%A8%D8%B1%D8%A7%D8%AC-%D9%8A%D9%88%D9%85-%D8%A7%D9%84%D8%A3%D8%B1%D8%A8%D8%B9%D8%A7%D8%A1-2015-4-22%09/2151030>: HTTP status code is not handled or not allowed
2026-03-29 11:39:54 [scrapy.spidermiddlewares.httperror] INFO: Ignoring response <400 https://www.youm7.com/story/2015/4/24/%D8%AD%D8%B8%D9%83-%D8%A7%D9%84%D9%8A%D9%88%D9%85-%D8%A8%D8%B1%D8%AC-%D8%A7%D9%84%D8%AC%D9%88%D8%B2%D8%A7%D8%A1-%D9%8A%D9%88%D9%85-%D8%A7%D9%84%D8%AC%D9%85%D8%B9%D8%A9-2015-4-24%09/2153900>: HTTP status code is not handled or not allowed
2026-03-29 11:39:54 [scrapy.spidermiddlewares.httperror] INFO: Ignoring response <400 https://www.youm7.com/story/2015/4/24/%D8%AD%D8%B8%D9%83-%D8%A7%D9%84%D9%8A%D9%88%D9%85-%D8%A8%D8%B1%D8%AC-%D8%A7%D9%84%D8%AD%D9%85%D9%84-%D9%8A%D9%88%D9%85-%D8%A7%D9%84%D8%AC%D9%85%D8%B9%D8%A9-2015-4-24%09/2153903>: HTTP status code is not handled or not allowed
2026-03-29 11:39:54 [scrapy.spidermiddlewares.httperror] INFO: Ignoring response <400 https://www.youm7.com/story/2015/4/24/%D8%AD%D8%B8%D9%83-%D8%A7%D9%84%D9%8A%D9%88%D9%85-%D8%A8%D8%B1%D8%AC-%D8%A7%D9%84%D8%B9%D8%B0%D8%B1%D8%A7%D8%A1-%D9%8A%D9%88%D9%85-%D8%A7%D9%84%D8%AC%D9%85%D8%B9%D8%A9-2015-4-24%09/2153910>: HTTP status code is not handled or not allowed
2026-03-29 11:39:54 [scrapy.spidermiddlewares.httperror] INFO: Ignoring response <400 https://www.youm7.com/story/2015/4/22/%D8%AD%D8%B8%D9%83-%D8%A7%D9%84%D9%8A%D9%88%D9%85-%D8%A8%D8%B1%D8%AC-%D8%A7%D9%84%D8%B9%D9%82%D8%B1%D8%A8-%D9%8A%D9%88%D9%85-%D8%A7%D9%84%D8%A3%D8%B1%D8%A8%D8%B9%D8%A7%D8%A1-2015-4-22%09/2150958>: HTTP status code is not handled or not allowed
2026-03-29 11:39:54 [scrapy.spidermiddlewares.httperror] INFO: Ignoring response <400 https://www.youm7.com/story/2015/4/22/%D8%AD%D8%B8%D9%83-%D8%A7%D9%84%D9%8A%D9%88%D9%85-%D8%A8%D8%B1%D8%AC-%D8%A7%D9%84%D8%AF%D9%84%D9%88-%D9%8A%D9%88%D9%85-%D8%A7%D9%84%D8%A3%D8%B1%D8%A8%D8%B9%D8%A7%D8%A1-2015-4-22%09/2150969>: HTTP status code is not handled or not allowed
2026-03-29 11:39:55 [scrapy.spidermiddlewares.httperror] INFO: Ignoring response <400 https://www.youm7.com/story/2015/4/22/%D8%AD%D8%B8%D9%83-%D8%A7%D9%84%D9%8A%D9%88%D9%85-%D8%A8%D8%B1%D8%AC-%D8%A7%D9%84%D8%AC%D9%88%D8%B2%D8%A7%D8%A1-%D9%8A%D9%88%D9%85-%D8%A7%D9%84%D8%A3%D8%B1%D8%A8%D8%B9%D8%A7%D8%A1-2015-4-22%09/2150979>: HTTP status code is not handled or not allowed
2026-03-29 11:39:55 [scrapy.spidermiddlewares.httperror] INFO: Ignoring response <400 https://www.youm7.com/story/2015/4/22/%D8%AD%D8%B8%D9%83-%D8%A7%D9%84%D9%8A%D9%88%D9%85-%D8%A8%D8%B1%D8%AC-%D8%A7%D9%84%D8%B9%D8%B0%D8%B1%D8%A7%D8%A1-%D9%8A%D9%88%D9%85-%D8%A7%D9%84%D8%A3%D8%B1%D8%A8%D8%B9%D8%A7%D8%A1-2015-4-22%09/2150959>: HTTP status code is not handled or not allowed
2026-03-29 11:39:55 [scrapy.spidermiddlewares.httperror] INFO: Ignoring response <400 https://www.youm7.com/story/2015/4/22/%D8%AD%D8%B8%D9%83-%D8%A7%D9%84%D9%8A%D9%88%D9%85-%D8%A8%D8%B1%D8%AC-%D8%A7%D9%84%D8%AD%D9%85%D9%84-%D9%8A%D9%88%D9%85-%D8%A7%D9%84%D8%A3%D8%B1%D8%A8%D8%B9%D8%A7%D8%A1-2015-4-22%09/2150972>: HTTP status code is not handled or not allowed
2026-03-29 11:39:55 [scrapy.spidermiddlewares.httperror] INFO: Ignoring response <400 https://www.youm7.com/story/2015/4/22/%D8%AD%D8%B8%D9%83-%D8%A7%D9%84%D9%8A%D9%88%D9%85-%D8%A8%D8%B1%D8%AC-%D8%A7%D9%84%D8%AB%D9%88%D8%B1-%D9%8A%D9%88%D9%85-%D8%A7%D9%84%D8%A3%D8%B1%D8%A8%D8%B9%D8%A7%D8%A1-2015-4-22%09/2150982>: HTTP status code is not handled or not allowed
2026-03-29 11:39:55 [scrapy.spidermiddlewares.httperror] INFO: Ignoring response <400 https://www.youm7.com/story/2015/4/22/%D8%AD%D8%B8%D9%83-%D8%A7%D9%84%D9%8A%D9%88%D9%85-%D8%A8%D8%B1%D8%AC-%D8%A7%D9%84%D8%A3%D8%B3%D8%AF-%D9%8A%D9%88%D9%85-%D8%A7%D9%84%D8%A3%D8%B1%D8%A8%D8%B9%D8%A7%D8%A1-2015-4-22%09/2150983>: HTTP status code is not handled or not allowed
2026-03-29 11:39:59 [scrapy.spidermiddlewares.httperror] INFO: Ignoring response <400 https://www.youm7.com/story/2015/2/24/%D8%AA%D9%88%D9%82%D8%B9%D8%A7%D8%AA-%D8%A7%D9%84%D8%A3%D8%A8%D8%B1%D8%A7%D8%AC-%D9%8A%D9%88%D9%85-%D8%A7%D9%84%D8%AB%D9%84%D8%A7%D8%AB%D8%A7%D8%A1-2015-2-24-%09/2079907>: HTTP status code is not handled or not allowed
2026-03-29 11:39:59 [scrapy.spidermiddlewares.httperror] INFO: Ignoring response <400 https://www.youm7.com/story/2015/2/25/%D8%AD%D8%B8%D9%83-%D8%A7%D9%84%D9%8A%D9%88%D9%85-%D8%A8%D8%B1%D8%AC-%D8%A7%D9%84%D8%AD%D9%88%D8%AA-%D9%8A%D9%88%D9%85-%D8%A7%D9%84%D8%A3%D8%B1%D8%A8%D8%B9%D8%A7%D8%A1-2015-2-25%09/2081442>: HTTP status code is not handled or not allowed
2026-03-29 11:40:04 [scrapy.spidermiddlewares.httperror] INFO: Ignoring response <400 https://www.youm7.com/story/2015/3/1/%D8%AD%D8%B8%D9%83-%D8%A7%D9%84%D9%8A%D9%88%D9%85-%D8%A8%D8%B1%D8%AC-%D8%A7%D9%84%D8%B9%D9%82%D8%B1%D8%A8-%D9%8A%D9%88%D9%85-%D8%A7%D9%84%D8%A3%D8%AD%D8%AF-2015-3-1%09/2086727>: HTTP status code is not handled or not allowed
2026-03-29 11:40:04 [scrapy.spidermiddlewares.httperror] INFO: Ignoring response <400 https://www.youm7.com/story/2015/3/20/%D8%AD%D8%B8%D9%83-%D8%A7%D9%84%D9%8A%D9%88%D9%85-%D8%A8%D8%B1%D8%AC-%D8%A7%D9%84%D8%AB%D9%88%D8%B1-%D9%8A%D9%88%D9%85-%D8%A7%D9%84%D8%AC%D9%85%D8%B9%D8%A9-2015-3-20%09/2111703>: HTTP status code is not handled or not allowed
2026-03-29 11:40:04 [scrapy.spidermiddlewares.httperror] INFO: Ignoring response <400 https://www.youm7.com/story/2015/3/20/%D8%AD%D8%B8%D9%83-%D8%A7%D9%84%D9%8A%D9%88%D9%85-%D8%A8%D8%B1%D8%AC-%D8%A7%D9%84%D8%AD%D9%85%D9%84-%D9%8A%D9%88%D9%85-%D8%A7%D9%84%D8%AC%D9%85%D8%B9%D8%A9-2015-3-20%09/2111710>: HTTP status code is not handled or not allowed
2026-03-29 11:40:04 [scrapy.spidermiddlewares.httperror] INFO: Ignoring response <400 https://www.youm7.com/story/2015/3/20/%D8%AD%D8%B8%D9%83-%D8%A7%D9%84%D9%8A%D9%88%D9%85-%D8%A8%D8%B1%D8%AC-%D8%A7%D9%84%D8%B3%D8%B1%D8%B7%D8%A7%D9%86-%D9%8A%D9%88%D9%85-%D8%A7%D9%84%D8%AC%D9%85%D8%B9%D8%A9-2015-3-20%09/2111716>: HTTP status code is not handled or not allowed
2026-03-29 11:40:04 [scrapy.spidermiddlewares.httperror] INFO: Ignoring response <400 https://www.youm7.com/story/2015/3/20/%D8%AD%D8%B8%D9%83-%D8%A7%D9%84%D9%8A%D9%88%D9%85-%D8%A8%D8%B1%D8%AC-%D8%A7%D9%84%D9%82%D9%88%D8%B3-%D9%8A%D9%88%D9%85-%D8%A7%D9%84%D8%AC%D9%85%D8%B9%D8%A9-2015-3-20%09/2111719>: HTTP status code is not handled or not allowed
2026-03-29 11:40:04 [scrapy.spidermiddlewares.httperror] INFO: Ignoring response <400 https://www.youm7.com/story/2015/3/19/%D8%AD%D8%B8%D9%83-%D8%A7%D9%84%D9%8A%D9%88%D9%85-%D8%A8%D8%B1%D8%AC-%D8%A7%D9%84%D8%A3%D8%B3%D8%AF-%D9%8A%D9%88%D9%85-%D8%A7%D9%84%D8%AE%D9%85%D9%8A%D8%B3-2015-3-19%09/2110630>: HTTP status code is not handled or not allowed
2026-03-29 11:40:04 [scrapy.spidermiddlewares.httperror] INFO: Ignoring response <400 https://www.youm7.com/story/2015/3/19/%D8%AD%D8%B8%D9%83-%D8%A7%D9%84%D9%8A%D9%88%D9%85-%D8%A8%D8%B1%D8%AC-%D8%A7%D9%84%D8%AC%D8%AF%D9%89-%D9%8A%D9%88%D9%85-%D8%A7%D9%84%D8%AE%D9%85%D9%8A%D8%B3-2015-3-19%09/2110634>: HTTP status code is not handled or not allowed
2026-03-29 11:40:04 [scrapy.spidermiddlewares.httperror] INFO: Ignoring response <400 https://www.youm7.com/story/2015/3/19/%D8%AD%D8%B8%D9%83-%D8%A7%D9%84%D9%8A%D9%88%D9%85-%D8%A8%D8%B1%D8%AC-%D8%A7%D9%84%D8%B3%D8%B1%D8%B7%D8%A7%D9%86-%D9%8A%D9%88%D9%85-%D8%A7%D9%84%D8%AE%D9%85%D9%8A%D8%B3-2015-3-19%09/2110646>: HTTP status code is not handled or not allowed
2026-03-29 11:40:07 [scrapy.spidermiddlewares.httperror] INFO: Ignoring response <400 https://www.youm7.com/story/2015/3/26/%D8%AD%D8%B8%D9%83-%D8%A7%D9%84%D9%8A%D9%88%D9%85-%D8%A8%D8%B1%D8%AC-%D8%A7%D9%84%D8%AF%D9%84%D9%88-%D9%8A%D9%88%D9%85-%D8%A7%D9%84%D8%AE%D9%85%D9%8A%D8%B3-2015-3-26%09/2117768>: HTTP status code is not handled or not allowed
2026-03-29 11:40:08 [scrapy.spidermiddlewares.httperror] INFO: Ignoring response <400 https://www.youm7.com/story/2015/3/26/%D8%AD%D8%B8%D9%83-%D8%A7%D9%84%D9%8A%D9%88%D9%85-%D8%A8%D8%B1%D8%AC-%D8%A7%D9%84%D9%82%D9%88%D8%B3-%D9%8A%D9%88%D9%85-%D8%A7%D9%84%D8%AE%D9%85%D9%8A%D8%B3-2015-3-26%09/2117775>: HTTP status code is not handled or not allowed
2026-03-29 11:40:09 [scrapy.spidermiddlewares.httperror] INFO: Ignoring response <400 https://www.youm7.com/story/2015/3/19/%D8%AD%D8%B8%D9%83-%D8%A7%D9%84%D9%8A%D9%88%D9%85-%D8%A8%D8%B1%D8%AC-%D8%A7%D9%84%D8%B9%D9%82%D8%B1%D8%A8-%D9%8A%D9%88%D9%85-%D8%A7%D9%84%D8%AE%D9%85%D9%8A%D8%B3-2015-3-19%09%09/2110649>: HTTP status code is not handled or not allowed
2026-03-29 11:40:10 [scrapy.spidermiddlewares.httperror] INFO: Ignoring response <400 https://www.youm7.com/story/2015/4/15/%D8%AD%D8%B8%D9%83-%D8%A7%D9%84%D9%8A%D9%88%D9%85-%D8%A8%D8%B1%D8%AC-%D8%A7%D9%84%D8%AD%D9%88%D8%AA-%D9%8A%D9%88%D9%85-%D8%A7%D9%84%D8%A3%D8%B1%D8%A8%D8%B9%D8%A7%D8%A1-2015-4-15%09/2141619>: HTTP status code is not handled or not allowed
2026-03-29 11:40:10 [scrapy.spidermiddlewares.httperror] INFO: Ignoring response <400 https://www.youm7.com/story/2015/4/29/%D8%AD%D8%B8%D9%83-%D8%A7%D9%84%D9%8A%D9%88%D9%85-%D8%A8%D8%B1%D8%AC-%D8%A7%D9%84%D8%AC%D9%88%D8%B2%D8%A7%D8%A1-%D9%8A%D9%88%D9%85-%D8%A7%D9%84%D8%A3%D8%B1%D8%A8%D8%B9%D8%A7%D8%A1-2015-4-29%09/2160459>: HTTP status code is not handled or not allowed
2026-03-29 11:40:10 [scrapy.spidermiddlewares.httperror] INFO: Ignoring response <400 https://www.youm7.com/story/2015/4/30/%D8%AD%D8%B8%D9%83-%D8%A7%D9%84%D9%8A%D9%88%D9%85-%D8%A8%D8%B1%D8%AC-%D8%A7%D9%84%D9%85%D9%8A%D8%B2%D8%A7%D9%86-%D9%8A%D9%88%D9%85-%D8%A7%D9%84%D8%AE%D9%85%D9%8A%D8%B3-30-4-2015%09/2161862>: HTTP status code is not handled or not allowed
2026-03-29 11:40:10 [scrapy.spidermiddlewares.httperror] INFO: Ignoring response <400 https://www.youm7.com/story/2015/4/16/%D8%AD%D8%B8%D9%83-%D8%A7%D9%84%D9%8A%D9%88%D9%85-%D8%A8%D8%B1%D8%AC-%D8%A7%D9%84%D8%B9%D9%82%D8%B1%D8%A8-%D9%8A%D9%88%D9%85-%D8%A7%D9%84%D8%AE%D9%85%D9%8A%D8%B3-2015-4-16-%09/2142942>: HTTP status code is not handled or not allowed
2026-03-29 11:40:10 [scrapy.spidermiddlewares.httperror] INFO: Ignoring response <400 https://www.youm7.com/story/2015/4/30/%D8%AD%D8%B8%D9%83-%D8%A7%D9%84%D9%8A%D9%88%D9%85-%D8%A8%D8%B1%D8%AC-%D8%A7%D9%84%D8%AC%D9%88%D8%B2%D8%A7%D8%A1-%D9%8A%D9%88%D9%85-%D8%A7%D9%84%D8%AE%D9%85%D9%8A%D8%B3-30-4-2015%09/2161875>: HTTP status code is not handled or not allowed
2026-03-29 11:40:10 [scrapy.spidermiddlewares.httperror] INFO: Ignoring response <400 https://www.youm7.com/story/2015/4/30/%D8%AD%D8%B8%D9%83-%D8%A7%D9%84%D9%8A%D9%88%D9%85-%D8%A8%D8%B1%D8%AC-%D8%A7%D9%84%D8%AB%D9%88%D8%B1-%D9%8A%D9%88%D9%85-%D8%A7%D9%84%D8%AE%D9%85%D9%8A%D8%B3-30-4-2015%09/2161879>: HTTP status code is not handled or not allowed
2026-03-29 11:40:10 [scrapy.spidermiddlewares.httperror] INFO: Ignoring response <400 https://www.youm7.com/story/2015/4/29/%D8%AD%D8%B8%D9%83-%D8%A7%D9%84%D9%8A%D9%88%D9%85-%D8%A8%D8%B1%D8%AC-%D8%A7%D9%84%D8%AD%D9%85%D9%84-%D9%8A%D9%88%D9%85-%D8%A7%D9%84%D8%A3%D8%B1%D8%A8%D8%B9%D8%A7%D8%A1-2015-4-29%09/2160460>: HTTP status code is not handled or not allowed
2026-03-29 11:40:10 [scrapy.spidermiddlewares.httperror] INFO: Ignoring response <400 https://www.youm7.com/story/2015/4/29/%D8%AD%D8%B8%D9%83-%D8%A7%D9%84%D9%8A%D9%88%D9%85-%D8%A8%D8%B1%D8%AC-%D8%A7%D9%84%D8%AD%D9%88%D8%AA-%D9%8A%D9%88%D9%85-%D8%A7%D9%84%D8%A3%D8%B1%D8%A8%D8%B9%D8%A7%D8%A1-2015-4-29%09/2160462>: HTTP status code is not handled or not allowed
2026-03-29 11:40:10 [scrapy.spidermiddlewares.httperror] INFO: Ignoring response <400 https://www.youm7.com/story/2015/4/29/%D8%AD%D8%B8%D9%83-%D8%A7%D9%84%D9%8A%D9%88%D9%85-%D8%A8%D8%B1%D8%AC-%D8%A7%D9%84%D9%85%D9%8A%D8%B2%D8%A7%D9%86-%D9%8A%D9%88%D9%85-%D8%A7%D9%84%D8%A3%D8%B1%D8%A8%D8%B9%D8%A7%D8%A1-2015-4-29%09/2160466>: HTTP status code is not handled or not allowed
2026-03-29 11:40:10 [scrapy.spidermiddlewares.httperror] INFO: Ignoring response <400 https://www.youm7.com/story/2015/4/29/%D8%AD%D8%B8%D9%83-%D8%A7%D9%84%D9%8A%D9%88%D9%85-%D8%A8%D8%B1%D8%AC-%D8%A7%D9%84%D8%B9%D8%B0%D8%B1%D8%A7%D8%A1-%D9%8A%D9%88%D9%85-%D8%A7%D9%84%D8%A3%D8%B1%D8%A8%D8%B9%D8%A7%D8%A1-2015-4-29%09/2160481>: HTTP status code is not handled or not allowed
2026-03-29 11:40:10 [scrapy.spidermiddlewares.httperror] INFO: Ignoring response <400 https://www.youm7.com/story/2015/4/29/%D8%AD%D8%B8%D9%83-%D8%A7%D9%84%D9%8A%D9%88%D9%85-%D8%A8%D8%B1%D8%AC-%D8%A7%D9%84%D8%B9%D9%82%D8%B1%D8%A8-%D9%8A%D9%88%D9%85-%D8%A7%D9%84%D8%A3%D8%B1%D8%A8%D8%B9%D8%A7%D8%A1-2015-4-29%09/2160470>: HTTP status code is not handled or not allowed
2026-03-29 11:40:10 [scrapy.spidermiddlewares.httperror] INFO: Ignoring response <400 https://www.youm7.com/story/2015/4/28/%D8%AA%D9%88%D9%82%D8%B9%D8%A7%D8%AA-%D8%A7%D9%84%D8%A3%D8%A8%D8%B1%D8%A7%D8%AC-%D9%8A%D9%88%D9%85-%D8%A7%D9%84%D8%AB%D9%84%D8%A7%D8%AB%D8%A7%D8%A1-2015-4-28%09/2159022>: HTTP status code is not handled or not allowed
2026-03-29 11:40:10 [scrapy.spidermiddlewares.httperror] INFO: Ignoring response <400 https://www.youm7.com/story/2015/4/28/%D8%AD%D8%B8%D9%83-%D8%A7%D9%84%D9%8A%D9%88%D9%85-%D8%A8%D8%B1%D8%AC-%D8%A7%D9%84%D8%AC%D8%AF%D9%89-%D9%8A%D9%88%D9%85-%D8%A7%D9%84%D8%AB%D9%84%D8%A7%D8%AB%D8%A7%D8%A1-2015-4-28%09/2159003>: HTTP status code is not handled or not allowed
2026-03-29 11:40:10 [scrapy.spidermiddlewares.httperror] INFO: Ignoring response <400 https://www.youm7.com/story/2015/4/29/%D8%AD%D8%B8%D9%83-%D8%A7%D9%84%D9%8A%D9%88%D9%85-%D8%A8%D8%B1%D8%AC-%D8%A7%D9%84%D9%82%D9%88%D8%B3-%D9%8A%D9%88%D9%85-%D8%A7%D9%84%D8%A3%D8%B1%D8%A8%D8%B9%D8%A7%D8%A1-2015-4-29%09/2160468>: HTTP status code is not handled or not allowed
2026-03-29 11:40:10 [scrapy.spidermiddlewares.httperror] INFO: Ignoring response <400 https://www.youm7.com/story/2015/4/28/%D8%AD%D8%B8%D9%83-%D8%A7%D9%84%D9%8A%D9%88%D9%85-%D8%A8%D8%B1%D8%AC-%D8%A7%D9%84%D8%AF%D9%84%D9%88-%D9%8A%D9%88%D9%85-%D8%A7%D9%84%D8%AB%D9%84%D8%A7%D8%AB%D8%A7%D8%A1-2015-4-28%09/2159010>: HTTP status code is not handled or not allowed
2026-03-29 11:40:10 [scrapy.spidermiddlewares.httperror] INFO: Ignoring response <400 https://www.youm7.com/story/2015/4/29/%D8%AD%D8%B8%D9%83-%D8%A7%D9%84%D9%8A%D9%88%D9%85-%D8%A8%D8%B1%D8%AC-%D8%A7%D9%84%D8%A3%D8%B3%D8%AF-%D9%8A%D9%88%D9%85-%D8%A7%D9%84%D8%A3%D8%B1%D8%A8%D8%B9%D8%A7%D8%A1-2015-4-29%09/2160490>: HTTP status code is not handled or not allowed
2026-03-29 11:40:10 [scrapy.spidermiddlewares.httperror] INFO: Ignoring response <400 https://www.youm7.com/story/2015/4/28/%D8%AD%D8%B8%D9%83-%D8%A7%D9%84%D9%8A%D9%88%D9%85-%D8%A8%D8%B1%D8%AC-%D8%A7%D9%84%D8%A3%D8%B3%D8%AF-%D9%8A%D9%88%D9%85-%D8%A7%D9%84%D8%AB%D9%84%D8%A7%D8%AB%D8%A7%D8%A1-2015-4-28%09/2158999>: HTTP status code is not handled or not allowed
2026-03-29 11:40:10 [scrapy.spidermiddlewares.httperror] INFO: Ignoring response <400 https://www.youm7.com/story/2015/4/28/%D8%AD%D8%B8%D9%83-%D8%A7%D9%84%D9%8A%D9%88%D9%85-%D8%A8%D8%B1%D8%AC-%D8%A7%D9%84%D9%82%D9%88%D8%B3-%D9%8A%D9%88%D9%85-%D8%A7%D9%84%D8%AB%D9%84%D8%A7%D8%AB%D8%A7%D8%A1-2015-4-28%09/2159018>: HTTP status code is not handled or not allowed
2026-03-29 11:40:10 [scrapy.spidermiddlewares.httperror] INFO: Ignoring response <400 https://www.youm7.com/story/2015/4/21/%D8%AD%D8%B8%D9%83-%D8%A7%D9%84%D9%8A%D9%88%D9%85-%D8%A8%D8%B1%D8%AC-%D8%A7%D9%84%D8%AF%D9%84%D9%88-%D9%8A%D9%88%D9%85-%D8%A7%D9%84%D8%AB%D9%84%D8%A7%D8%AB%D8%A7%D8%A1-2015-4-21%09%09/2149538>: HTTP status code is not handled or not allowed
2026-03-29 11:40:10 [scrapy.spidermiddlewares.httperror] INFO: Ignoring response <400 https://www.youm7.com/story/2015/4/28/%D8%AD%D8%B8%D9%83-%D8%A7%D9%84%D9%8A%D9%88%D9%85-%D8%A8%D8%B1%D8%AC-%D8%A7%D9%84%D8%B3%D8%B1%D8%B7%D8%A7%D9%86-%D9%8A%D9%88%D9%85-%D8%A7%D9%84%D8%AB%D9%84%D8%A7%D8%AB%D8%A7%D8%A1-2015-4-28%09/2159012>: HTTP status code is not handled or not allowed
2026-03-29 11:40:10 [scrapy.spidermiddlewares.httperror] INFO: Ignoring response <400 https://www.youm7.com/story/2015/4/21/%D8%AA%D9%88%D9%82%D8%B9%D8%A7%D8%AA-%D8%A7%D9%84%D8%A3%D8%A8%D8%B1%D8%A7%D8%AC-%D9%8A%D9%88%D9%85-%D8%A7%D9%84%D8%AB%D9%84%D8%A7%D8%AB%D8%A7%D8%A1-2015-4-21%09/2149546>: HTTP status code is not handled or not allowed
2026-03-29 11:40:10 [scrapy.spidermiddlewares.httperror] INFO: Ignoring response <400 https://www.youm7.com/story/2015/4/28/%D8%AD%D8%B8%D9%83-%D8%A7%D9%84%D9%8A%D9%88%D9%85-%D8%A8%D8%B1%D8%AC-%D8%A7%D9%84%D9%85%D9%8A%D8%B2%D8%A7%D9%86-%D9%8A%D9%88%D9%85-%D8%A7%D9%84%D8%AB%D9%84%D8%A7%D8%AB%D8%A7%D8%A1-2015-4-28-%09/2159019>: HTTP status code is not handled or not allowed
2026-03-29 11:40:10 [scrapy.spidermiddlewares.httperror] INFO: Ignoring response <400 https://www.youm7.com/story/2015/4/21/%D8%AD%D8%B8%D9%83-%D8%A7%D9%84%D9%8A%D9%88%D9%85-%D8%A8%D8%B1%D8%AC-%D8%A7%D9%84%D8%B9%D9%82%D8%B1%D8%A8-%D9%8A%D9%88%D9%85-%D8%A7%D9%84%D8%AB%D9%84%D8%A7%D8%AB%D8%A7%D8%A1-2015-4-21%09/2149541>: HTTP status code is not handled or not allowed
2026-03-29 11:40:10 [scrapy.spidermiddlewares.httperror] INFO: Ignoring response <400 https://www.youm7.com/story/2015/4/21/%D8%AD%D8%B8%D9%83-%D8%A7%D9%84%D9%8A%D9%88%D9%85-%D8%A8%D8%B1%D8%AC-%D8%A7%D9%84%D8%B3%D8%B1%D8%B7%D8%A7%D9%86-%D9%8A%D9%88%D9%85-%D8%A7%D9%84%D8%AB%D9%84%D8%A7%D8%AB%D8%A7%D8%A1-2015-4-21%09/2149539>: HTTP status code is not handled or not allowed
2026-03-29 11:40:10 [scrapy.spidermiddlewares.httperror] INFO: Ignoring response <400 https://www.youm7.com/story/2015/4/21/%D8%AD%D8%B8%D9%83-%D8%A7%D9%84%D9%8A%D9%88%D9%85-%D8%A8%D8%B1%D8%AC-%D8%A7%D9%84%D9%82%D9%88%D8%B3-%D9%8A%D9%88%D9%85-%D8%A7%D9%84%D8%AB%D9%84%D8%A7%D8%AB%D8%A7%D8%A1-2015-4-21%09/2149544>: HTTP status code is not handled or not allowed
2026-03-29 11:40:10 [scrapy.spidermiddlewares.httperror] INFO: Ignoring response <400 https://www.youm7.com/story/2015/4/21/%D8%AD%D8%B8%D9%83-%D8%A7%D9%84%D9%8A%D9%88%D9%85-%D8%A8%D8%B1%D8%AC-%D8%A7%D9%84%D8%AB%D9%88%D8%B1-%D9%8A%D9%88%D9%85-%D8%A7%D9%84%D8%AB%D9%84%D8%A7%D8%AB%D8%A7%D8%A1-2015-4-21%09/2149553>: HTTP status code is not handled or not allowed
2026-03-29 11:40:10 [scrapy.spidermiddlewares.httperror] INFO: Ignoring response <400 https://www.youm7.com/story/2015/4/21/%D8%AD%D8%B8%D9%83-%D8%A7%D9%84%D9%8A%D9%88%D9%85-%D8%A8%D8%B1%D8%AC-%D8%A7%D9%84%D8%A3%D8%B3%D8%AF-%D9%8A%D9%88%D9%85-%D8%A7%D9%84%D8%AB%D9%84%D8%A7%D8%AB%D8%A7%D8%A1-2015-4-21%09/2149548>: HTTP status code is not handled or not allowed
2026-03-29 11:40:10 [scrapy.spidermiddlewares.httperror] INFO: Ignoring response <400 https://www.youm7.com/story/2015/4/21/%D8%AD%D8%B8%D9%83-%D8%A7%D9%84%D9%8A%D9%88%D9%85-%D8%A8%D8%B1%D8%AC-%D8%A7%D9%84%D8%AD%D9%85%D9%84-%D9%8A%D9%88%D9%85-%D8%A7%D9%84%D8%AB%D9%84%D8%A7%D8%AB%D8%A7%D8%A1-2015-4-21%09/2149558>: HTTP status code is not handled or not allowed
2026-03-29 11:40:10 [scrapy.spidermiddlewares.httperror] INFO: Ignoring response <400 https://www.youm7.com/story/2015/4/21/%D8%AD%D8%B8%D9%83-%D8%A7%D9%84%D9%8A%D9%88%D9%85-%D8%A8%D8%B1%D8%AC-%D8%A7%D9%84%D8%AC%D8%AF%D9%89-%D9%8A%D9%88%D9%85-%D8%A7%D9%84%D8%AB%D9%84%D8%A7%D8%AB%D8%A7%D8%A1-2015-4-21%09%09/2149556>: HTTP status code is not handled or not allowed
2026-03-29 11:40:10 [scrapy.spidermiddlewares.httperror] INFO: Ignoring response <400 https://www.youm7.com/story/2015/4/21/%D8%AD%D8%B8%D9%83-%D8%A7%D9%84%D9%8A%D9%88%D9%85-%D8%A8%D8%B1%D8%AC-%D8%A7%D9%84%D8%AC%D9%88%D8%B2%D8%A7%D8%A1-%D9%8A%D9%88%D9%85-%D8%A7%D9%84%D8%AB%D9%84%D8%A7%D8%AB%D8%A7%D8%A1-2015-4-21%09/2149559>: HTTP status code is not handled or not allowed
2026-03-29 11:40:11 [scrapy.spidermiddlewares.httperror] INFO: Ignoring response <400 https://www.youm7.com/story/2015/4/20/%D8%AD%D8%B8%D9%83-%D8%A7%D9%84%D9%8A%D9%88%D9%85-%D8%A8%D8%B1%D8%AC-%D8%A7%D9%84%D8%AC%D9%88%D8%B2%D8%A7%D8%A1-%D9%8A%D9%88%D9%85-%D8%A7%D9%84%D8%A7%D8%AB%D9%86%D9%8A%D9%86-2015-4-20%09/2148073>: HTTP status code is not handled or not allowed
2026-03-29 11:40:11 [scrapy.spidermiddlewares.httperror] INFO: Ignoring response <400 https://www.youm7.com/story/2015/4/19/%D8%AA%D9%88%D9%82%D8%B9%D8%A7%D8%AA-%D8%A7%D9%84%D8%A3%D8%A8%D8%B1%D8%A7%D8%AC-%D9%8A%D9%88%D9%85-%D8%A7%D9%84%D8%A3%D8%AD%D8%AF-2015-4-19%09/2146597>: HTTP status code is not handled or not allowed
2026-03-29 11:40:11 [scrapy.spidermiddlewares.httperror] INFO: Ignoring response <400 https://www.youm7.com/story/2015/4/19/%D8%AD%D8%B8%D9%83-%D8%A7%D9%84%D9%8A%D9%88%D9%85-%D8%A8%D8%B1%D8%AC-%D8%A7%D9%84%D8%B9%D8%B0%D8%B1%D8%A7%D8%A1-%D9%8A%D9%88%D9%85-%D8%A7%D9%84%D8%A3%D8%AD%D8%AF-2015-4-19%09/2146592>: HTTP status code is not handled or not allowed
2026-03-29 11:40:11 [scrapy.spidermiddlewares.httperror] INFO: Ignoring response <400 https://www.youm7.com/story/2015/4/19/%D8%AD%D8%B8%D9%83-%D8%A7%D9%84%D9%8A%D9%88%D9%85-%D8%A8%D8%B1%D8%AC-%D8%A7%D9%84%D8%AD%D9%85%D9%84-%D9%8A%D9%88%D9%85-%D8%A7%D9%84%D8%A3%D8%AD%D8%AF-2015-4-19%09/2146587>: HTTP status code is not handled or not allowed
2026-03-29 11:40:11 [scrapy.spidermiddlewares.httperror] INFO: Ignoring response <400 https://www.youm7.com/story/2015/4/19/%D8%AD%D8%B8%D9%83-%D8%A7%D9%84%D9%8A%D9%88%D9%85-%D8%A8%D8%B1%D8%AC-%D8%A7%D9%84%D8%AB%D9%88%D8%B1-%D9%8A%D9%88%D9%85-%D8%A7%D9%84%D8%A3%D8%AD%D8%AF-2015-4-19%09/2146584>: HTTP status code is not handled or not allowed
2026-03-29 11:40:14 [scrapy.spidermiddlewares.httperror] INFO: Ignoring response <400 https://www.youm7.com/story/2015/2/27/%D8%AD%D8%B8%D9%83-%D8%A7%D9%84%D9%8A%D9%88%D9%85-%D8%A8%D8%B1%D8%AC-%D8%A7%D9%84%D8%A3%D8%B3%D8%AF-%D9%8A%D9%88%D9%85-%D8%A7%D9%84%D8%AC%D9%85%D8%B9%D8%A9-2015-2-27%09/2084426>: HTTP status code is not handled or not allowed
2026-03-29 11:40:14 [scrapy.spidermiddlewares.httperror] INFO: Ignoring response <400 https://www.youm7.com/story/2015/2/27/%D8%AD%D8%B8%D9%83-%D8%A7%D9%84%D9%8A%D9%88%D9%85-%D8%A8%D8%B1%D8%AC-%D8%A7%D9%84%D8%AD%D9%85%D9%84-%D9%8A%D9%88%D9%85-%D8%A7%D9%84%D8%AC%D9%85%D8%B9%D8%A9-2015-2-27%09/2084421>: HTTP status code is not handled or not allowed
2026-03-29 11:40:14 [scrapy.spidermiddlewares.httperror] INFO: Ignoring response <400 https://www.youm7.com/story/2015/4/9/%D8%AD%D8%B8%D9%83-%D8%A7%D9%84%D9%8A%D9%88%D9%85-%D8%A8%D8%B1%D8%AC-%D8%A7%D9%84%D9%82%D9%88%D8%B3-%D9%8A%D9%88%D9%85-%D8%A7%D9%84%D8%AE%D9%85%D9%8A%D8%B3-2015-4-9%09/2134123>: HTTP status code is not handled or not allowed
2026-03-29 11:40:14 [scrapy.spidermiddlewares.httperror] INFO: Ignoring response <400 https://www.youm7.com/story/2015/4/9/%D8%AD%D8%B8%D9%83-%D8%A7%D9%84%D9%8A%D9%88%D9%85-%D8%A8%D8%B1%D8%AC-%D8%A7%D9%84%D9%85%D9%8A%D8%B2%D8%A7%D9%86-%D9%8A%D9%88%D9%85-%D8%A7%D9%84%D8%AE%D9%85%D9%8A%D8%B3-2015-4-9%09/2134121>: HTTP status code is not handled or not allowed
2026-03-29 11:40:14 [scrapy.spidermiddlewares.httperror] INFO: Ignoring response <400 https://www.youm7.com/story/2015/4/9/%D8%AD%D8%B8%D9%83-%D8%A7%D9%84%D9%8A%D9%88%D9%85-%D8%A8%D8%B1%D8%AC-%D8%A7%D9%84%D8%AC%D8%AF%D9%89-%D9%8A%D9%88%D9%85-%D8%A7%D9%84%D8%AE%D9%85%D9%8A%D8%B3-2015-4-9%09/2134114>: HTTP status code is not handled or not allowed
2026-03-29 11:40:14 [scrapy.spidermiddlewares.httperror] INFO: Ignoring response <400 https://www.youm7.com/story/2015/4/9/%D8%AD%D8%B8%D9%83-%D8%A7%D9%84%D9%8A%D9%88%D9%85-%D8%A8%D8%B1%D8%AC-%D8%A7%D9%84%D8%AD%D9%88%D8%AA-%D9%8A%D9%88%D9%85-%D8%A7%D9%84%D8%AE%D9%85%D9%8A%D8%B3-2015-4-9%09/2134115>: HTTP status code is not handled or not allowed
2026-03-29 11:40:14 [scrapy.spidermiddlewares.httperror] INFO: Ignoring response <400 https://www.youm7.com/story/2015/4/9/%D8%AD%D8%B8%D9%83-%D8%A7%D9%84%D9%8A%D9%88%D9%85-%D8%A8%D8%B1%D8%AC-%D8%A7%D9%84%D8%AC%D9%88%D8%B2%D8%A7%D8%A1-%D9%8A%D9%88%D9%85-%D8%A7%D9%84%D8%AE%D9%85%D9%8A%D8%B3-2015-4-9%09/2134110>: HTTP status code is not handled or not allowed
2026-03-29 11:40:14 [scrapy.spidermiddlewares.httperror] INFO: Ignoring response <400 https://www.youm7.com/story/2015/4/8/%D8%AD%D8%B8%D9%83-%D8%A7%D9%84%D9%8A%D9%88%D9%85-%D8%A8%D8%B1%D8%AC-%D8%A7%D9%84%D8%AD%D9%88%D8%AA-%D9%8A%D9%88%D9%85-%D8%A7%D9%84%D8%A3%D8%B1%D8%A8%D8%B9%D8%A7%D8%A1-2015-4-8%09/2132900>: HTTP status code is not handled or not allowed
2026-03-29 11:40:14 [scrapy.spidermiddlewares.httperror] INFO: Ignoring response <400 https://www.youm7.com/story/2015/4/6/%D8%AD%D8%B8%D9%83-%D8%A7%D9%84%D9%8A%D9%88%D9%85-%D8%A8%D8%B1%D8%AC-%D8%A7%D9%84%D8%AC%D9%88%D8%B2%D8%A7%D8%A1-%D9%8A%D9%88%D9%85-%D8%A7%D9%84%D8%A7%D8%AB%D9%86%D9%8A%D9%86-2015-4-6%09/2130458>: HTTP status code is not handled or not allowed
2026-03-29 11:40:15 [scrapy.spidermiddlewares.httperror] INFO: Ignoring response <400 https://www.youm7.com/story/2015/3/22/%D8%AD%D8%B8%D9%83-%D8%A7%D9%84%D9%8A%D9%88%D9%85-%D8%A8%D8%B1%D8%AC-%D8%A7%D9%84%D8%AD%D9%85%D9%84-%D9%8A%D9%88%D9%85-%D8%A7%D9%84%D8%A3%D8%AD%D8%AF-2015-3-22%09/2113485>: HTTP status code is not handled or not allowed
2026-03-29 11:40:15 [scrapy.spidermiddlewares.httperror] INFO: Ignoring response <400 https://www.youm7.com/story/2015/3/23/%D8%AD%D8%B8%D9%83-%D8%A7%D9%84%D9%8A%D9%88%D9%85-%D8%A8%D8%B1%D8%AC-%D8%A7%D9%84%D8%B3%D8%B1%D8%B7%D8%A7%D9%86-%D9%8A%D9%88%D9%85-%D8%A7%D9%84%D8%A7%D8%AB%D9%86%D9%8A%D9%86-2015-3-23%09/2114560>: HTTP status code is not handled or not allowed
2026-03-29 11:40:15 [scrapy.spidermiddlewares.httperror] INFO: Ignoring response <400 https://www.youm7.com/story/2015/3/23/%D8%AD%D8%B8%D9%83-%D8%A7%D9%84%D9%8A%D9%88%D9%85-%D8%A8%D8%B1%D8%AC-%D8%A7%D9%84%D9%85%D9%8A%D8%B2%D8%A7%D9%86-%D9%8A%D9%88%D9%85-%D8%A7%D9%84%D8%A7%D8%AB%D9%86%D9%8A%D9%86-2015-3-23%09/2114567>: HTTP status code is not handled or not allowed
2026-03-29 11:40:17 [scrapy.core.engine] INFO: Closing spider (finished)
2026-03-29 11:40:17 [scrapy.extensions.feedexport] INFO: Stored jsonl feed (48187 items) in: G:\coding\python\web_scraping\Youm7\youm7_scrape\data\raw\your_horoscope_today.jsonl
2026-03-29 11:40:17 [scrapy.statscollectors] INFO: Dumping Scrapy stats:
{'downloader/exception_count': 54,
 'downloader/exception_type_count/twisted.internet.error.TimeoutError': 15,
 'downloader/exception_type_count/twisted.web._newclient.ResponseNeverReceived': 39,
 'downloader/request_bytes': 22178130,
 'downloader/request_count': 48613,
 'downloader/request_method_count/GET': 48613,
 'downloader/response_bytes': 1083851010,
 'downloader/response_count': 48559,
 'downloader/response_status_count/200': 48187,
 'downloader/response_status_count/301': 186,
 'downloader/response_status_count/400': 186,
 'dupefilter/filtered': 747,
 'elapsed_time_seconds': 770.287527,
 'feedexport/success_count/FileFeedStorage': 1,
 'finish_reason': 'finished',
 'finish_time': datetime.datetime(2026, 3, 29, 9, 40, 17, 657797, tzinfo=datetime.timezone.utc),
 'httpcompression/response_bytes': 4832089942,
 'httpcompression/response_count': 48187,
 'httperror/response_ignored_count': 186,
 'httperror/response_ignored_status_count/400': 186,
 'item_scraped_count': 48187,
 'items_per_minute': 3754.8311688311687,
 'log_count/INFO': 215,
 'response_received_count': 48373,
 'responses_per_minute': 3769.3246753246754,
 'retry/count': 54,
 'retry/reason_count/twisted.internet.error.TimeoutError': 15,
 'retry/reason_count/twisted.web._newclient.ResponseNeverReceived': 39,
 'scheduler/dequeued': 48613,
 'scheduler/dequeued/memory': 48613,
 'scheduler/enqueued': 48613,
 'scheduler/enqueued/memory': 48613,
 'start_time': datetime.datetime(2026, 3, 29, 9, 27, 27, 370270, tzinfo=datetime.timezone.utc)}
2026-03-29 11:40:17 [scrapy.core.engine] INFO: Spider closed (finished)
